[rl] Using Torch backend
INFO:train.py:Using configuration: banana
INFO:train.py:Using seed = 0
INFO:train.py:Running in headless mode
DEBUG:unityagents:The true file name is Banana
INFO:unityagents:
'Academy' started successfully!
Unity Academy name: Academy
        Number of Brains: 1
        Number of External Brains : 1
        Lesson number : 0
        Reset Parameters :
		
Unity brain name: BananaBrain
        Number of Visual Observations (per agent): 0
        Vector Observation space type: continuous
        Vector Observation space size (per agent): 37
        Number of stacked Vector Observation: 1
        Vector Action space type: discrete
        Vector Action space size (per agent): 4
        Vector Action descriptions: , , , 
INFO:root:Checkpoint dir : checkpoints/banana
DEBUG:simulator.py:[Training 1/1000 episodes] ε: 1.0000, Best: -inf, Avg: 0.00, Steps: 300
DEBUG:simulator.py:[Training 2/1000 episodes] ε: 0.9950, Best: -inf, Avg: 1.00, Steps: 300
DEBUG:simulator.py:[Training 3/1000 episodes] ε: 0.9900, Best: -inf, Avg: 0.33, Steps: 300
DEBUG:simulator.py:[Training 4/1000 episodes] ε: 0.9851, Best: -inf, Avg: -0.50, Steps: 300
DEBUG:simulator.py:[Training 5/1000 episodes] ε: 0.9801, Best: -inf, Avg: -0.80, Steps: 300
DEBUG:simulator.py:[Training 6/1000 episodes] ε: 0.9752, Best: -inf, Avg: -0.50, Steps: 300
DEBUG:simulator.py:[Training 7/1000 episodes] ε: 0.9704, Best: -inf, Avg: -0.43, Steps: 300
DEBUG:simulator.py:[Training 8/1000 episodes] ε: 0.9655, Best: -inf, Avg: -0.75, Steps: 300
DEBUG:simulator.py:[Training 9/1000 episodes] ε: 0.9607, Best: -inf, Avg: -0.67, Steps: 300
DEBUG:simulator.py:[Training 10/1000 episodes] ε: 0.9559, Best: -inf, Avg: -0.60, Steps: 300
DEBUG:simulator.py:[Training 11/1000 episodes] ε: 0.9511, Best: -inf, Avg: -0.45, Steps: 300
DEBUG:simulator.py:[Training 12/1000 episodes] ε: 0.9464, Best: -inf, Avg: -0.33, Steps: 300
DEBUG:simulator.py:[Training 13/1000 episodes] ε: 0.9416, Best: -inf, Avg: -0.23, Steps: 300
DEBUG:simulator.py:[Training 14/1000 episodes] ε: 0.9369, Best: -inf, Avg: -0.21, Steps: 300
DEBUG:simulator.py:[Training 15/1000 episodes] ε: 0.9322, Best: -inf, Avg: -0.20, Steps: 300
DEBUG:simulator.py:[Training 16/1000 episodes] ε: 0.9276, Best: -inf, Avg: 0.12, Steps: 300
DEBUG:simulator.py:[Training 17/1000 episodes] ε: 0.9229, Best: -inf, Avg: 0.12, Steps: 300
DEBUG:simulator.py:[Training 18/1000 episodes] ε: 0.9183, Best: -inf, Avg: 0.06, Steps: 300
DEBUG:simulator.py:[Training 19/1000 episodes] ε: 0.9137, Best: -inf, Avg: 0.00, Steps: 300
DEBUG:simulator.py:[Training 20/1000 episodes] ε: 0.9092, Best: -inf, Avg: -0.05, Steps: 300
DEBUG:simulator.py:[Training 21/1000 episodes] ε: 0.9046, Best: -inf, Avg: -0.05, Steps: 300
DEBUG:simulator.py:[Training 22/1000 episodes] ε: 0.9001, Best: -inf, Avg: -0.05, Steps: 300
DEBUG:simulator.py:[Training 23/1000 episodes] ε: 0.8956, Best: -inf, Avg: -0.13, Steps: 300
DEBUG:simulator.py:[Training 24/1000 episodes] ε: 0.8911, Best: -inf, Avg: -0.12, Steps: 300
DEBUG:simulator.py:[Training 25/1000 episodes] ε: 0.8867, Best: -inf, Avg: -0.08, Steps: 300
DEBUG:simulator.py:[Training 26/1000 episodes] ε: 0.8822, Best: -inf, Avg: -0.08, Steps: 300
DEBUG:simulator.py:[Training 27/1000 episodes] ε: 0.8778, Best: -inf, Avg: -0.15, Steps: 300
DEBUG:simulator.py:[Training 28/1000 episodes] ε: 0.8734, Best: -inf, Avg: -0.18, Steps: 300
DEBUG:simulator.py:[Training 29/1000 episodes] ε: 0.8691, Best: -inf, Avg: -0.10, Steps: 300
DEBUG:simulator.py:[Training 30/1000 episodes] ε: 0.8647, Best: -inf, Avg: -0.07, Steps: 300
DEBUG:simulator.py:[Training 31/1000 episodes] ε: 0.8604, Best: -inf, Avg: -0.06, Steps: 300
DEBUG:simulator.py:[Training 32/1000 episodes] ε: 0.8561, Best: -inf, Avg: -0.03, Steps: 300
DEBUG:simulator.py:[Training 33/1000 episodes] ε: 0.8518, Best: -inf, Avg: 0.00, Steps: 300
DEBUG:simulator.py:[Training 34/1000 episodes] ε: 0.8475, Best: -inf, Avg: 0.00, Steps: 300
DEBUG:simulator.py:[Training 35/1000 episodes] ε: 0.8433, Best: -inf, Avg: -0.03, Steps: 300
DEBUG:simulator.py:[Training 36/1000 episodes] ε: 0.8391, Best: -inf, Avg: 0.03, Steps: 300
DEBUG:simulator.py:[Training 37/1000 episodes] ε: 0.8349, Best: -inf, Avg: 0.00, Steps: 300
DEBUG:simulator.py:[Training 38/1000 episodes] ε: 0.8307, Best: -inf, Avg: 0.00, Steps: 300
DEBUG:simulator.py:[Training 39/1000 episodes] ε: 0.8266, Best: -inf, Avg: 0.00, Steps: 300
DEBUG:simulator.py:[Training 40/1000 episodes] ε: 0.8224, Best: -inf, Avg: 0.03, Steps: 300
DEBUG:simulator.py:[Training 41/1000 episodes] ε: 0.8183, Best: -inf, Avg: 0.02, Steps: 300
DEBUG:simulator.py:[Training 42/1000 episodes] ε: 0.8142, Best: -inf, Avg: 0.02, Steps: 300
DEBUG:simulator.py:[Training 43/1000 episodes] ε: 0.8102, Best: -inf, Avg: 0.07, Steps: 300
DEBUG:simulator.py:[Training 44/1000 episodes] ε: 0.8061, Best: -inf, Avg: 0.05, Steps: 300
DEBUG:simulator.py:[Training 45/1000 episodes] ε: 0.8021, Best: -inf, Avg: 0.04, Steps: 300
DEBUG:simulator.py:[Training 46/1000 episodes] ε: 0.7981, Best: -inf, Avg: 0.04, Steps: 300
DEBUG:simulator.py:[Training 47/1000 episodes] ε: 0.7941, Best: -inf, Avg: 0.06, Steps: 300
DEBUG:simulator.py:[Training 48/1000 episodes] ε: 0.7901, Best: -inf, Avg: 0.02, Steps: 300
DEBUG:simulator.py:[Training 49/1000 episodes] ε: 0.7862, Best: -inf, Avg: 0.04, Steps: 300
DEBUG:simulator.py:[Training 50/1000 episodes] ε: 0.7822, Best: -inf, Avg: 0.02, Steps: 300
DEBUG:simulator.py:[Training 51/1000 episodes] ε: 0.7783, Best: -inf, Avg: 0.00, Steps: 300
DEBUG:simulator.py:[Training 52/1000 episodes] ε: 0.7744, Best: -inf, Avg: 0.04, Steps: 300
DEBUG:simulator.py:[Training 53/1000 episodes] ε: 0.7705, Best: -inf, Avg: 0.02, Steps: 300
DEBUG:simulator.py:[Training 54/1000 episodes] ε: 0.7667, Best: -inf, Avg: 0.07, Steps: 300
DEBUG:simulator.py:[Training 55/1000 episodes] ε: 0.7629, Best: -inf, Avg: 0.02, Steps: 300
DEBUG:simulator.py:[Training 56/1000 episodes] ε: 0.7590, Best: -inf, Avg: 0.04, Steps: 300
DEBUG:simulator.py:[Training 57/1000 episodes] ε: 0.7553, Best: -inf, Avg: 0.04, Steps: 300
DEBUG:simulator.py:[Training 58/1000 episodes] ε: 0.7515, Best: -inf, Avg: 0.03, Steps: 300
DEBUG:simulator.py:[Training 59/1000 episodes] ε: 0.7477, Best: -inf, Avg: 0.02, Steps: 300
DEBUG:simulator.py:[Training 60/1000 episodes] ε: 0.7440, Best: -inf, Avg: 0.05, Steps: 300
DEBUG:simulator.py:[Training 61/1000 episodes] ε: 0.7403, Best: -inf, Avg: 0.08, Steps: 300
DEBUG:simulator.py:[Training 62/1000 episodes] ε: 0.7366, Best: -inf, Avg: 0.13, Steps: 300
DEBUG:simulator.py:[Training 63/1000 episodes] ε: 0.7329, Best: -inf, Avg: 0.13, Steps: 300
DEBUG:simulator.py:[Training 64/1000 episodes] ε: 0.7292, Best: -inf, Avg: 0.09, Steps: 300
DEBUG:simulator.py:[Training 65/1000 episodes] ε: 0.7256, Best: -inf, Avg: 0.11, Steps: 300
DEBUG:simulator.py:[Training 66/1000 episodes] ε: 0.7219, Best: -inf, Avg: 0.12, Steps: 300
DEBUG:simulator.py:[Training 67/1000 episodes] ε: 0.7183, Best: -inf, Avg: 0.15, Steps: 300
DEBUG:simulator.py:[Training 68/1000 episodes] ε: 0.7147, Best: -inf, Avg: 0.15, Steps: 300
DEBUG:simulator.py:[Training 69/1000 episodes] ε: 0.7112, Best: -inf, Avg: 0.16, Steps: 300
DEBUG:simulator.py:[Training 70/1000 episodes] ε: 0.7076, Best: -inf, Avg: 0.16, Steps: 300
DEBUG:simulator.py:[Training 71/1000 episodes] ε: 0.7041, Best: -inf, Avg: 0.15, Steps: 300
DEBUG:simulator.py:[Training 72/1000 episodes] ε: 0.7005, Best: -inf, Avg: 0.18, Steps: 300
DEBUG:simulator.py:[Training 73/1000 episodes] ε: 0.6970, Best: -inf, Avg: 0.19, Steps: 300
DEBUG:simulator.py:[Training 74/1000 episodes] ε: 0.6936, Best: -inf, Avg: 0.20, Steps: 300
DEBUG:simulator.py:[Training 75/1000 episodes] ε: 0.6901, Best: -inf, Avg: 0.23, Steps: 300
DEBUG:simulator.py:[Training 76/1000 episodes] ε: 0.6866, Best: -inf, Avg: 0.25, Steps: 300
DEBUG:simulator.py:[Training 77/1000 episodes] ε: 0.6832, Best: -inf, Avg: 0.27, Steps: 300
DEBUG:simulator.py:[Training 78/1000 episodes] ε: 0.6798, Best: -inf, Avg: 0.28, Steps: 300
DEBUG:simulator.py:[Training 79/1000 episodes] ε: 0.6764, Best: -inf, Avg: 0.29, Steps: 300
DEBUG:simulator.py:[Training 80/1000 episodes] ε: 0.6730, Best: -inf, Avg: 0.31, Steps: 300
DEBUG:simulator.py:[Training 81/1000 episodes] ε: 0.6696, Best: -inf, Avg: 0.31, Steps: 300
DEBUG:simulator.py:[Training 82/1000 episodes] ε: 0.6663, Best: -inf, Avg: 0.34, Steps: 300
DEBUG:simulator.py:[Training 83/1000 episodes] ε: 0.6630, Best: -inf, Avg: 0.39, Steps: 300
DEBUG:simulator.py:[Training 84/1000 episodes] ε: 0.6597, Best: -inf, Avg: 0.39, Steps: 300
DEBUG:simulator.py:[Training 85/1000 episodes] ε: 0.6564, Best: -inf, Avg: 0.40, Steps: 300
DEBUG:simulator.py:[Training 86/1000 episodes] ε: 0.6531, Best: -inf, Avg: 0.42, Steps: 300
DEBUG:simulator.py:[Training 87/1000 episodes] ε: 0.6498, Best: -inf, Avg: 0.45, Steps: 300
DEBUG:simulator.py:[Training 88/1000 episodes] ε: 0.6466, Best: -inf, Avg: 0.48, Steps: 300
DEBUG:simulator.py:[Training 89/1000 episodes] ε: 0.6433, Best: -inf, Avg: 0.47, Steps: 300
DEBUG:simulator.py:[Training 90/1000 episodes] ε: 0.6401, Best: -inf, Avg: 0.48, Steps: 300
DEBUG:simulator.py:[Training 91/1000 episodes] ε: 0.6369, Best: -inf, Avg: 0.46, Steps: 300
DEBUG:simulator.py:[Training 92/1000 episodes] ε: 0.6337, Best: -inf, Avg: 0.48, Steps: 300
DEBUG:simulator.py:[Training 93/1000 episodes] ε: 0.6306, Best: -inf, Avg: 0.48, Steps: 300
DEBUG:simulator.py:[Training 94/1000 episodes] ε: 0.6274, Best: -inf, Avg: 0.52, Steps: 300
DEBUG:simulator.py:[Training 95/1000 episodes] ε: 0.6243, Best: -inf, Avg: 0.55, Steps: 300
DEBUG:simulator.py:[Training 96/1000 episodes] ε: 0.6211, Best: -inf, Avg: 0.54, Steps: 300
DEBUG:simulator.py:[Training 97/1000 episodes] ε: 0.6180, Best: -inf, Avg: 0.55, Steps: 300
DEBUG:simulator.py:[Training 98/1000 episodes] ε: 0.6149, Best: -inf, Avg: 0.55, Steps: 300
DEBUG:simulator.py:[Training 99/1000 episodes] ε: 0.6119, Best: -inf, Avg: 0.55, Steps: 300
DEBUG:simulator.py:[Training 100/1000 episodes] ε: 0.6088, Best: 0.54, Avg: 0.54, Steps: 300
DEBUG:simulator.py:[Training 101/1000 episodes] ε: 0.6058, Best: 0.56, Avg: 0.56, Steps: 300
DEBUG:simulator.py:[Training 102/1000 episodes] ε: 0.6027, Best: 0.56, Avg: 0.55, Steps: 300
DEBUG:simulator.py:[Training 103/1000 episodes] ε: 0.5997, Best: 0.58, Avg: 0.58, Steps: 300
DEBUG:simulator.py:[Training 104/1000 episodes] ε: 0.5967, Best: 0.63, Avg: 0.63, Steps: 300
DEBUG:simulator.py:[Training 105/1000 episodes] ε: 0.5937, Best: 0.66, Avg: 0.66, Steps: 300
DEBUG:simulator.py:[Training 106/1000 episodes] ε: 0.5908, Best: 0.68, Avg: 0.68, Steps: 300
DEBUG:simulator.py:[Training 107/1000 episodes] ε: 0.5878, Best: 0.70, Avg: 0.70, Steps: 300
DEBUG:simulator.py:[Training 108/1000 episodes] ε: 0.5849, Best: 0.78, Avg: 0.78, Steps: 300
DEBUG:simulator.py:[Training 109/1000 episodes] ε: 0.5820, Best: 0.78, Avg: 0.78, Steps: 300
DEBUG:simulator.py:[Training 110/1000 episodes] ε: 0.5790, Best: 0.80, Avg: 0.80, Steps: 300
DEBUG:simulator.py:[Training 111/1000 episodes] ε: 0.5762, Best: 0.80, Avg: 0.79, Steps: 300
DEBUG:simulator.py:[Training 112/1000 episodes] ε: 0.5733, Best: 0.80, Avg: 0.77, Steps: 300
DEBUG:simulator.py:[Training 113/1000 episodes] ε: 0.5704, Best: 0.80, Avg: 0.80, Steps: 300
DEBUG:simulator.py:[Training 114/1000 episodes] ε: 0.5676, Best: 0.82, Avg: 0.82, Steps: 300
DEBUG:simulator.py:[Training 115/1000 episodes] ε: 0.5647, Best: 0.84, Avg: 0.84, Steps: 300
DEBUG:simulator.py:[Training 116/1000 episodes] ε: 0.5619, Best: 0.84, Avg: 0.81, Steps: 300
DEBUG:simulator.py:[Training 117/1000 episodes] ε: 0.5591, Best: 0.84, Avg: 0.84, Steps: 300
DEBUG:simulator.py:[Training 118/1000 episodes] ε: 0.5563, Best: 0.87, Avg: 0.87, Steps: 300
DEBUG:simulator.py:[Training 119/1000 episodes] ε: 0.5535, Best: 0.91, Avg: 0.91, Steps: 300
DEBUG:simulator.py:[Training 120/1000 episodes] ε: 0.5507, Best: 0.97, Avg: 0.97, Steps: 300
DEBUG:simulator.py:[Training 121/1000 episodes] ε: 0.5480, Best: 0.97, Avg: 0.97, Steps: 300
DEBUG:simulator.py:[Training 122/1000 episodes] ε: 0.5452, Best: 0.98, Avg: 0.98, Steps: 300
DEBUG:simulator.py:[Training 123/1000 episodes] ε: 0.5425, Best: 1.03, Avg: 1.03, Steps: 300
DEBUG:simulator.py:[Training 124/1000 episodes] ε: 0.5398, Best: 1.04, Avg: 1.04, Steps: 300
DEBUG:simulator.py:[Training 125/1000 episodes] ε: 0.5371, Best: 1.05, Avg: 1.05, Steps: 300
DEBUG:simulator.py:[Training 126/1000 episodes] ε: 0.5344, Best: 1.06, Avg: 1.06, Steps: 300
DEBUG:simulator.py:[Training 127/1000 episodes] ε: 0.5318, Best: 1.10, Avg: 1.10, Steps: 300
DEBUG:simulator.py:[Training 128/1000 episodes] ε: 0.5291, Best: 1.21, Avg: 1.21, Steps: 300
DEBUG:simulator.py:[Training 129/1000 episodes] ε: 0.5264, Best: 1.23, Avg: 1.23, Steps: 300
DEBUG:simulator.py:[Training 130/1000 episodes] ε: 0.5238, Best: 1.24, Avg: 1.24, Steps: 300
DEBUG:simulator.py:[Training 131/1000 episodes] ε: 0.5212, Best: 1.30, Avg: 1.30, Steps: 300
DEBUG:simulator.py:[Training 132/1000 episodes] ε: 0.5186, Best: 1.33, Avg: 1.33, Steps: 300
DEBUG:simulator.py:[Training 133/1000 episodes] ε: 0.5160, Best: 1.33, Avg: 1.31, Steps: 300
DEBUG:simulator.py:[Training 134/1000 episodes] ε: 0.5134, Best: 1.38, Avg: 1.38, Steps: 300
DEBUG:simulator.py:[Training 135/1000 episodes] ε: 0.5108, Best: 1.42, Avg: 1.42, Steps: 300
DEBUG:simulator.py:[Training 136/1000 episodes] ε: 0.5083, Best: 1.42, Avg: 1.42, Steps: 300
DEBUG:simulator.py:[Training 137/1000 episodes] ε: 0.5058, Best: 1.45, Avg: 1.45, Steps: 300
DEBUG:simulator.py:[Training 138/1000 episodes] ε: 0.5032, Best: 1.50, Avg: 1.50, Steps: 300
DEBUG:simulator.py:[Training 139/1000 episodes] ε: 0.5007, Best: 1.50, Avg: 1.50, Steps: 300
DEBUG:simulator.py:[Training 140/1000 episodes] ε: 0.4982, Best: 1.50, Avg: 1.49, Steps: 300
DEBUG:simulator.py:[Training 141/1000 episodes] ε: 0.4957, Best: 1.58, Avg: 1.58, Steps: 300
DEBUG:simulator.py:[Training 142/1000 episodes] ε: 0.4932, Best: 1.60, Avg: 1.60, Steps: 300
DEBUG:simulator.py:[Training 143/1000 episodes] ε: 0.4908, Best: 1.64, Avg: 1.64, Steps: 300
DEBUG:simulator.py:[Training 144/1000 episodes] ε: 0.4883, Best: 1.69, Avg: 1.69, Steps: 300
DEBUG:simulator.py:[Training 145/1000 episodes] ε: 0.4859, Best: 1.72, Avg: 1.72, Steps: 300
DEBUG:simulator.py:[Training 146/1000 episodes] ε: 0.4834, Best: 1.72, Avg: 1.72, Steps: 300
DEBUG:simulator.py:[Training 147/1000 episodes] ε: 0.4810, Best: 1.78, Avg: 1.78, Steps: 300
DEBUG:simulator.py:[Training 148/1000 episodes] ε: 0.4786, Best: 1.86, Avg: 1.86, Steps: 300
DEBUG:simulator.py:[Training 149/1000 episodes] ε: 0.4762, Best: 1.86, Avg: 1.85, Steps: 300
DEBUG:simulator.py:[Training 150/1000 episodes] ε: 0.4738, Best: 1.89, Avg: 1.89, Steps: 300
DEBUG:simulator.py:[Training 151/1000 episodes] ε: 0.4715, Best: 1.96, Avg: 1.96, Steps: 300
DEBUG:simulator.py:[Training 152/1000 episodes] ε: 0.4691, Best: 1.98, Avg: 1.98, Steps: 300
DEBUG:simulator.py:[Training 153/1000 episodes] ε: 0.4668, Best: 2.07, Avg: 2.07, Steps: 300
DEBUG:simulator.py:[Training 154/1000 episodes] ε: 0.4644, Best: 2.07, Avg: 2.06, Steps: 300
DEBUG:simulator.py:[Training 155/1000 episodes] ε: 0.4621, Best: 2.12, Avg: 2.12, Steps: 300
DEBUG:simulator.py:[Training 156/1000 episodes] ε: 0.4598, Best: 2.13, Avg: 2.13, Steps: 300
DEBUG:simulator.py:[Training 157/1000 episodes] ε: 0.4575, Best: 2.15, Avg: 2.15, Steps: 300
DEBUG:simulator.py:[Training 158/1000 episodes] ε: 0.4552, Best: 2.16, Avg: 2.16, Steps: 300
DEBUG:simulator.py:[Training 159/1000 episodes] ε: 0.4529, Best: 2.20, Avg: 2.20, Steps: 300
DEBUG:simulator.py:[Training 160/1000 episodes] ε: 0.4507, Best: 2.20, Avg: 2.17, Steps: 300
DEBUG:simulator.py:[Training 161/1000 episodes] ε: 0.4484, Best: 2.20, Avg: 2.18, Steps: 300
DEBUG:simulator.py:[Training 162/1000 episodes] ε: 0.4462, Best: 2.20, Avg: 2.19, Steps: 300
DEBUG:simulator.py:[Training 163/1000 episodes] ε: 0.4440, Best: 2.20, Avg: 2.19, Steps: 300
DEBUG:simulator.py:[Training 164/1000 episodes] ε: 0.4417, Best: 2.24, Avg: 2.24, Steps: 300
DEBUG:simulator.py:[Training 165/1000 episodes] ε: 0.4395, Best: 2.28, Avg: 2.28, Steps: 300
DEBUG:simulator.py:[Training 166/1000 episodes] ε: 0.4373, Best: 2.32, Avg: 2.32, Steps: 300
DEBUG:simulator.py:[Training 167/1000 episodes] ε: 0.4351, Best: 2.37, Avg: 2.37, Steps: 300
DEBUG:simulator.py:[Training 168/1000 episodes] ε: 0.4330, Best: 2.38, Avg: 2.38, Steps: 300
DEBUG:simulator.py:[Training 169/1000 episodes] ε: 0.4308, Best: 2.41, Avg: 2.41, Steps: 300
DEBUG:simulator.py:[Training 170/1000 episodes] ε: 0.4286, Best: 2.46, Avg: 2.46, Steps: 300
DEBUG:simulator.py:[Training 171/1000 episodes] ε: 0.4265, Best: 2.53, Avg: 2.53, Steps: 300
DEBUG:simulator.py:[Training 172/1000 episodes] ε: 0.4244, Best: 2.59, Avg: 2.59, Steps: 300
DEBUG:simulator.py:[Training 173/1000 episodes] ε: 0.4223, Best: 2.64, Avg: 2.64, Steps: 300
DEBUG:simulator.py:[Training 174/1000 episodes] ε: 0.4201, Best: 2.65, Avg: 2.65, Steps: 300
DEBUG:simulator.py:[Training 175/1000 episodes] ε: 0.4180, Best: 2.65, Avg: 2.65, Steps: 300
DEBUG:simulator.py:[Training 176/1000 episodes] ε: 0.4159, Best: 2.65, Avg: 2.65, Steps: 300
DEBUG:simulator.py:[Training 177/1000 episodes] ε: 0.4139, Best: 2.65, Avg: 2.61, Steps: 300
DEBUG:simulator.py:[Training 178/1000 episodes] ε: 0.4118, Best: 2.65, Avg: 2.65, Steps: 300
DEBUG:simulator.py:[Training 179/1000 episodes] ε: 0.4097, Best: 2.67, Avg: 2.67, Steps: 300
DEBUG:simulator.py:[Training 180/1000 episodes] ε: 0.4077, Best: 2.69, Avg: 2.69, Steps: 300
DEBUG:simulator.py:[Training 181/1000 episodes] ε: 0.4057, Best: 2.74, Avg: 2.74, Steps: 300
DEBUG:simulator.py:[Training 182/1000 episodes] ε: 0.4036, Best: 2.74, Avg: 2.71, Steps: 300
DEBUG:simulator.py:[Training 183/1000 episodes] ε: 0.4016, Best: 2.74, Avg: 2.72, Steps: 300
DEBUG:simulator.py:[Training 184/1000 episodes] ε: 0.3996, Best: 2.77, Avg: 2.77, Steps: 300
DEBUG:simulator.py:[Training 185/1000 episodes] ε: 0.3976, Best: 2.77, Avg: 2.76, Steps: 300
DEBUG:simulator.py:[Training 186/1000 episodes] ε: 0.3956, Best: 2.77, Avg: 2.75, Steps: 300
DEBUG:simulator.py:[Training 187/1000 episodes] ε: 0.3936, Best: 2.79, Avg: 2.79, Steps: 300
DEBUG:simulator.py:[Training 188/1000 episodes] ε: 0.3917, Best: 2.79, Avg: 2.79, Steps: 300
DEBUG:simulator.py:[Training 189/1000 episodes] ε: 0.3897, Best: 2.85, Avg: 2.85, Steps: 300
DEBUG:simulator.py:[Training 190/1000 episodes] ε: 0.3878, Best: 2.92, Avg: 2.92, Steps: 300
DEBUG:simulator.py:[Training 191/1000 episodes] ε: 0.3858, Best: 3.00, Avg: 3.00, Steps: 300
DEBUG:simulator.py:[Training 192/1000 episodes] ε: 0.3839, Best: 3.06, Avg: 3.06, Steps: 300
DEBUG:simulator.py:[Training 193/1000 episodes] ε: 0.3820, Best: 3.08, Avg: 3.08, Steps: 300
DEBUG:simulator.py:[Training 194/1000 episodes] ε: 0.3801, Best: 3.08, Avg: 3.06, Steps: 300
DEBUG:simulator.py:[Training 195/1000 episodes] ε: 0.3782, Best: 3.13, Avg: 3.13, Steps: 300
DEBUG:simulator.py:[Training 196/1000 episodes] ε: 0.3763, Best: 3.13, Avg: 3.13, Steps: 300
DEBUG:simulator.py:[Training 197/1000 episodes] ε: 0.3744, Best: 3.13, Avg: 3.12, Steps: 300
DEBUG:simulator.py:[Training 198/1000 episodes] ε: 0.3725, Best: 3.18, Avg: 3.18, Steps: 300
DEBUG:simulator.py:[Training 199/1000 episodes] ε: 0.3707, Best: 3.22, Avg: 3.22, Steps: 300
DEBUG:simulator.py:[Training 200/1000 episodes] ε: 0.3688, Best: 3.29, Avg: 3.29, Steps: 300
DEBUG:simulator.py:[Training 201/1000 episodes] ε: 0.3670, Best: 3.33, Avg: 3.33, Steps: 300
DEBUG:simulator.py:[Training 202/1000 episodes] ε: 0.3651, Best: 3.37, Avg: 3.37, Steps: 300
DEBUG:simulator.py:[Training 203/1000 episodes] ε: 0.3633, Best: 3.38, Avg: 3.38, Steps: 300
DEBUG:simulator.py:[Training 204/1000 episodes] ε: 0.3615, Best: 3.38, Avg: 3.37, Steps: 300
DEBUG:simulator.py:[Training 205/1000 episodes] ε: 0.3597, Best: 3.44, Avg: 3.44, Steps: 300
DEBUG:simulator.py:[Training 206/1000 episodes] ε: 0.3579, Best: 3.45, Avg: 3.45, Steps: 300
DEBUG:simulator.py:[Training 207/1000 episodes] ε: 0.3561, Best: 3.45, Avg: 3.44, Steps: 300
DEBUG:simulator.py:[Training 208/1000 episodes] ε: 0.3543, Best: 3.45, Avg: 3.40, Steps: 300
DEBUG:simulator.py:[Training 209/1000 episodes] ε: 0.3525, Best: 3.45, Avg: 3.45, Steps: 300
DEBUG:simulator.py:[Training 210/1000 episodes] ε: 0.3508, Best: 3.50, Avg: 3.50, Steps: 300
DEBUG:simulator.py:[Training 211/1000 episodes] ε: 0.3490, Best: 3.60, Avg: 3.60, Steps: 300
DEBUG:simulator.py:[Training 212/1000 episodes] ε: 0.3473, Best: 3.69, Avg: 3.69, Steps: 300
DEBUG:simulator.py:[Training 213/1000 episodes] ε: 0.3455, Best: 3.72, Avg: 3.72, Steps: 300
DEBUG:simulator.py:[Training 214/1000 episodes] ε: 0.3438, Best: 3.75, Avg: 3.75, Steps: 300
DEBUG:simulator.py:[Training 215/1000 episodes] ε: 0.3421, Best: 3.85, Avg: 3.85, Steps: 300
DEBUG:simulator.py:[Training 216/1000 episodes] ε: 0.3404, Best: 3.85, Avg: 3.84, Steps: 300
DEBUG:simulator.py:[Training 217/1000 episodes] ε: 0.3387, Best: 3.93, Avg: 3.93, Steps: 300
DEBUG:simulator.py:[Training 218/1000 episodes] ε: 0.3370, Best: 3.93, Avg: 3.91, Steps: 300
DEBUG:simulator.py:[Training 219/1000 episodes] ε: 0.3353, Best: 3.94, Avg: 3.94, Steps: 300
DEBUG:simulator.py:[Training 220/1000 episodes] ε: 0.3336, Best: 3.94, Avg: 3.89, Steps: 300
DEBUG:simulator.py:[Training 221/1000 episodes] ε: 0.3320, Best: 3.94, Avg: 3.91, Steps: 300
DEBUG:simulator.py:[Training 222/1000 episodes] ε: 0.3303, Best: 3.94, Avg: 3.93, Steps: 300
DEBUG:simulator.py:[Training 223/1000 episodes] ε: 0.3286, Best: 3.98, Avg: 3.98, Steps: 300
DEBUG:simulator.py:[Training 224/1000 episodes] ε: 0.3270, Best: 4.05, Avg: 4.05, Steps: 300
DEBUG:simulator.py:[Training 225/1000 episodes] ε: 0.3254, Best: 4.07, Avg: 4.07, Steps: 300
DEBUG:simulator.py:[Training 226/1000 episodes] ε: 0.3237, Best: 4.13, Avg: 4.13, Steps: 300
DEBUG:simulator.py:[Training 227/1000 episodes] ε: 0.3221, Best: 4.17, Avg: 4.17, Steps: 300
DEBUG:simulator.py:[Training 228/1000 episodes] ε: 0.3205, Best: 4.17, Avg: 4.12, Steps: 300
DEBUG:simulator.py:[Training 229/1000 episodes] ε: 0.3189, Best: 4.17, Avg: 4.15, Steps: 300
DEBUG:simulator.py:[Training 230/1000 episodes] ε: 0.3173, Best: 4.17, Avg: 4.16, Steps: 300
DEBUG:simulator.py:[Training 231/1000 episodes] ε: 0.3157, Best: 4.17, Avg: 4.16, Steps: 300
DEBUG:simulator.py:[Training 232/1000 episodes] ε: 0.3141, Best: 4.19, Avg: 4.19, Steps: 300
DEBUG:simulator.py:[Training 233/1000 episodes] ε: 0.3126, Best: 4.28, Avg: 4.28, Steps: 300
DEBUG:simulator.py:[Training 234/1000 episodes] ε: 0.3110, Best: 4.29, Avg: 4.29, Steps: 300
DEBUG:simulator.py:[Training 235/1000 episodes] ε: 0.3095, Best: 4.37, Avg: 4.37, Steps: 300
DEBUG:simulator.py:[Training 236/1000 episodes] ε: 0.3079, Best: 4.47, Avg: 4.47, Steps: 300
DEBUG:simulator.py:[Training 237/1000 episodes] ε: 0.3064, Best: 4.47, Avg: 4.47, Steps: 300
DEBUG:simulator.py:[Training 238/1000 episodes] ε: 0.3048, Best: 4.47, Avg: 4.46, Steps: 300
DEBUG:simulator.py:[Training 239/1000 episodes] ε: 0.3033, Best: 4.47, Avg: 4.47, Steps: 300
DEBUG:simulator.py:[Training 240/1000 episodes] ε: 0.3018, Best: 4.53, Avg: 4.53, Steps: 300
DEBUG:simulator.py:[Training 241/1000 episodes] ε: 0.3003, Best: 4.53, Avg: 4.46, Steps: 300
DEBUG:simulator.py:[Training 242/1000 episodes] ε: 0.2988, Best: 4.53, Avg: 4.49, Steps: 300
DEBUG:simulator.py:[Training 243/1000 episodes] ε: 0.2973, Best: 4.53, Avg: 4.52, Steps: 300
DEBUG:simulator.py:[Training 244/1000 episodes] ε: 0.2958, Best: 4.53, Avg: 4.48, Steps: 300
DEBUG:simulator.py:[Training 245/1000 episodes] ε: 0.2943, Best: 4.54, Avg: 4.54, Steps: 300
DEBUG:simulator.py:[Training 246/1000 episodes] ε: 0.2929, Best: 4.56, Avg: 4.56, Steps: 300
DEBUG:simulator.py:[Training 247/1000 episodes] ε: 0.2914, Best: 4.56, Avg: 4.56, Steps: 300
DEBUG:simulator.py:[Training 248/1000 episodes] ε: 0.2899, Best: 4.60, Avg: 4.60, Steps: 300
DEBUG:simulator.py:[Training 249/1000 episodes] ε: 0.2885, Best: 4.67, Avg: 4.67, Steps: 300
DEBUG:simulator.py:[Training 250/1000 episodes] ε: 0.2870, Best: 4.70, Avg: 4.70, Steps: 300
DEBUG:simulator.py:[Training 251/1000 episodes] ε: 0.2856, Best: 4.74, Avg: 4.74, Steps: 300
DEBUG:simulator.py:[Training 252/1000 episodes] ε: 0.2842, Best: 4.74, Avg: 4.74, Steps: 300
DEBUG:simulator.py:[Training 253/1000 episodes] ε: 0.2828, Best: 4.74, Avg: 4.71, Steps: 300
DEBUG:simulator.py:[Training 254/1000 episodes] ε: 0.2813, Best: 4.74, Avg: 4.74, Steps: 300
DEBUG:simulator.py:[Training 255/1000 episodes] ε: 0.2799, Best: 4.78, Avg: 4.78, Steps: 300
DEBUG:simulator.py:[Training 256/1000 episodes] ε: 0.2785, Best: 4.86, Avg: 4.86, Steps: 300
DEBUG:simulator.py:[Training 257/1000 episodes] ε: 0.2771, Best: 4.95, Avg: 4.95, Steps: 300
DEBUG:simulator.py:[Training 258/1000 episodes] ε: 0.2758, Best: 5.03, Avg: 5.03, Steps: 300
DEBUG:simulator.py:[Training 259/1000 episodes] ε: 0.2744, Best: 5.13, Avg: 5.13, Steps: 300
DEBUG:simulator.py:[Training 260/1000 episodes] ε: 0.2730, Best: 5.20, Avg: 5.20, Steps: 300
DEBUG:simulator.py:[Training 261/1000 episodes] ε: 0.2716, Best: 5.20, Avg: 5.18, Steps: 300
DEBUG:simulator.py:[Training 262/1000 episodes] ε: 0.2703, Best: 5.25, Avg: 5.25, Steps: 300
DEBUG:simulator.py:[Training 263/1000 episodes] ε: 0.2689, Best: 5.32, Avg: 5.32, Steps: 300
DEBUG:simulator.py:[Training 264/1000 episodes] ε: 0.2676, Best: 5.40, Avg: 5.40, Steps: 300
DEBUG:simulator.py:[Training 265/1000 episodes] ε: 0.2663, Best: 5.42, Avg: 5.42, Steps: 300
DEBUG:simulator.py:[Training 266/1000 episodes] ε: 0.2649, Best: 5.43, Avg: 5.43, Steps: 300
DEBUG:simulator.py:[Training 267/1000 episodes] ε: 0.2636, Best: 5.47, Avg: 5.47, Steps: 300
DEBUG:simulator.py:[Training 268/1000 episodes] ε: 0.2623, Best: 5.48, Avg: 5.48, Steps: 300
DEBUG:simulator.py:[Training 269/1000 episodes] ε: 0.2610, Best: 5.56, Avg: 5.56, Steps: 300
DEBUG:simulator.py:[Training 270/1000 episodes] ε: 0.2597, Best: 5.56, Avg: 5.54, Steps: 300
DEBUG:simulator.py:[Training 271/1000 episodes] ε: 0.2584, Best: 5.61, Avg: 5.61, Steps: 300
DEBUG:simulator.py:[Training 272/1000 episodes] ε: 0.2571, Best: 5.61, Avg: 5.60, Steps: 300
DEBUG:simulator.py:[Training 273/1000 episodes] ε: 0.2558, Best: 5.61, Avg: 5.59, Steps: 300
DEBUG:simulator.py:[Training 274/1000 episodes] ε: 0.2545, Best: 5.70, Avg: 5.70, Steps: 300
DEBUG:simulator.py:[Training 275/1000 episodes] ε: 0.2532, Best: 5.74, Avg: 5.74, Steps: 300
DEBUG:simulator.py:[Training 276/1000 episodes] ε: 0.2520, Best: 5.86, Avg: 5.86, Steps: 300
DEBUG:simulator.py:[Training 277/1000 episodes] ε: 0.2507, Best: 5.92, Avg: 5.92, Steps: 300
DEBUG:simulator.py:[Training 278/1000 episodes] ε: 0.2495, Best: 5.92, Avg: 5.91, Steps: 300
DEBUG:simulator.py:[Training 279/1000 episodes] ε: 0.2482, Best: 5.92, Avg: 5.92, Steps: 300
DEBUG:simulator.py:[Training 280/1000 episodes] ε: 0.2470, Best: 5.92, Avg: 5.89, Steps: 300
DEBUG:simulator.py:[Training 281/1000 episodes] ε: 0.2457, Best: 5.93, Avg: 5.93, Steps: 300
DEBUG:simulator.py:[Training 282/1000 episodes] ε: 0.2445, Best: 5.99, Avg: 5.99, Steps: 300
DEBUG:simulator.py:[Training 283/1000 episodes] ε: 0.2433, Best: 6.02, Avg: 6.02, Steps: 300
DEBUG:simulator.py:[Training 284/1000 episodes] ε: 0.2421, Best: 6.09, Avg: 6.09, Steps: 300
DEBUG:simulator.py:[Training 285/1000 episodes] ε: 0.2409, Best: 6.17, Avg: 6.17, Steps: 300
DEBUG:simulator.py:[Training 286/1000 episodes] ε: 0.2397, Best: 6.27, Avg: 6.27, Steps: 300
DEBUG:simulator.py:[Training 287/1000 episodes] ε: 0.2385, Best: 6.27, Avg: 6.27, Steps: 300
DEBUG:simulator.py:[Training 288/1000 episodes] ε: 0.2373, Best: 6.44, Avg: 6.44, Steps: 300
DEBUG:simulator.py:[Training 289/1000 episodes] ε: 0.2361, Best: 6.44, Avg: 6.39, Steps: 300
DEBUG:simulator.py:[Training 290/1000 episodes] ε: 0.2349, Best: 6.44, Avg: 6.31, Steps: 300
DEBUG:simulator.py:[Training 291/1000 episodes] ε: 0.2337, Best: 6.44, Avg: 6.29, Steps: 300
DEBUG:simulator.py:[Training 292/1000 episodes] ε: 0.2326, Best: 6.44, Avg: 6.31, Steps: 300
DEBUG:simulator.py:[Training 293/1000 episodes] ε: 0.2314, Best: 6.44, Avg: 6.32, Steps: 300
DEBUG:simulator.py:[Training 294/1000 episodes] ε: 0.2302, Best: 6.44, Avg: 6.31, Steps: 300
DEBUG:simulator.py:[Training 295/1000 episodes] ε: 0.2291, Best: 6.44, Avg: 6.30, Steps: 300
DEBUG:simulator.py:[Training 296/1000 episodes] ε: 0.2279, Best: 6.44, Avg: 6.42, Steps: 300
DEBUG:simulator.py:[Training 297/1000 episodes] ε: 0.2268, Best: 6.55, Avg: 6.55, Steps: 300
DEBUG:simulator.py:[Training 298/1000 episodes] ε: 0.2257, Best: 6.55, Avg: 6.54, Steps: 300
DEBUG:simulator.py:[Training 299/1000 episodes] ε: 0.2245, Best: 6.61, Avg: 6.61, Steps: 300
DEBUG:simulator.py:[Training 300/1000 episodes] ε: 0.2234, Best: 6.66, Avg: 6.66, Steps: 300
DEBUG:simulator.py:[Training 301/1000 episodes] ε: 0.2223, Best: 6.66, Avg: 6.63, Steps: 300
DEBUG:simulator.py:[Training 302/1000 episodes] ε: 0.2212, Best: 6.66, Avg: 6.64, Steps: 300
DEBUG:simulator.py:[Training 303/1000 episodes] ε: 0.2201, Best: 6.71, Avg: 6.71, Steps: 300
DEBUG:simulator.py:[Training 304/1000 episodes] ε: 0.2190, Best: 6.85, Avg: 6.85, Steps: 300
DEBUG:simulator.py:[Training 305/1000 episodes] ε: 0.2179, Best: 6.85, Avg: 6.80, Steps: 300
DEBUG:simulator.py:[Training 306/1000 episodes] ε: 0.2168, Best: 6.85, Avg: 6.83, Steps: 300
DEBUG:simulator.py:[Training 307/1000 episodes] ε: 0.2157, Best: 6.98, Avg: 6.98, Steps: 300
DEBUG:simulator.py:[Training 308/1000 episodes] ε: 0.2146, Best: 7.04, Avg: 7.04, Steps: 300
DEBUG:simulator.py:[Training 309/1000 episodes] ε: 0.2136, Best: 7.04, Avg: 7.03, Steps: 300
DEBUG:simulator.py:[Training 310/1000 episodes] ε: 0.2125, Best: 7.07, Avg: 7.07, Steps: 300
DEBUG:simulator.py:[Training 311/1000 episodes] ε: 0.2114, Best: 7.10, Avg: 7.10, Steps: 300
DEBUG:simulator.py:[Training 312/1000 episodes] ε: 0.2104, Best: 7.14, Avg: 7.14, Steps: 300
DEBUG:simulator.py:[Training 313/1000 episodes] ε: 0.2093, Best: 7.14, Avg: 7.12, Steps: 300
DEBUG:simulator.py:[Training 314/1000 episodes] ε: 0.2083, Best: 7.21, Avg: 7.21, Steps: 300
DEBUG:simulator.py:[Training 315/1000 episodes] ε: 0.2072, Best: 7.22, Avg: 7.22, Steps: 300
DEBUG:simulator.py:[Training 316/1000 episodes] ε: 0.2062, Best: 7.29, Avg: 7.29, Steps: 300
DEBUG:simulator.py:[Training 317/1000 episodes] ε: 0.2052, Best: 7.29, Avg: 7.27, Steps: 300
DEBUG:simulator.py:[Training 318/1000 episodes] ε: 0.2041, Best: 7.36, Avg: 7.36, Steps: 300
DEBUG:simulator.py:[Training 319/1000 episodes] ε: 0.2031, Best: 7.46, Avg: 7.46, Steps: 300
DEBUG:simulator.py:[Training 320/1000 episodes] ε: 0.2021, Best: 7.60, Avg: 7.60, Steps: 300
DEBUG:simulator.py:[Training 321/1000 episodes] ε: 0.2011, Best: 7.73, Avg: 7.73, Steps: 300
DEBUG:simulator.py:[Training 322/1000 episodes] ε: 0.2001, Best: 7.78, Avg: 7.78, Steps: 300
DEBUG:simulator.py:[Training 323/1000 episodes] ε: 0.1991, Best: 7.79, Avg: 7.79, Steps: 300
DEBUG:simulator.py:[Training 324/1000 episodes] ε: 0.1981, Best: 7.79, Avg: 7.78, Steps: 300
DEBUG:simulator.py:[Training 325/1000 episodes] ε: 0.1971, Best: 7.79, Avg: 7.79, Steps: 300
DEBUG:simulator.py:[Training 326/1000 episodes] ε: 0.1961, Best: 7.88, Avg: 7.88, Steps: 300
DEBUG:simulator.py:[Training 327/1000 episodes] ε: 0.1951, Best: 7.88, Avg: 7.84, Steps: 300
DEBUG:simulator.py:[Training 328/1000 episodes] ε: 0.1942, Best: 7.88, Avg: 7.84, Steps: 300
DEBUG:simulator.py:[Training 329/1000 episodes] ε: 0.1932, Best: 7.88, Avg: 7.86, Steps: 300
DEBUG:simulator.py:[Training 330/1000 episodes] ε: 0.1922, Best: 7.92, Avg: 7.92, Steps: 300
DEBUG:simulator.py:[Training 331/1000 episodes] ε: 0.1913, Best: 7.96, Avg: 7.96, Steps: 300
DEBUG:simulator.py:[Training 332/1000 episodes] ε: 0.1903, Best: 8.00, Avg: 8.00, Steps: 300
DEBUG:simulator.py:[Training 333/1000 episodes] ε: 0.1893, Best: 8.00, Avg: 7.93, Steps: 300
DEBUG:simulator.py:[Training 334/1000 episodes] ε: 0.1884, Best: 8.00, Avg: 7.83, Steps: 300
DEBUG:simulator.py:[Training 335/1000 episodes] ε: 0.1875, Best: 8.00, Avg: 7.78, Steps: 300
DEBUG:simulator.py:[Training 336/1000 episodes] ε: 0.1865, Best: 8.00, Avg: 7.82, Steps: 300
DEBUG:simulator.py:[Training 337/1000 episodes] ε: 0.1856, Best: 8.00, Avg: 7.94, Steps: 300
DEBUG:simulator.py:[Training 338/1000 episodes] ε: 0.1847, Best: 8.00, Avg: 7.97, Steps: 300
DEBUG:simulator.py:[Training 339/1000 episodes] ε: 0.1837, Best: 8.04, Avg: 8.04, Steps: 300
DEBUG:simulator.py:[Training 340/1000 episodes] ε: 0.1828, Best: 8.05, Avg: 8.05, Steps: 300
DEBUG:simulator.py:[Training 341/1000 episodes] ε: 0.1819, Best: 8.09, Avg: 8.09, Steps: 300
DEBUG:simulator.py:[Training 342/1000 episodes] ε: 0.1810, Best: 8.20, Avg: 8.20, Steps: 300
DEBUG:simulator.py:[Training 343/1000 episodes] ε: 0.1801, Best: 8.26, Avg: 8.26, Steps: 300
DEBUG:simulator.py:[Training 344/1000 episodes] ε: 0.1792, Best: 8.37, Avg: 8.37, Steps: 300
DEBUG:simulator.py:[Training 345/1000 episodes] ε: 0.1783, Best: 8.37, Avg: 8.32, Steps: 300
DEBUG:simulator.py:[Training 346/1000 episodes] ε: 0.1774, Best: 8.37, Avg: 8.33, Steps: 300
DEBUG:simulator.py:[Training 347/1000 episodes] ε: 0.1765, Best: 8.40, Avg: 8.40, Steps: 300
DEBUG:simulator.py:[Training 348/1000 episodes] ε: 0.1756, Best: 8.40, Avg: 8.30, Steps: 300
DEBUG:simulator.py:[Training 349/1000 episodes] ε: 0.1748, Best: 8.40, Avg: 8.33, Steps: 300
DEBUG:simulator.py:[Training 350/1000 episodes] ε: 0.1739, Best: 8.43, Avg: 8.43, Steps: 300
DEBUG:simulator.py:[Training 351/1000 episodes] ε: 0.1730, Best: 8.43, Avg: 8.40, Steps: 300
DEBUG:simulator.py:[Training 352/1000 episodes] ε: 0.1721, Best: 8.43, Avg: 8.42, Steps: 300
DEBUG:simulator.py:[Training 353/1000 episodes] ε: 0.1713, Best: 8.49, Avg: 8.49, Steps: 300
DEBUG:simulator.py:[Training 354/1000 episodes] ε: 0.1704, Best: 8.55, Avg: 8.55, Steps: 300
DEBUG:simulator.py:[Training 355/1000 episodes] ε: 0.1696, Best: 8.59, Avg: 8.59, Steps: 300
DEBUG:simulator.py:[Training 356/1000 episodes] ε: 0.1687, Best: 8.59, Avg: 8.57, Steps: 300
DEBUG:simulator.py:[Training 357/1000 episodes] ε: 0.1679, Best: 8.59, Avg: 8.59, Steps: 300
DEBUG:simulator.py:[Training 358/1000 episodes] ε: 0.1670, Best: 8.59, Avg: 8.56, Steps: 300
DEBUG:simulator.py:[Training 359/1000 episodes] ε: 0.1662, Best: 8.59, Avg: 8.53, Steps: 300
DEBUG:simulator.py:[Training 360/1000 episodes] ε: 0.1654, Best: 8.59, Avg: 8.53, Steps: 300
DEBUG:simulator.py:[Training 361/1000 episodes] ε: 0.1646, Best: 8.63, Avg: 8.63, Steps: 300
DEBUG:simulator.py:[Training 362/1000 episodes] ε: 0.1637, Best: 8.63, Avg: 8.58, Steps: 300
DEBUG:simulator.py:[Training 363/1000 episodes] ε: 0.1629, Best: 8.63, Avg: 8.57, Steps: 300
DEBUG:simulator.py:[Training 364/1000 episodes] ε: 0.1621, Best: 8.63, Avg: 8.52, Steps: 300
DEBUG:simulator.py:[Training 365/1000 episodes] ε: 0.1613, Best: 8.63, Avg: 8.51, Steps: 300
DEBUG:simulator.py:[Training 366/1000 episodes] ε: 0.1605, Best: 8.63, Avg: 8.53, Steps: 300
DEBUG:simulator.py:[Training 367/1000 episodes] ε: 0.1597, Best: 8.63, Avg: 8.50, Steps: 300
DEBUG:simulator.py:[Training 368/1000 episodes] ε: 0.1589, Best: 8.63, Avg: 8.52, Steps: 300
DEBUG:simulator.py:[Training 369/1000 episodes] ε: 0.1581, Best: 8.63, Avg: 8.47, Steps: 300
DEBUG:simulator.py:[Training 370/1000 episodes] ε: 0.1573, Best: 8.63, Avg: 8.52, Steps: 300
DEBUG:simulator.py:[Training 371/1000 episodes] ε: 0.1565, Best: 8.63, Avg: 8.49, Steps: 300
DEBUG:simulator.py:[Training 372/1000 episodes] ε: 0.1557, Best: 8.63, Avg: 8.56, Steps: 300
DEBUG:simulator.py:[Training 373/1000 episodes] ε: 0.1549, Best: 8.63, Avg: 8.62, Steps: 300
DEBUG:simulator.py:[Training 374/1000 episodes] ε: 0.1542, Best: 8.64, Avg: 8.64, Steps: 300
DEBUG:simulator.py:[Training 375/1000 episodes] ε: 0.1534, Best: 8.70, Avg: 8.70, Steps: 300
DEBUG:simulator.py:[Training 376/1000 episodes] ε: 0.1526, Best: 8.70, Avg: 8.65, Steps: 300
DEBUG:simulator.py:[Training 377/1000 episodes] ε: 0.1519, Best: 8.73, Avg: 8.73, Steps: 300
DEBUG:simulator.py:[Training 378/1000 episodes] ε: 0.1511, Best: 8.80, Avg: 8.80, Steps: 300
DEBUG:simulator.py:[Training 379/1000 episodes] ε: 0.1504, Best: 8.83, Avg: 8.83, Steps: 300
DEBUG:simulator.py:[Training 380/1000 episodes] ε: 0.1496, Best: 8.87, Avg: 8.87, Steps: 300
DEBUG:simulator.py:[Training 381/1000 episodes] ε: 0.1489, Best: 8.94, Avg: 8.94, Steps: 300
DEBUG:simulator.py:[Training 382/1000 episodes] ε: 0.1481, Best: 8.96, Avg: 8.96, Steps: 300
DEBUG:simulator.py:[Training 383/1000 episodes] ε: 0.1474, Best: 9.00, Avg: 9.00, Steps: 300
DEBUG:simulator.py:[Training 384/1000 episodes] ε: 0.1466, Best: 9.01, Avg: 9.01, Steps: 300
DEBUG:simulator.py:[Training 385/1000 episodes] ε: 0.1459, Best: 9.03, Avg: 9.03, Steps: 300
DEBUG:simulator.py:[Training 386/1000 episodes] ε: 0.1452, Best: 9.06, Avg: 9.06, Steps: 300
DEBUG:simulator.py:[Training 387/1000 episodes] ε: 0.1444, Best: 9.11, Avg: 9.11, Steps: 300
DEBUG:simulator.py:[Training 388/1000 episodes] ε: 0.1437, Best: 9.11, Avg: 9.05, Steps: 300
DEBUG:simulator.py:[Training 389/1000 episodes] ε: 0.1430, Best: 9.13, Avg: 9.13, Steps: 300
DEBUG:simulator.py:[Training 390/1000 episodes] ε: 0.1423, Best: 9.22, Avg: 9.22, Steps: 300
DEBUG:simulator.py:[Training 391/1000 episodes] ε: 0.1416, Best: 9.22, Avg: 9.18, Steps: 300
DEBUG:simulator.py:[Training 392/1000 episodes] ε: 0.1409, Best: 9.22, Avg: 9.11, Steps: 300
DEBUG:simulator.py:[Training 393/1000 episodes] ε: 0.1402, Best: 9.22, Avg: 9.16, Steps: 300
DEBUG:simulator.py:[Training 394/1000 episodes] ε: 0.1395, Best: 9.24, Avg: 9.24, Steps: 300
DEBUG:simulator.py:[Training 395/1000 episodes] ε: 0.1388, Best: 9.30, Avg: 9.30, Steps: 300
DEBUG:simulator.py:[Training 396/1000 episodes] ε: 0.1381, Best: 9.30, Avg: 9.29, Steps: 300
DEBUG:simulator.py:[Training 397/1000 episodes] ε: 0.1374, Best: 9.30, Avg: 9.22, Steps: 300
DEBUG:simulator.py:[Training 398/1000 episodes] ε: 0.1367, Best: 9.30, Avg: 9.25, Steps: 300
DEBUG:simulator.py:[Training 399/1000 episodes] ε: 0.1360, Best: 9.30, Avg: 9.23, Steps: 300
DEBUG:simulator.py:[Training 400/1000 episodes] ε: 0.1353, Best: 9.30, Avg: 9.20, Steps: 300
DEBUG:simulator.py:[Training 401/1000 episodes] ε: 0.1347, Best: 9.30, Avg: 9.28, Steps: 300
DEBUG:simulator.py:[Training 402/1000 episodes] ε: 0.1340, Best: 9.30, Avg: 9.30, Steps: 300
DEBUG:simulator.py:[Training 403/1000 episodes] ε: 0.1333, Best: 9.32, Avg: 9.32, Steps: 300
DEBUG:simulator.py:[Training 404/1000 episodes] ε: 0.1326, Best: 9.32, Avg: 9.23, Steps: 300
DEBUG:simulator.py:[Training 405/1000 episodes] ε: 0.1320, Best: 9.35, Avg: 9.35, Steps: 300
DEBUG:simulator.py:[Training 406/1000 episodes] ε: 0.1313, Best: 9.36, Avg: 9.36, Steps: 300
DEBUG:simulator.py:[Training 407/1000 episodes] ε: 0.1307, Best: 9.36, Avg: 9.26, Steps: 300
DEBUG:simulator.py:[Training 408/1000 episodes] ε: 0.1300, Best: 9.36, Avg: 9.35, Steps: 300
DEBUG:simulator.py:[Training 409/1000 episodes] ε: 0.1294, Best: 9.41, Avg: 9.41, Steps: 300
DEBUG:simulator.py:[Training 410/1000 episodes] ε: 0.1287, Best: 9.41, Avg: 9.37, Steps: 300
DEBUG:simulator.py:[Training 411/1000 episodes] ε: 0.1281, Best: 9.41, Avg: 9.29, Steps: 300
DEBUG:simulator.py:[Training 412/1000 episodes] ε: 0.1274, Best: 9.41, Avg: 9.30, Steps: 300
DEBUG:simulator.py:[Training 413/1000 episodes] ε: 0.1268, Best: 9.41, Avg: 9.41, Steps: 300
DEBUG:simulator.py:[Training 414/1000 episodes] ε: 0.1262, Best: 9.41, Avg: 9.34, Steps: 300
DEBUG:simulator.py:[Training 415/1000 episodes] ε: 0.1255, Best: 9.41, Avg: 9.34, Steps: 300
DEBUG:simulator.py:[Training 416/1000 episodes] ε: 0.1249, Best: 9.41, Avg: 9.37, Steps: 300
DEBUG:simulator.py:[Training 417/1000 episodes] ε: 0.1243, Best: 9.41, Avg: 9.36, Steps: 300
DEBUG:simulator.py:[Training 418/1000 episodes] ε: 0.1237, Best: 9.41, Avg: 9.27, Steps: 300
DEBUG:simulator.py:[Training 419/1000 episodes] ε: 0.1230, Best: 9.41, Avg: 9.22, Steps: 300
DEBUG:simulator.py:[Training 420/1000 episodes] ε: 0.1224, Best: 9.41, Avg: 9.20, Steps: 300
DEBUG:simulator.py:[Training 421/1000 episodes] ε: 0.1218, Best: 9.41, Avg: 9.12, Steps: 300
DEBUG:simulator.py:[Training 422/1000 episodes] ε: 0.1212, Best: 9.41, Avg: 9.15, Steps: 300
DEBUG:simulator.py:[Training 423/1000 episodes] ε: 0.1206, Best: 9.41, Avg: 9.14, Steps: 300
DEBUG:simulator.py:[Training 424/1000 episodes] ε: 0.1200, Best: 9.41, Avg: 9.17, Steps: 300
DEBUG:simulator.py:[Training 425/1000 episodes] ε: 0.1194, Best: 9.41, Avg: 9.27, Steps: 300
DEBUG:simulator.py:[Training 426/1000 episodes] ε: 0.1188, Best: 9.41, Avg: 9.16, Steps: 300
DEBUG:simulator.py:[Training 427/1000 episodes] ε: 0.1182, Best: 9.41, Avg: 9.26, Steps: 300
DEBUG:simulator.py:[Training 428/1000 episodes] ε: 0.1176, Best: 9.41, Avg: 9.35, Steps: 300
DEBUG:simulator.py:[Training 429/1000 episodes] ε: 0.1170, Best: 9.42, Avg: 9.42, Steps: 300
DEBUG:simulator.py:[Training 430/1000 episodes] ε: 0.1164, Best: 9.49, Avg: 9.49, Steps: 300
DEBUG:simulator.py:[Training 431/1000 episodes] ε: 0.1159, Best: 9.57, Avg: 9.57, Steps: 300
DEBUG:simulator.py:[Training 432/1000 episodes] ε: 0.1153, Best: 9.57, Avg: 9.53, Steps: 300
DEBUG:simulator.py:[Training 433/1000 episodes] ε: 0.1147, Best: 9.62, Avg: 9.62, Steps: 300
DEBUG:simulator.py:[Training 434/1000 episodes] ε: 0.1141, Best: 9.76, Avg: 9.76, Steps: 300
DEBUG:simulator.py:[Training 435/1000 episodes] ε: 0.1136, Best: 9.77, Avg: 9.77, Steps: 300
DEBUG:simulator.py:[Training 436/1000 episodes] ε: 0.1130, Best: 9.77, Avg: 9.67, Steps: 300
DEBUG:simulator.py:[Training 437/1000 episodes] ε: 0.1124, Best: 9.77, Avg: 9.61, Steps: 300
DEBUG:simulator.py:[Training 438/1000 episodes] ε: 0.1119, Best: 9.77, Avg: 9.62, Steps: 300
DEBUG:simulator.py:[Training 439/1000 episodes] ε: 0.1113, Best: 9.77, Avg: 9.66, Steps: 300
DEBUG:simulator.py:[Training 440/1000 episodes] ε: 0.1107, Best: 9.77, Avg: 9.71, Steps: 300
DEBUG:simulator.py:[Training 441/1000 episodes] ε: 0.1102, Best: 9.77, Avg: 9.76, Steps: 300
DEBUG:simulator.py:[Training 442/1000 episodes] ε: 0.1096, Best: 9.77, Avg: 9.68, Steps: 300
DEBUG:simulator.py:[Training 443/1000 episodes] ε: 0.1091, Best: 9.77, Avg: 9.67, Steps: 300
DEBUG:simulator.py:[Training 444/1000 episodes] ε: 0.1085, Best: 9.77, Avg: 9.70, Steps: 300
DEBUG:simulator.py:[Training 445/1000 episodes] ε: 0.1080, Best: 9.82, Avg: 9.82, Steps: 300
DEBUG:simulator.py:[Training 446/1000 episodes] ε: 0.1075, Best: 9.84, Avg: 9.84, Steps: 300
DEBUG:simulator.py:[Training 447/1000 episodes] ε: 0.1069, Best: 9.88, Avg: 9.88, Steps: 300
DEBUG:simulator.py:[Training 448/1000 episodes] ε: 0.1064, Best: 10.01, Avg: 10.01, Steps: 300
DEBUG:simulator.py:[Training 449/1000 episodes] ε: 0.1059, Best: 10.08, Avg: 10.08, Steps: 300
DEBUG:simulator.py:[Training 450/1000 episodes] ε: 0.1053, Best: 10.08, Avg: 10.07, Steps: 300
DEBUG:simulator.py:[Training 451/1000 episodes] ε: 0.1048, Best: 10.16, Avg: 10.16, Steps: 300
DEBUG:simulator.py:[Training 452/1000 episodes] ε: 0.1043, Best: 10.25, Avg: 10.25, Steps: 300
DEBUG:simulator.py:[Training 453/1000 episodes] ε: 0.1038, Best: 10.25, Avg: 10.22, Steps: 300
DEBUG:simulator.py:[Training 454/1000 episodes] ε: 0.1032, Best: 10.28, Avg: 10.28, Steps: 300
DEBUG:simulator.py:[Training 455/1000 episodes] ε: 0.1027, Best: 10.33, Avg: 10.33, Steps: 300
DEBUG:simulator.py:[Training 456/1000 episodes] ε: 0.1022, Best: 10.37, Avg: 10.37, Steps: 300
DEBUG:simulator.py:[Training 457/1000 episodes] ε: 0.1017, Best: 10.37, Avg: 10.34, Steps: 300
DEBUG:simulator.py:[Training 458/1000 episodes] ε: 0.1012, Best: 10.39, Avg: 10.39, Steps: 300
DEBUG:simulator.py:[Training 459/1000 episodes] ε: 0.1007, Best: 10.42, Avg: 10.42, Steps: 300
DEBUG:simulator.py:[Training 460/1000 episodes] ε: 0.1002, Best: 10.53, Avg: 10.53, Steps: 300
DEBUG:simulator.py:[Training 461/1000 episodes] ε: 0.0997, Best: 10.53, Avg: 10.52, Steps: 300
DEBUG:simulator.py:[Training 462/1000 episodes] ε: 0.0992, Best: 10.58, Avg: 10.58, Steps: 300
DEBUG:simulator.py:[Training 463/1000 episodes] ε: 0.0987, Best: 10.68, Avg: 10.68, Steps: 300
DEBUG:simulator.py:[Training 464/1000 episodes] ε: 0.0982, Best: 10.76, Avg: 10.76, Steps: 300
DEBUG:simulator.py:[Training 465/1000 episodes] ε: 0.0977, Best: 10.81, Avg: 10.81, Steps: 300
DEBUG:simulator.py:[Training 466/1000 episodes] ε: 0.0972, Best: 10.86, Avg: 10.86, Steps: 300
DEBUG:simulator.py:[Training 467/1000 episodes] ε: 0.0967, Best: 10.93, Avg: 10.93, Steps: 300
DEBUG:simulator.py:[Training 468/1000 episodes] ε: 0.0962, Best: 11.03, Avg: 11.03, Steps: 300
DEBUG:simulator.py:[Training 469/1000 episodes] ε: 0.0958, Best: 11.06, Avg: 11.06, Steps: 300
DEBUG:simulator.py:[Training 470/1000 episodes] ε: 0.0953, Best: 11.13, Avg: 11.13, Steps: 300
DEBUG:simulator.py:[Training 471/1000 episodes] ε: 0.0948, Best: 11.21, Avg: 11.21, Steps: 300
DEBUG:simulator.py:[Training 472/1000 episodes] ε: 0.0943, Best: 11.21, Avg: 11.16, Steps: 300
DEBUG:simulator.py:[Training 473/1000 episodes] ε: 0.0939, Best: 11.21, Avg: 11.20, Steps: 300
DEBUG:simulator.py:[Training 474/1000 episodes] ε: 0.0934, Best: 11.21, Avg: 11.20, Steps: 300
DEBUG:simulator.py:[Training 475/1000 episodes] ε: 0.0929, Best: 11.23, Avg: 11.23, Steps: 300
DEBUG:simulator.py:[Training 476/1000 episodes] ε: 0.0925, Best: 11.27, Avg: 11.27, Steps: 300
DEBUG:simulator.py:[Training 477/1000 episodes] ε: 0.0920, Best: 11.31, Avg: 11.31, Steps: 300
DEBUG:simulator.py:[Training 478/1000 episodes] ε: 0.0915, Best: 11.31, Avg: 11.29, Steps: 300
DEBUG:simulator.py:[Training 479/1000 episodes] ε: 0.0911, Best: 11.38, Avg: 11.38, Steps: 300
DEBUG:simulator.py:[Training 480/1000 episodes] ε: 0.0906, Best: 11.43, Avg: 11.43, Steps: 300
DEBUG:simulator.py:[Training 481/1000 episodes] ε: 0.0902, Best: 11.44, Avg: 11.44, Steps: 300
DEBUG:simulator.py:[Training 482/1000 episodes] ε: 0.0897, Best: 11.44, Avg: 11.41, Steps: 300
DEBUG:simulator.py:[Training 483/1000 episodes] ε: 0.0893, Best: 11.45, Avg: 11.45, Steps: 300
DEBUG:simulator.py:[Training 484/1000 episodes] ε: 0.0888, Best: 11.45, Avg: 11.42, Steps: 300
DEBUG:simulator.py:[Training 485/1000 episodes] ε: 0.0884, Best: 11.52, Avg: 11.52, Steps: 300
DEBUG:simulator.py:[Training 486/1000 episodes] ε: 0.0879, Best: 11.53, Avg: 11.53, Steps: 300
DEBUG:simulator.py:[Training 487/1000 episodes] ε: 0.0875, Best: 11.53, Avg: 11.52, Steps: 300
DEBUG:simulator.py:[Training 488/1000 episodes] ε: 0.0871, Best: 11.53, Avg: 11.52, Steps: 300
DEBUG:simulator.py:[Training 489/1000 episodes] ε: 0.0866, Best: 11.57, Avg: 11.57, Steps: 300
DEBUG:simulator.py:[Training 490/1000 episodes] ε: 0.0862, Best: 11.62, Avg: 11.62, Steps: 300
DEBUG:simulator.py:[Training 491/1000 episodes] ε: 0.0858, Best: 11.73, Avg: 11.73, Steps: 300
DEBUG:simulator.py:[Training 492/1000 episodes] ε: 0.0853, Best: 11.80, Avg: 11.80, Steps: 300
DEBUG:simulator.py:[Training 493/1000 episodes] ε: 0.0849, Best: 11.83, Avg: 11.83, Steps: 300
DEBUG:simulator.py:[Training 494/1000 episodes] ε: 0.0845, Best: 11.86, Avg: 11.86, Steps: 300
DEBUG:simulator.py:[Training 495/1000 episodes] ε: 0.0841, Best: 11.86, Avg: 11.83, Steps: 300
DEBUG:simulator.py:[Training 496/1000 episodes] ε: 0.0836, Best: 11.86, Avg: 11.85, Steps: 300
DEBUG:simulator.py:[Training 497/1000 episodes] ε: 0.0832, Best: 11.91, Avg: 11.91, Steps: 300
DEBUG:simulator.py:[Training 498/1000 episodes] ε: 0.0828, Best: 12.01, Avg: 12.01, Steps: 300
DEBUG:simulator.py:[Training 499/1000 episodes] ε: 0.0824, Best: 12.06, Avg: 12.06, Steps: 300
DEBUG:simulator.py:[Training 500/1000 episodes] ε: 0.0820, Best: 12.16, Avg: 12.16, Steps: 300
DEBUG:simulator.py:[Training 501/1000 episodes] ε: 0.0816, Best: 12.24, Avg: 12.24, Steps: 300
DEBUG:simulator.py:[Training 502/1000 episodes] ε: 0.0812, Best: 12.27, Avg: 12.27, Steps: 300
DEBUG:simulator.py:[Training 503/1000 episodes] ε: 0.0808, Best: 12.27, Avg: 12.26, Steps: 300
DEBUG:simulator.py:[Training 504/1000 episodes] ε: 0.0804, Best: 12.30, Avg: 12.30, Steps: 300
DEBUG:simulator.py:[Training 505/1000 episodes] ε: 0.0800, Best: 12.32, Avg: 12.32, Steps: 300
DEBUG:simulator.py:[Training 506/1000 episodes] ε: 0.0796, Best: 12.40, Avg: 12.40, Steps: 300
DEBUG:simulator.py:[Training 507/1000 episodes] ε: 0.0792, Best: 12.46, Avg: 12.46, Steps: 300
DEBUG:simulator.py:[Training 508/1000 episodes] ε: 0.0788, Best: 12.46, Avg: 12.45, Steps: 300
DEBUG:simulator.py:[Training 509/1000 episodes] ε: 0.0784, Best: 12.50, Avg: 12.50, Steps: 300
DEBUG:simulator.py:[Training 510/1000 episodes] ε: 0.0780, Best: 12.57, Avg: 12.57, Steps: 300
DEBUG:simulator.py:[Training 511/1000 episodes] ε: 0.0776, Best: 12.68, Avg: 12.68, Steps: 300
DEBUG:simulator.py:[Training 512/1000 episodes] ε: 0.0772, Best: 12.69, Avg: 12.69, Steps: 300
DEBUG:simulator.py:[Training 513/1000 episodes] ε: 0.0768, Best: 12.69, Avg: 12.69, Steps: 300
DEBUG:simulator.py:[Training 514/1000 episodes] ε: 0.0764, Best: 12.74, Avg: 12.74, Steps: 300
DEBUG:simulator.py:[Training 515/1000 episodes] ε: 0.0760, Best: 12.74, Avg: 12.73, Steps: 300
DEBUG:simulator.py:[Training 516/1000 episodes] ε: 0.0757, Best: 12.76, Avg: 12.76, Steps: 300
DEBUG:simulator.py:[Training 517/1000 episodes] ε: 0.0753, Best: 12.87, Avg: 12.87, Steps: 300
DEBUG:simulator.py:[Training 518/1000 episodes] ε: 0.0749, Best: 13.03, Avg: 13.03, Steps: 300
INFO:root:Environment solved in 518 episodes
INFO:root:Checkpoint file : checkpoints/banana/banana.solved
INFO:root:Checkpoint saved to : checkpoints/banana/banana.solved.torch.pth
INFO:train.py:Saving scores tsv to : a.tsv
INFO:train.py:Saving plot to : a.png
DEBUG:matplotlib.font_manager:findfont: Matching :family=sans-serif:style=normal:variant=normal:weight=normal:stretch=normal:size=10.0 to DejaVu Sans ('/Users/ritwik/.venv/lib/python3.6/site-packages/matplotlib/mpl-data/fonts/ttf/DejaVuSans.ttf') with score of 0.050000
DEBUG:matplotlib.font_manager:findfont: Matching :family=sans-serif:style=normal:variant=normal:weight=normal:stretch=normal:size=12.0 to DejaVu Sans ('/Users/ritwik/.venv/lib/python3.6/site-packages/matplotlib/mpl-data/fonts/ttf/DejaVuSans.ttf') with score of 0.050000
