[rl] Using Torch backend
INFO:train.py:Using configuration: banana
INFO:train.py:Using seed = 0
INFO:train.py:Running in headless mode
DEBUG:unityagents:The true file name is Banana
INFO:unityagents:
'Academy' started successfully!
Unity Academy name: Academy
        Number of Brains: 1
        Number of External Brains : 1
        Lesson number : 0
        Reset Parameters :
		
Unity brain name: BananaBrain
        Number of Visual Observations (per agent): 0
        Vector Observation space type: continuous
        Vector Observation space size (per agent): 37
        Number of stacked Vector Observation: 1
        Vector Action space type: discrete
        Vector Action space size (per agent): 4
        Vector Action descriptions: , , , 
INFO:root:Checkpoint dir : checkpoints/banana
DEBUG:simulator.py:[Training 1/1000 episodes] ε: 1.0000, Best: -inf, Avg: 0.00, Steps: 300
DEBUG:simulator.py:[Training 2/1000 episodes] ε: 0.9950, Best: -inf, Avg: 0.00, Steps: 300
DEBUG:simulator.py:[Training 3/1000 episodes] ε: 0.9900, Best: -inf, Avg: -0.33, Steps: 300
DEBUG:simulator.py:[Training 4/1000 episodes] ε: 0.9851, Best: -inf, Avg: -0.75, Steps: 300
DEBUG:simulator.py:[Training 5/1000 episodes] ε: 0.9801, Best: -inf, Avg: -1.00, Steps: 300
DEBUG:simulator.py:[Training 6/1000 episodes] ε: 0.9752, Best: -inf, Avg: -0.83, Steps: 300
DEBUG:simulator.py:[Training 7/1000 episodes] ε: 0.9704, Best: -inf, Avg: -0.71, Steps: 300
DEBUG:simulator.py:[Training 8/1000 episodes] ε: 0.9655, Best: -inf, Avg: -0.62, Steps: 300
DEBUG:simulator.py:[Training 9/1000 episodes] ε: 0.9607, Best: -inf, Avg: -0.67, Steps: 300
DEBUG:simulator.py:[Training 10/1000 episodes] ε: 0.9559, Best: -inf, Avg: -0.60, Steps: 300
DEBUG:simulator.py:[Training 11/1000 episodes] ε: 0.9511, Best: -inf, Avg: -0.55, Steps: 300
DEBUG:simulator.py:[Training 12/1000 episodes] ε: 0.9464, Best: -inf, Avg: -0.50, Steps: 300
DEBUG:simulator.py:[Training 13/1000 episodes] ε: 0.9416, Best: -inf, Avg: -0.38, Steps: 300
DEBUG:simulator.py:[Training 14/1000 episodes] ε: 0.9369, Best: -inf, Avg: -0.36, Steps: 300
DEBUG:simulator.py:[Training 15/1000 episodes] ε: 0.9322, Best: -inf, Avg: -0.20, Steps: 300
DEBUG:simulator.py:[Training 16/1000 episodes] ε: 0.9276, Best: -inf, Avg: -0.25, Steps: 300
DEBUG:simulator.py:[Training 17/1000 episodes] ε: 0.9229, Best: -inf, Avg: -0.24, Steps: 300
DEBUG:simulator.py:[Training 18/1000 episodes] ε: 0.9183, Best: -inf, Avg: -0.22, Steps: 300
DEBUG:simulator.py:[Training 19/1000 episodes] ε: 0.9137, Best: -inf, Avg: -0.05, Steps: 300
DEBUG:simulator.py:[Training 20/1000 episodes] ε: 0.9092, Best: -inf, Avg: -0.05, Steps: 300
DEBUG:simulator.py:[Training 21/1000 episodes] ε: 0.9046, Best: -inf, Avg: 0.05, Steps: 300
DEBUG:simulator.py:[Training 22/1000 episodes] ε: 0.9001, Best: -inf, Avg: 0.09, Steps: 300
DEBUG:simulator.py:[Training 23/1000 episodes] ε: 0.8956, Best: -inf, Avg: 0.04, Steps: 300
DEBUG:simulator.py:[Training 24/1000 episodes] ε: 0.8911, Best: -inf, Avg: 0.12, Steps: 300
DEBUG:simulator.py:[Training 25/1000 episodes] ε: 0.8867, Best: -inf, Avg: 0.12, Steps: 300
DEBUG:simulator.py:[Training 26/1000 episodes] ε: 0.8822, Best: -inf, Avg: 0.12, Steps: 300
DEBUG:simulator.py:[Training 27/1000 episodes] ε: 0.8778, Best: -inf, Avg: 0.11, Steps: 300
DEBUG:simulator.py:[Training 28/1000 episodes] ε: 0.8734, Best: -inf, Avg: 0.11, Steps: 300
DEBUG:simulator.py:[Training 29/1000 episodes] ε: 0.8691, Best: -inf, Avg: 0.21, Steps: 300
DEBUG:simulator.py:[Training 30/1000 episodes] ε: 0.8647, Best: -inf, Avg: 0.23, Steps: 300
DEBUG:simulator.py:[Training 31/1000 episodes] ε: 0.8604, Best: -inf, Avg: 0.19, Steps: 300
DEBUG:simulator.py:[Training 32/1000 episodes] ε: 0.8561, Best: -inf, Avg: 0.16, Steps: 300
DEBUG:simulator.py:[Training 33/1000 episodes] ε: 0.8518, Best: -inf, Avg: 0.12, Steps: 300
DEBUG:simulator.py:[Training 34/1000 episodes] ε: 0.8475, Best: -inf, Avg: 0.12, Steps: 300
DEBUG:simulator.py:[Training 35/1000 episodes] ε: 0.8433, Best: -inf, Avg: 0.06, Steps: 300
DEBUG:simulator.py:[Training 36/1000 episodes] ε: 0.8391, Best: -inf, Avg: 0.06, Steps: 300
DEBUG:simulator.py:[Training 37/1000 episodes] ε: 0.8349, Best: -inf, Avg: 0.00, Steps: 300
DEBUG:simulator.py:[Training 38/1000 episodes] ε: 0.8307, Best: -inf, Avg: -0.03, Steps: 300
DEBUG:simulator.py:[Training 39/1000 episodes] ε: 0.8266, Best: -inf, Avg: -0.03, Steps: 300
DEBUG:simulator.py:[Training 40/1000 episodes] ε: 0.8224, Best: -inf, Avg: -0.05, Steps: 300
DEBUG:simulator.py:[Training 41/1000 episodes] ε: 0.8183, Best: -inf, Avg: -0.05, Steps: 300
DEBUG:simulator.py:[Training 42/1000 episodes] ε: 0.8142, Best: -inf, Avg: -0.02, Steps: 300
DEBUG:simulator.py:[Training 43/1000 episodes] ε: 0.8102, Best: -inf, Avg: -0.05, Steps: 300
DEBUG:simulator.py:[Training 44/1000 episodes] ε: 0.8061, Best: -inf, Avg: -0.05, Steps: 300
DEBUG:simulator.py:[Training 45/1000 episodes] ε: 0.8021, Best: -inf, Avg: -0.04, Steps: 300
DEBUG:simulator.py:[Training 46/1000 episodes] ε: 0.7981, Best: -inf, Avg: -0.02, Steps: 300
DEBUG:simulator.py:[Training 47/1000 episodes] ε: 0.7941, Best: -inf, Avg: -0.02, Steps: 300
DEBUG:simulator.py:[Training 48/1000 episodes] ε: 0.7901, Best: -inf, Avg: 0.02, Steps: 300
DEBUG:simulator.py:[Training 49/1000 episodes] ε: 0.7862, Best: -inf, Avg: 0.00, Steps: 300
DEBUG:simulator.py:[Training 50/1000 episodes] ε: 0.7822, Best: -inf, Avg: 0.00, Steps: 300
DEBUG:simulator.py:[Training 51/1000 episodes] ε: 0.7783, Best: -inf, Avg: 0.00, Steps: 300
DEBUG:simulator.py:[Training 52/1000 episodes] ε: 0.7744, Best: -inf, Avg: -0.02, Steps: 300
DEBUG:simulator.py:[Training 53/1000 episodes] ε: 0.7705, Best: -inf, Avg: 0.00, Steps: 300
DEBUG:simulator.py:[Training 54/1000 episodes] ε: 0.7667, Best: -inf, Avg: 0.00, Steps: 300
DEBUG:simulator.py:[Training 55/1000 episodes] ε: 0.7629, Best: -inf, Avg: -0.04, Steps: 300
DEBUG:simulator.py:[Training 56/1000 episodes] ε: 0.7590, Best: -inf, Avg: 0.00, Steps: 300
DEBUG:simulator.py:[Training 57/1000 episodes] ε: 0.7553, Best: -inf, Avg: 0.05, Steps: 300
DEBUG:simulator.py:[Training 58/1000 episodes] ε: 0.7515, Best: -inf, Avg: 0.05, Steps: 300
DEBUG:simulator.py:[Training 59/1000 episodes] ε: 0.7477, Best: -inf, Avg: 0.10, Steps: 300
DEBUG:simulator.py:[Training 60/1000 episodes] ε: 0.7440, Best: -inf, Avg: 0.10, Steps: 300
DEBUG:simulator.py:[Training 61/1000 episodes] ε: 0.7403, Best: -inf, Avg: 0.16, Steps: 300
DEBUG:simulator.py:[Training 62/1000 episodes] ε: 0.7366, Best: -inf, Avg: 0.16, Steps: 300
DEBUG:simulator.py:[Training 63/1000 episodes] ε: 0.7329, Best: -inf, Avg: 0.16, Steps: 300
DEBUG:simulator.py:[Training 64/1000 episodes] ε: 0.7292, Best: -inf, Avg: 0.17, Steps: 300
DEBUG:simulator.py:[Training 65/1000 episodes] ε: 0.7256, Best: -inf, Avg: 0.18, Steps: 300
DEBUG:simulator.py:[Training 66/1000 episodes] ε: 0.7219, Best: -inf, Avg: 0.17, Steps: 300
DEBUG:simulator.py:[Training 67/1000 episodes] ε: 0.7183, Best: -inf, Avg: 0.16, Steps: 300
DEBUG:simulator.py:[Training 68/1000 episodes] ε: 0.7147, Best: -inf, Avg: 0.18, Steps: 300
DEBUG:simulator.py:[Training 69/1000 episodes] ε: 0.7112, Best: -inf, Avg: 0.17, Steps: 300
DEBUG:simulator.py:[Training 70/1000 episodes] ε: 0.7076, Best: -inf, Avg: 0.17, Steps: 300
DEBUG:simulator.py:[Training 71/1000 episodes] ε: 0.7041, Best: -inf, Avg: 0.15, Steps: 300
DEBUG:simulator.py:[Training 72/1000 episodes] ε: 0.7005, Best: -inf, Avg: 0.15, Steps: 300
DEBUG:simulator.py:[Training 73/1000 episodes] ε: 0.6970, Best: -inf, Avg: 0.15, Steps: 300
DEBUG:simulator.py:[Training 74/1000 episodes] ε: 0.6936, Best: -inf, Avg: 0.19, Steps: 300
DEBUG:simulator.py:[Training 75/1000 episodes] ε: 0.6901, Best: -inf, Avg: 0.20, Steps: 300
DEBUG:simulator.py:[Training 76/1000 episodes] ε: 0.6866, Best: -inf, Avg: 0.18, Steps: 300
DEBUG:simulator.py:[Training 77/1000 episodes] ε: 0.6832, Best: -inf, Avg: 0.21, Steps: 300
DEBUG:simulator.py:[Training 78/1000 episodes] ε: 0.6798, Best: -inf, Avg: 0.26, Steps: 300
DEBUG:simulator.py:[Training 79/1000 episodes] ε: 0.6764, Best: -inf, Avg: 0.32, Steps: 300
DEBUG:simulator.py:[Training 80/1000 episodes] ε: 0.6730, Best: -inf, Avg: 0.35, Steps: 300
DEBUG:simulator.py:[Training 81/1000 episodes] ε: 0.6696, Best: -inf, Avg: 0.35, Steps: 300
DEBUG:simulator.py:[Training 82/1000 episodes] ε: 0.6663, Best: -inf, Avg: 0.35, Steps: 300
DEBUG:simulator.py:[Training 83/1000 episodes] ε: 0.6630, Best: -inf, Avg: 0.35, Steps: 300
DEBUG:simulator.py:[Training 84/1000 episodes] ε: 0.6597, Best: -inf, Avg: 0.37, Steps: 300
DEBUG:simulator.py:[Training 85/1000 episodes] ε: 0.6564, Best: -inf, Avg: 0.36, Steps: 300
DEBUG:simulator.py:[Training 86/1000 episodes] ε: 0.6531, Best: -inf, Avg: 0.42, Steps: 300
DEBUG:simulator.py:[Training 87/1000 episodes] ε: 0.6498, Best: -inf, Avg: 0.39, Steps: 300
DEBUG:simulator.py:[Training 88/1000 episodes] ε: 0.6466, Best: -inf, Avg: 0.42, Steps: 300
DEBUG:simulator.py:[Training 89/1000 episodes] ε: 0.6433, Best: -inf, Avg: 0.45, Steps: 300
DEBUG:simulator.py:[Training 90/1000 episodes] ε: 0.6401, Best: -inf, Avg: 0.46, Steps: 300
DEBUG:simulator.py:[Training 91/1000 episodes] ε: 0.6369, Best: -inf, Avg: 0.51, Steps: 300
DEBUG:simulator.py:[Training 92/1000 episodes] ε: 0.6337, Best: -inf, Avg: 0.52, Steps: 300
DEBUG:simulator.py:[Training 93/1000 episodes] ε: 0.6306, Best: -inf, Avg: 0.53, Steps: 300
DEBUG:simulator.py:[Training 94/1000 episodes] ε: 0.6274, Best: -inf, Avg: 0.53, Steps: 300
DEBUG:simulator.py:[Training 95/1000 episodes] ε: 0.6243, Best: -inf, Avg: 0.55, Steps: 300
DEBUG:simulator.py:[Training 96/1000 episodes] ε: 0.6211, Best: -inf, Avg: 0.54, Steps: 300
DEBUG:simulator.py:[Training 97/1000 episodes] ε: 0.6180, Best: -inf, Avg: 0.56, Steps: 300
DEBUG:simulator.py:[Training 98/1000 episodes] ε: 0.6149, Best: -inf, Avg: 0.56, Steps: 300
DEBUG:simulator.py:[Training 99/1000 episodes] ε: 0.6119, Best: -inf, Avg: 0.60, Steps: 300
DEBUG:simulator.py:[Training 100/1000 episodes] ε: 0.6088, Best: 0.61, Avg: 0.61, Steps: 300
DEBUG:simulator.py:[Training 101/1000 episodes] ε: 0.6058, Best: 0.61, Avg: 0.61, Steps: 300
DEBUG:simulator.py:[Training 102/1000 episodes] ε: 0.6027, Best: 0.66, Avg: 0.66, Steps: 300
DEBUG:simulator.py:[Training 103/1000 episodes] ε: 0.5997, Best: 0.68, Avg: 0.68, Steps: 300
DEBUG:simulator.py:[Training 104/1000 episodes] ε: 0.5967, Best: 0.72, Avg: 0.72, Steps: 300
DEBUG:simulator.py:[Training 105/1000 episodes] ε: 0.5937, Best: 0.77, Avg: 0.77, Steps: 300
DEBUG:simulator.py:[Training 106/1000 episodes] ε: 0.5908, Best: 0.78, Avg: 0.78, Steps: 300
DEBUG:simulator.py:[Training 107/1000 episodes] ε: 0.5878, Best: 0.81, Avg: 0.81, Steps: 300
DEBUG:simulator.py:[Training 108/1000 episodes] ε: 0.5849, Best: 0.84, Avg: 0.84, Steps: 300
DEBUG:simulator.py:[Training 109/1000 episodes] ε: 0.5820, Best: 0.92, Avg: 0.92, Steps: 300
DEBUG:simulator.py:[Training 110/1000 episodes] ε: 0.5790, Best: 0.96, Avg: 0.96, Steps: 300
DEBUG:simulator.py:[Training 111/1000 episodes] ε: 0.5762, Best: 0.99, Avg: 0.99, Steps: 300
DEBUG:simulator.py:[Training 112/1000 episodes] ε: 0.5733, Best: 1.01, Avg: 1.01, Steps: 300
DEBUG:simulator.py:[Training 113/1000 episodes] ε: 0.5704, Best: 1.03, Avg: 1.03, Steps: 300
DEBUG:simulator.py:[Training 114/1000 episodes] ε: 0.5676, Best: 1.07, Avg: 1.07, Steps: 300
DEBUG:simulator.py:[Training 115/1000 episodes] ε: 0.5647, Best: 1.11, Avg: 1.11, Steps: 300
DEBUG:simulator.py:[Training 116/1000 episodes] ε: 0.5619, Best: 1.12, Avg: 1.12, Steps: 300
DEBUG:simulator.py:[Training 117/1000 episodes] ε: 0.5591, Best: 1.16, Avg: 1.16, Steps: 300
DEBUG:simulator.py:[Training 118/1000 episodes] ε: 0.5563, Best: 1.20, Avg: 1.20, Steps: 300
DEBUG:simulator.py:[Training 119/1000 episodes] ε: 0.5535, Best: 1.20, Avg: 1.16, Steps: 300
DEBUG:simulator.py:[Training 120/1000 episodes] ε: 0.5507, Best: 1.20, Avg: 1.20, Steps: 300
DEBUG:simulator.py:[Training 121/1000 episodes] ε: 0.5480, Best: 1.22, Avg: 1.22, Steps: 300
DEBUG:simulator.py:[Training 122/1000 episodes] ε: 0.5452, Best: 1.22, Avg: 1.22, Steps: 300
DEBUG:simulator.py:[Training 123/1000 episodes] ε: 0.5425, Best: 1.24, Avg: 1.24, Steps: 300
DEBUG:simulator.py:[Training 124/1000 episodes] ε: 0.5398, Best: 1.28, Avg: 1.28, Steps: 300
DEBUG:simulator.py:[Training 125/1000 episodes] ε: 0.5371, Best: 1.30, Avg: 1.30, Steps: 300
DEBUG:simulator.py:[Training 126/1000 episodes] ε: 0.5344, Best: 1.31, Avg: 1.31, Steps: 300
DEBUG:simulator.py:[Training 127/1000 episodes] ε: 0.5318, Best: 1.35, Avg: 1.35, Steps: 300
DEBUG:simulator.py:[Training 128/1000 episodes] ε: 0.5291, Best: 1.37, Avg: 1.37, Steps: 300
DEBUG:simulator.py:[Training 129/1000 episodes] ε: 0.5264, Best: 1.38, Avg: 1.38, Steps: 300
DEBUG:simulator.py:[Training 130/1000 episodes] ε: 0.5238, Best: 1.45, Avg: 1.45, Steps: 300
DEBUG:simulator.py:[Training 131/1000 episodes] ε: 0.5212, Best: 1.51, Avg: 1.51, Steps: 300
DEBUG:simulator.py:[Training 132/1000 episodes] ε: 0.5186, Best: 1.58, Avg: 1.58, Steps: 300
DEBUG:simulator.py:[Training 133/1000 episodes] ε: 0.5160, Best: 1.66, Avg: 1.66, Steps: 300
DEBUG:simulator.py:[Training 134/1000 episodes] ε: 0.5134, Best: 1.66, Avg: 1.66, Steps: 300
DEBUG:simulator.py:[Training 135/1000 episodes] ε: 0.5108, Best: 1.72, Avg: 1.72, Steps: 300
DEBUG:simulator.py:[Training 136/1000 episodes] ε: 0.5083, Best: 1.78, Avg: 1.78, Steps: 300
DEBUG:simulator.py:[Training 137/1000 episodes] ε: 0.5058, Best: 1.79, Avg: 1.79, Steps: 300
DEBUG:simulator.py:[Training 138/1000 episodes] ε: 0.5032, Best: 1.82, Avg: 1.82, Steps: 300
DEBUG:simulator.py:[Training 139/1000 episodes] ε: 0.5007, Best: 1.83, Avg: 1.83, Steps: 300
DEBUG:simulator.py:[Training 140/1000 episodes] ε: 0.4982, Best: 1.89, Avg: 1.89, Steps: 300
DEBUG:simulator.py:[Training 141/1000 episodes] ε: 0.4957, Best: 1.95, Avg: 1.95, Steps: 300
DEBUG:simulator.py:[Training 142/1000 episodes] ε: 0.4932, Best: 1.96, Avg: 1.96, Steps: 300
DEBUG:simulator.py:[Training 143/1000 episodes] ε: 0.4908, Best: 1.98, Avg: 1.98, Steps: 300
DEBUG:simulator.py:[Training 144/1000 episodes] ε: 0.4883, Best: 2.00, Avg: 2.00, Steps: 300
DEBUG:simulator.py:[Training 145/1000 episodes] ε: 0.4859, Best: 2.05, Avg: 2.05, Steps: 300
DEBUG:simulator.py:[Training 146/1000 episodes] ε: 0.4834, Best: 2.11, Avg: 2.11, Steps: 300
DEBUG:simulator.py:[Training 147/1000 episodes] ε: 0.4810, Best: 2.11, Avg: 2.10, Steps: 300
DEBUG:simulator.py:[Training 148/1000 episodes] ε: 0.4786, Best: 2.18, Avg: 2.18, Steps: 300
DEBUG:simulator.py:[Training 149/1000 episodes] ε: 0.4762, Best: 2.25, Avg: 2.25, Steps: 300
DEBUG:simulator.py:[Training 150/1000 episodes] ε: 0.4738, Best: 2.26, Avg: 2.26, Steps: 300
DEBUG:simulator.py:[Training 151/1000 episodes] ε: 0.4715, Best: 2.28, Avg: 2.28, Steps: 300
DEBUG:simulator.py:[Training 152/1000 episodes] ε: 0.4691, Best: 2.36, Avg: 2.36, Steps: 300
DEBUG:simulator.py:[Training 153/1000 episodes] ε: 0.4668, Best: 2.46, Avg: 2.46, Steps: 300
DEBUG:simulator.py:[Training 154/1000 episodes] ε: 0.4644, Best: 2.51, Avg: 2.51, Steps: 300
DEBUG:simulator.py:[Training 155/1000 episodes] ε: 0.4621, Best: 2.56, Avg: 2.56, Steps: 300
DEBUG:simulator.py:[Training 156/1000 episodes] ε: 0.4598, Best: 2.60, Avg: 2.60, Steps: 300
DEBUG:simulator.py:[Training 157/1000 episodes] ε: 0.4575, Best: 2.60, Avg: 2.59, Steps: 300
DEBUG:simulator.py:[Training 158/1000 episodes] ε: 0.4552, Best: 2.67, Avg: 2.67, Steps: 300
DEBUG:simulator.py:[Training 159/1000 episodes] ε: 0.4529, Best: 2.67, Avg: 2.65, Steps: 300
DEBUG:simulator.py:[Training 160/1000 episodes] ε: 0.4507, Best: 2.72, Avg: 2.72, Steps: 300
DEBUG:simulator.py:[Training 161/1000 episodes] ε: 0.4484, Best: 2.72, Avg: 2.70, Steps: 300
DEBUG:simulator.py:[Training 162/1000 episodes] ε: 0.4462, Best: 2.79, Avg: 2.79, Steps: 300
DEBUG:simulator.py:[Training 163/1000 episodes] ε: 0.4440, Best: 2.90, Avg: 2.90, Steps: 300
DEBUG:simulator.py:[Training 164/1000 episodes] ε: 0.4417, Best: 2.92, Avg: 2.92, Steps: 300
DEBUG:simulator.py:[Training 165/1000 episodes] ε: 0.4395, Best: 2.92, Avg: 2.92, Steps: 300
DEBUG:simulator.py:[Training 166/1000 episodes] ε: 0.4373, Best: 2.99, Avg: 2.99, Steps: 300
DEBUG:simulator.py:[Training 167/1000 episodes] ε: 0.4351, Best: 3.02, Avg: 3.02, Steps: 300
DEBUG:simulator.py:[Training 168/1000 episodes] ε: 0.4330, Best: 3.05, Avg: 3.05, Steps: 300
DEBUG:simulator.py:[Training 169/1000 episodes] ε: 0.4308, Best: 3.10, Avg: 3.10, Steps: 300
DEBUG:simulator.py:[Training 170/1000 episodes] ε: 0.4286, Best: 3.17, Avg: 3.17, Steps: 300
DEBUG:simulator.py:[Training 171/1000 episodes] ε: 0.4265, Best: 3.18, Avg: 3.18, Steps: 300
DEBUG:simulator.py:[Training 172/1000 episodes] ε: 0.4244, Best: 3.26, Avg: 3.26, Steps: 300
DEBUG:simulator.py:[Training 173/1000 episodes] ε: 0.4223, Best: 3.30, Avg: 3.30, Steps: 300
DEBUG:simulator.py:[Training 174/1000 episodes] ε: 0.4201, Best: 3.31, Avg: 3.31, Steps: 300
DEBUG:simulator.py:[Training 175/1000 episodes] ε: 0.4180, Best: 3.37, Avg: 3.37, Steps: 300
DEBUG:simulator.py:[Training 176/1000 episodes] ε: 0.4159, Best: 3.49, Avg: 3.49, Steps: 300
DEBUG:simulator.py:[Training 177/1000 episodes] ε: 0.4139, Best: 3.56, Avg: 3.56, Steps: 300
DEBUG:simulator.py:[Training 178/1000 episodes] ε: 0.4118, Best: 3.56, Avg: 3.55, Steps: 300
DEBUG:simulator.py:[Training 179/1000 episodes] ε: 0.4097, Best: 3.56, Avg: 3.56, Steps: 300
DEBUG:simulator.py:[Training 180/1000 episodes] ε: 0.4077, Best: 3.63, Avg: 3.63, Steps: 300
DEBUG:simulator.py:[Training 181/1000 episodes] ε: 0.4057, Best: 3.72, Avg: 3.72, Steps: 300
DEBUG:simulator.py:[Training 182/1000 episodes] ε: 0.4036, Best: 3.75, Avg: 3.75, Steps: 300
DEBUG:simulator.py:[Training 183/1000 episodes] ε: 0.4016, Best: 3.83, Avg: 3.83, Steps: 300
DEBUG:simulator.py:[Training 184/1000 episodes] ε: 0.3996, Best: 3.83, Avg: 3.83, Steps: 300
DEBUG:simulator.py:[Training 185/1000 episodes] ε: 0.3976, Best: 3.85, Avg: 3.85, Steps: 300
DEBUG:simulator.py:[Training 186/1000 episodes] ε: 0.3956, Best: 3.85, Avg: 3.84, Steps: 300
DEBUG:simulator.py:[Training 187/1000 episodes] ε: 0.3936, Best: 3.91, Avg: 3.91, Steps: 300
DEBUG:simulator.py:[Training 188/1000 episodes] ε: 0.3917, Best: 3.94, Avg: 3.94, Steps: 300
DEBUG:simulator.py:[Training 189/1000 episodes] ε: 0.3897, Best: 3.94, Avg: 3.93, Steps: 300
DEBUG:simulator.py:[Training 190/1000 episodes] ε: 0.3878, Best: 3.97, Avg: 3.97, Steps: 300
DEBUG:simulator.py:[Training 191/1000 episodes] ε: 0.3858, Best: 3.97, Avg: 3.92, Steps: 300
DEBUG:simulator.py:[Training 192/1000 episodes] ε: 0.3839, Best: 4.01, Avg: 4.01, Steps: 300
DEBUG:simulator.py:[Training 193/1000 episodes] ε: 0.3820, Best: 4.05, Avg: 4.05, Steps: 300
DEBUG:simulator.py:[Training 194/1000 episodes] ε: 0.3801, Best: 4.16, Avg: 4.16, Steps: 300
DEBUG:simulator.py:[Training 195/1000 episodes] ε: 0.3782, Best: 4.24, Avg: 4.24, Steps: 300
DEBUG:simulator.py:[Training 196/1000 episodes] ε: 0.3763, Best: 4.29, Avg: 4.29, Steps: 300
DEBUG:simulator.py:[Training 197/1000 episodes] ε: 0.3744, Best: 4.33, Avg: 4.33, Steps: 300
DEBUG:simulator.py:[Training 198/1000 episodes] ε: 0.3725, Best: 4.41, Avg: 4.41, Steps: 300
DEBUG:simulator.py:[Training 199/1000 episodes] ε: 0.3707, Best: 4.41, Avg: 4.40, Steps: 300
DEBUG:simulator.py:[Training 200/1000 episodes] ε: 0.3688, Best: 4.50, Avg: 4.50, Steps: 300
DEBUG:simulator.py:[Training 201/1000 episodes] ε: 0.3670, Best: 4.53, Avg: 4.53, Steps: 300
DEBUG:simulator.py:[Training 202/1000 episodes] ε: 0.3651, Best: 4.57, Avg: 4.57, Steps: 300
DEBUG:simulator.py:[Training 203/1000 episodes] ε: 0.3633, Best: 4.62, Avg: 4.62, Steps: 300
DEBUG:simulator.py:[Training 204/1000 episodes] ε: 0.3615, Best: 4.70, Avg: 4.70, Steps: 300
DEBUG:simulator.py:[Training 205/1000 episodes] ε: 0.3597, Best: 4.72, Avg: 4.72, Steps: 300
DEBUG:simulator.py:[Training 206/1000 episodes] ε: 0.3579, Best: 4.77, Avg: 4.77, Steps: 300
DEBUG:simulator.py:[Training 207/1000 episodes] ε: 0.3561, Best: 4.79, Avg: 4.79, Steps: 300
DEBUG:simulator.py:[Training 208/1000 episodes] ε: 0.3543, Best: 4.85, Avg: 4.85, Steps: 300
DEBUG:simulator.py:[Training 209/1000 episodes] ε: 0.3525, Best: 4.85, Avg: 4.83, Steps: 300
DEBUG:simulator.py:[Training 210/1000 episodes] ε: 0.3508, Best: 4.85, Avg: 4.80, Steps: 300
DEBUG:simulator.py:[Training 211/1000 episodes] ε: 0.3490, Best: 4.85, Avg: 4.81, Steps: 300
DEBUG:simulator.py:[Training 212/1000 episodes] ε: 0.3473, Best: 4.85, Avg: 4.84, Steps: 300
DEBUG:simulator.py:[Training 213/1000 episodes] ε: 0.3455, Best: 4.85, Avg: 4.84, Steps: 300
DEBUG:simulator.py:[Training 214/1000 episodes] ε: 0.3438, Best: 4.86, Avg: 4.86, Steps: 300
DEBUG:simulator.py:[Training 215/1000 episodes] ε: 0.3421, Best: 4.86, Avg: 4.82, Steps: 300
DEBUG:simulator.py:[Training 216/1000 episodes] ε: 0.3404, Best: 4.90, Avg: 4.90, Steps: 300
DEBUG:simulator.py:[Training 217/1000 episodes] ε: 0.3387, Best: 4.90, Avg: 4.89, Steps: 300
DEBUG:simulator.py:[Training 218/1000 episodes] ε: 0.3370, Best: 4.93, Avg: 4.93, Steps: 300
DEBUG:simulator.py:[Training 219/1000 episodes] ε: 0.3353, Best: 5.08, Avg: 5.08, Steps: 300
DEBUG:simulator.py:[Training 220/1000 episodes] ε: 0.3336, Best: 5.10, Avg: 5.10, Steps: 300
DEBUG:simulator.py:[Training 221/1000 episodes] ε: 0.3320, Best: 5.11, Avg: 5.11, Steps: 300
DEBUG:simulator.py:[Training 222/1000 episodes] ε: 0.3303, Best: 5.15, Avg: 5.15, Steps: 300
DEBUG:simulator.py:[Training 223/1000 episodes] ε: 0.3286, Best: 5.22, Avg: 5.22, Steps: 300
DEBUG:simulator.py:[Training 224/1000 episodes] ε: 0.3270, Best: 5.26, Avg: 5.26, Steps: 300
DEBUG:simulator.py:[Training 225/1000 episodes] ε: 0.3254, Best: 5.30, Avg: 5.30, Steps: 300
DEBUG:simulator.py:[Training 226/1000 episodes] ε: 0.3237, Best: 5.33, Avg: 5.33, Steps: 300
DEBUG:simulator.py:[Training 227/1000 episodes] ε: 0.3221, Best: 5.34, Avg: 5.34, Steps: 300
DEBUG:simulator.py:[Training 228/1000 episodes] ε: 0.3205, Best: 5.35, Avg: 5.35, Steps: 300
DEBUG:simulator.py:[Training 229/1000 episodes] ε: 0.3189, Best: 5.40, Avg: 5.40, Steps: 300
DEBUG:simulator.py:[Training 230/1000 episodes] ε: 0.3173, Best: 5.40, Avg: 5.40, Steps: 300
DEBUG:simulator.py:[Training 231/1000 episodes] ε: 0.3157, Best: 5.42, Avg: 5.42, Steps: 300
DEBUG:simulator.py:[Training 232/1000 episodes] ε: 0.3141, Best: 5.47, Avg: 5.47, Steps: 300
DEBUG:simulator.py:[Training 233/1000 episodes] ε: 0.3126, Best: 5.56, Avg: 5.56, Steps: 300
DEBUG:simulator.py:[Training 234/1000 episodes] ε: 0.3110, Best: 5.59, Avg: 5.59, Steps: 300
DEBUG:simulator.py:[Training 235/1000 episodes] ε: 0.3095, Best: 5.59, Avg: 5.58, Steps: 300
DEBUG:simulator.py:[Training 236/1000 episodes] ε: 0.3079, Best: 5.66, Avg: 5.66, Steps: 300
DEBUG:simulator.py:[Training 237/1000 episodes] ε: 0.3064, Best: 5.74, Avg: 5.74, Steps: 300
DEBUG:simulator.py:[Training 238/1000 episodes] ε: 0.3048, Best: 5.76, Avg: 5.76, Steps: 300
DEBUG:simulator.py:[Training 239/1000 episodes] ε: 0.3033, Best: 5.84, Avg: 5.84, Steps: 300
DEBUG:simulator.py:[Training 240/1000 episodes] ε: 0.3018, Best: 5.84, Avg: 5.83, Steps: 300
DEBUG:simulator.py:[Training 241/1000 episodes] ε: 0.3003, Best: 5.84, Avg: 5.84, Steps: 300
DEBUG:simulator.py:[Training 242/1000 episodes] ε: 0.2988, Best: 5.86, Avg: 5.86, Steps: 300
DEBUG:simulator.py:[Training 243/1000 episodes] ε: 0.2973, Best: 5.96, Avg: 5.96, Steps: 300
DEBUG:simulator.py:[Training 244/1000 episodes] ε: 0.2958, Best: 6.06, Avg: 6.06, Steps: 300
DEBUG:simulator.py:[Training 245/1000 episodes] ε: 0.2943, Best: 6.09, Avg: 6.09, Steps: 300
DEBUG:simulator.py:[Training 246/1000 episodes] ε: 0.2929, Best: 6.09, Avg: 6.08, Steps: 300
DEBUG:simulator.py:[Training 247/1000 episodes] ε: 0.2914, Best: 6.21, Avg: 6.21, Steps: 300
DEBUG:simulator.py:[Training 248/1000 episodes] ε: 0.2899, Best: 6.23, Avg: 6.23, Steps: 300
DEBUG:simulator.py:[Training 249/1000 episodes] ε: 0.2885, Best: 6.28, Avg: 6.28, Steps: 300
DEBUG:simulator.py:[Training 250/1000 episodes] ε: 0.2870, Best: 6.37, Avg: 6.37, Steps: 300
DEBUG:simulator.py:[Training 251/1000 episodes] ε: 0.2856, Best: 6.41, Avg: 6.41, Steps: 300
DEBUG:simulator.py:[Training 252/1000 episodes] ε: 0.2842, Best: 6.44, Avg: 6.44, Steps: 300
DEBUG:simulator.py:[Training 253/1000 episodes] ε: 0.2828, Best: 6.44, Avg: 6.40, Steps: 300
DEBUG:simulator.py:[Training 254/1000 episodes] ε: 0.2813, Best: 6.44, Avg: 6.38, Steps: 300
DEBUG:simulator.py:[Training 255/1000 episodes] ε: 0.2799, Best: 6.44, Avg: 6.37, Steps: 300
DEBUG:simulator.py:[Training 256/1000 episodes] ε: 0.2785, Best: 6.44, Avg: 6.42, Steps: 300
DEBUG:simulator.py:[Training 257/1000 episodes] ε: 0.2771, Best: 6.48, Avg: 6.48, Steps: 300
DEBUG:simulator.py:[Training 258/1000 episodes] ε: 0.2758, Best: 6.48, Avg: 6.48, Steps: 300
DEBUG:simulator.py:[Training 259/1000 episodes] ε: 0.2744, Best: 6.54, Avg: 6.54, Steps: 300
DEBUG:simulator.py:[Training 260/1000 episodes] ε: 0.2730, Best: 6.55, Avg: 6.55, Steps: 300
DEBUG:simulator.py:[Training 261/1000 episodes] ε: 0.2716, Best: 6.55, Avg: 6.55, Steps: 300
DEBUG:simulator.py:[Training 262/1000 episodes] ε: 0.2703, Best: 6.59, Avg: 6.59, Steps: 300
DEBUG:simulator.py:[Training 263/1000 episodes] ε: 0.2689, Best: 6.59, Avg: 6.57, Steps: 300
DEBUG:simulator.py:[Training 264/1000 episodes] ε: 0.2676, Best: 6.60, Avg: 6.60, Steps: 300
DEBUG:simulator.py:[Training 265/1000 episodes] ε: 0.2663, Best: 6.68, Avg: 6.68, Steps: 300
DEBUG:simulator.py:[Training 266/1000 episodes] ε: 0.2649, Best: 6.68, Avg: 6.66, Steps: 300
DEBUG:simulator.py:[Training 267/1000 episodes] ε: 0.2636, Best: 6.68, Avg: 6.67, Steps: 300
DEBUG:simulator.py:[Training 268/1000 episodes] ε: 0.2623, Best: 6.70, Avg: 6.70, Steps: 300
DEBUG:simulator.py:[Training 269/1000 episodes] ε: 0.2610, Best: 6.76, Avg: 6.76, Steps: 300
DEBUG:simulator.py:[Training 270/1000 episodes] ε: 0.2597, Best: 6.80, Avg: 6.80, Steps: 300
DEBUG:simulator.py:[Training 271/1000 episodes] ε: 0.2584, Best: 6.92, Avg: 6.92, Steps: 300
DEBUG:simulator.py:[Training 272/1000 episodes] ε: 0.2571, Best: 6.93, Avg: 6.93, Steps: 300
DEBUG:simulator.py:[Training 273/1000 episodes] ε: 0.2558, Best: 6.95, Avg: 6.95, Steps: 300
DEBUG:simulator.py:[Training 274/1000 episodes] ε: 0.2545, Best: 6.97, Avg: 6.97, Steps: 300
DEBUG:simulator.py:[Training 275/1000 episodes] ε: 0.2532, Best: 7.00, Avg: 7.00, Steps: 300
DEBUG:simulator.py:[Training 276/1000 episodes] ε: 0.2520, Best: 7.00, Avg: 6.97, Steps: 300
DEBUG:simulator.py:[Training 277/1000 episodes] ε: 0.2507, Best: 7.00, Avg: 6.92, Steps: 300
DEBUG:simulator.py:[Training 278/1000 episodes] ε: 0.2495, Best: 7.00, Avg: 6.94, Steps: 300
DEBUG:simulator.py:[Training 279/1000 episodes] ε: 0.2482, Best: 7.00, Avg: 7.00, Steps: 300
DEBUG:simulator.py:[Training 280/1000 episodes] ε: 0.2470, Best: 7.02, Avg: 7.02, Steps: 300
DEBUG:simulator.py:[Training 281/1000 episodes] ε: 0.2457, Best: 7.02, Avg: 7.01, Steps: 300
DEBUG:simulator.py:[Training 282/1000 episodes] ε: 0.2445, Best: 7.03, Avg: 7.03, Steps: 300
DEBUG:simulator.py:[Training 283/1000 episodes] ε: 0.2433, Best: 7.05, Avg: 7.05, Steps: 300
DEBUG:simulator.py:[Training 284/1000 episodes] ε: 0.2421, Best: 7.10, Avg: 7.10, Steps: 300
DEBUG:simulator.py:[Training 285/1000 episodes] ε: 0.2409, Best: 7.11, Avg: 7.11, Steps: 300
DEBUG:simulator.py:[Training 286/1000 episodes] ε: 0.2397, Best: 7.16, Avg: 7.16, Steps: 300
DEBUG:simulator.py:[Training 287/1000 episodes] ε: 0.2385, Best: 7.16, Avg: 7.14, Steps: 300
DEBUG:simulator.py:[Training 288/1000 episodes] ε: 0.2373, Best: 7.17, Avg: 7.17, Steps: 300
DEBUG:simulator.py:[Training 289/1000 episodes] ε: 0.2361, Best: 7.23, Avg: 7.23, Steps: 300
DEBUG:simulator.py:[Training 290/1000 episodes] ε: 0.2349, Best: 7.24, Avg: 7.24, Steps: 300
DEBUG:simulator.py:[Training 291/1000 episodes] ε: 0.2337, Best: 7.31, Avg: 7.31, Steps: 300
DEBUG:simulator.py:[Training 292/1000 episodes] ε: 0.2326, Best: 7.31, Avg: 7.23, Steps: 300
DEBUG:simulator.py:[Training 293/1000 episodes] ε: 0.2314, Best: 7.31, Avg: 7.23, Steps: 300
DEBUG:simulator.py:[Training 294/1000 episodes] ε: 0.2302, Best: 7.31, Avg: 7.26, Steps: 300
DEBUG:simulator.py:[Training 295/1000 episodes] ε: 0.2291, Best: 7.31, Avg: 7.24, Steps: 300
DEBUG:simulator.py:[Training 296/1000 episodes] ε: 0.2279, Best: 7.31, Avg: 7.28, Steps: 300
DEBUG:simulator.py:[Training 297/1000 episodes] ε: 0.2268, Best: 7.31, Avg: 7.27, Steps: 300
DEBUG:simulator.py:[Training 298/1000 episodes] ε: 0.2257, Best: 7.31, Avg: 7.27, Steps: 300
DEBUG:simulator.py:[Training 299/1000 episodes] ε: 0.2245, Best: 7.31, Avg: 7.29, Steps: 300
DEBUG:simulator.py:[Training 300/1000 episodes] ε: 0.2234, Best: 7.31, Avg: 7.26, Steps: 300
DEBUG:simulator.py:[Training 301/1000 episodes] ε: 0.2223, Best: 7.32, Avg: 7.32, Steps: 300
DEBUG:simulator.py:[Training 302/1000 episodes] ε: 0.2212, Best: 7.34, Avg: 7.34, Steps: 300
DEBUG:simulator.py:[Training 303/1000 episodes] ε: 0.2201, Best: 7.36, Avg: 7.36, Steps: 300
DEBUG:simulator.py:[Training 304/1000 episodes] ε: 0.2190, Best: 7.36, Avg: 7.35, Steps: 300
DEBUG:simulator.py:[Training 305/1000 episodes] ε: 0.2179, Best: 7.41, Avg: 7.41, Steps: 300
DEBUG:simulator.py:[Training 306/1000 episodes] ε: 0.2168, Best: 7.50, Avg: 7.50, Steps: 300
DEBUG:simulator.py:[Training 307/1000 episodes] ε: 0.2157, Best: 7.51, Avg: 7.51, Steps: 300
DEBUG:simulator.py:[Training 308/1000 episodes] ε: 0.2146, Best: 7.53, Avg: 7.53, Steps: 300
DEBUG:simulator.py:[Training 309/1000 episodes] ε: 0.2136, Best: 7.63, Avg: 7.63, Steps: 300
DEBUG:simulator.py:[Training 310/1000 episodes] ε: 0.2125, Best: 7.75, Avg: 7.75, Steps: 300
DEBUG:simulator.py:[Training 311/1000 episodes] ε: 0.2114, Best: 7.77, Avg: 7.77, Steps: 300
DEBUG:simulator.py:[Training 312/1000 episodes] ε: 0.2104, Best: 7.79, Avg: 7.79, Steps: 300
DEBUG:simulator.py:[Training 313/1000 episodes] ε: 0.2093, Best: 7.82, Avg: 7.82, Steps: 300
DEBUG:simulator.py:[Training 314/1000 episodes] ε: 0.2083, Best: 7.82, Avg: 7.81, Steps: 300
DEBUG:simulator.py:[Training 315/1000 episodes] ε: 0.2072, Best: 7.83, Avg: 7.83, Steps: 300
DEBUG:simulator.py:[Training 316/1000 episodes] ε: 0.2062, Best: 7.84, Avg: 7.84, Steps: 300
DEBUG:simulator.py:[Training 317/1000 episodes] ε: 0.2052, Best: 7.89, Avg: 7.89, Steps: 300
DEBUG:simulator.py:[Training 318/1000 episodes] ε: 0.2041, Best: 7.99, Avg: 7.99, Steps: 300
DEBUG:simulator.py:[Training 319/1000 episodes] ε: 0.2031, Best: 8.01, Avg: 8.01, Steps: 300
DEBUG:simulator.py:[Training 320/1000 episodes] ε: 0.2021, Best: 8.08, Avg: 8.08, Steps: 300
DEBUG:simulator.py:[Training 321/1000 episodes] ε: 0.2011, Best: 8.11, Avg: 8.11, Steps: 300
DEBUG:simulator.py:[Training 322/1000 episodes] ε: 0.2001, Best: 8.19, Avg: 8.19, Steps: 300
DEBUG:simulator.py:[Training 323/1000 episodes] ε: 0.1991, Best: 8.20, Avg: 8.20, Steps: 300
DEBUG:simulator.py:[Training 324/1000 episodes] ε: 0.1981, Best: 8.20, Avg: 8.13, Steps: 300
DEBUG:simulator.py:[Training 325/1000 episodes] ε: 0.1971, Best: 8.20, Avg: 8.19, Steps: 300
DEBUG:simulator.py:[Training 326/1000 episodes] ε: 0.1961, Best: 8.31, Avg: 8.31, Steps: 300
DEBUG:simulator.py:[Training 327/1000 episodes] ε: 0.1951, Best: 8.34, Avg: 8.34, Steps: 300
DEBUG:simulator.py:[Training 328/1000 episodes] ε: 0.1942, Best: 8.44, Avg: 8.44, Steps: 300
DEBUG:simulator.py:[Training 329/1000 episodes] ε: 0.1932, Best: 8.50, Avg: 8.50, Steps: 300
DEBUG:simulator.py:[Training 330/1000 episodes] ε: 0.1922, Best: 8.55, Avg: 8.55, Steps: 300
DEBUG:simulator.py:[Training 331/1000 episodes] ε: 0.1913, Best: 8.55, Avg: 8.52, Steps: 300
DEBUG:simulator.py:[Training 332/1000 episodes] ε: 0.1903, Best: 8.55, Avg: 8.47, Steps: 300
DEBUG:simulator.py:[Training 333/1000 episodes] ε: 0.1893, Best: 8.55, Avg: 8.39, Steps: 300
DEBUG:simulator.py:[Training 334/1000 episodes] ε: 0.1884, Best: 8.55, Avg: 8.39, Steps: 300
DEBUG:simulator.py:[Training 335/1000 episodes] ε: 0.1875, Best: 8.55, Avg: 8.51, Steps: 300
DEBUG:simulator.py:[Training 336/1000 episodes] ε: 0.1865, Best: 8.55, Avg: 8.51, Steps: 300
DEBUG:simulator.py:[Training 337/1000 episodes] ε: 0.1856, Best: 8.55, Avg: 8.53, Steps: 300
DEBUG:simulator.py:[Training 338/1000 episodes] ε: 0.1847, Best: 8.59, Avg: 8.59, Steps: 300
DEBUG:simulator.py:[Training 339/1000 episodes] ε: 0.1837, Best: 8.61, Avg: 8.61, Steps: 300
DEBUG:simulator.py:[Training 340/1000 episodes] ε: 0.1828, Best: 8.65, Avg: 8.65, Steps: 300
DEBUG:simulator.py:[Training 341/1000 episodes] ε: 0.1819, Best: 8.69, Avg: 8.69, Steps: 300
DEBUG:simulator.py:[Training 342/1000 episodes] ε: 0.1810, Best: 8.74, Avg: 8.74, Steps: 300
DEBUG:simulator.py:[Training 343/1000 episodes] ε: 0.1801, Best: 8.74, Avg: 8.70, Steps: 300
DEBUG:simulator.py:[Training 344/1000 episodes] ε: 0.1792, Best: 8.74, Avg: 8.63, Steps: 300
DEBUG:simulator.py:[Training 345/1000 episodes] ε: 0.1783, Best: 8.74, Avg: 8.71, Steps: 300
DEBUG:simulator.py:[Training 346/1000 episodes] ε: 0.1774, Best: 8.74, Avg: 8.71, Steps: 300
DEBUG:simulator.py:[Training 347/1000 episodes] ε: 0.1765, Best: 8.74, Avg: 8.65, Steps: 300
DEBUG:simulator.py:[Training 348/1000 episodes] ε: 0.1756, Best: 8.74, Avg: 8.59, Steps: 300
DEBUG:simulator.py:[Training 349/1000 episodes] ε: 0.1748, Best: 8.74, Avg: 8.56, Steps: 300
DEBUG:simulator.py:[Training 350/1000 episodes] ε: 0.1739, Best: 8.74, Avg: 8.61, Steps: 300
DEBUG:simulator.py:[Training 351/1000 episodes] ε: 0.1730, Best: 8.74, Avg: 8.63, Steps: 300
DEBUG:simulator.py:[Training 352/1000 episodes] ε: 0.1721, Best: 8.74, Avg: 8.56, Steps: 300
DEBUG:simulator.py:[Training 353/1000 episodes] ε: 0.1713, Best: 8.74, Avg: 8.62, Steps: 300
DEBUG:simulator.py:[Training 354/1000 episodes] ε: 0.1704, Best: 8.74, Avg: 8.73, Steps: 300
DEBUG:simulator.py:[Training 355/1000 episodes] ε: 0.1696, Best: 8.86, Avg: 8.86, Steps: 300
DEBUG:simulator.py:[Training 356/1000 episodes] ε: 0.1687, Best: 8.86, Avg: 8.75, Steps: 300
DEBUG:simulator.py:[Training 357/1000 episodes] ε: 0.1679, Best: 8.86, Avg: 8.67, Steps: 300
DEBUG:simulator.py:[Training 358/1000 episodes] ε: 0.1670, Best: 8.86, Avg: 8.67, Steps: 300
DEBUG:simulator.py:[Training 359/1000 episodes] ε: 0.1662, Best: 8.86, Avg: 8.69, Steps: 300
DEBUG:simulator.py:[Training 360/1000 episodes] ε: 0.1654, Best: 8.86, Avg: 8.74, Steps: 300
DEBUG:simulator.py:[Training 361/1000 episodes] ε: 0.1646, Best: 8.87, Avg: 8.87, Steps: 300
DEBUG:simulator.py:[Training 362/1000 episodes] ε: 0.1637, Best: 8.87, Avg: 8.79, Steps: 300
DEBUG:simulator.py:[Training 363/1000 episodes] ε: 0.1629, Best: 8.87, Avg: 8.84, Steps: 300
DEBUG:simulator.py:[Training 364/1000 episodes] ε: 0.1621, Best: 8.89, Avg: 8.89, Steps: 300
DEBUG:simulator.py:[Training 365/1000 episodes] ε: 0.1613, Best: 8.92, Avg: 8.92, Steps: 300
DEBUG:simulator.py:[Training 366/1000 episodes] ε: 0.1605, Best: 9.05, Avg: 9.05, Steps: 300
DEBUG:simulator.py:[Training 367/1000 episodes] ε: 0.1597, Best: 9.16, Avg: 9.16, Steps: 300
DEBUG:simulator.py:[Training 368/1000 episodes] ε: 0.1589, Best: 9.20, Avg: 9.20, Steps: 300
DEBUG:simulator.py:[Training 369/1000 episodes] ε: 0.1581, Best: 9.25, Avg: 9.25, Steps: 300
DEBUG:simulator.py:[Training 370/1000 episodes] ε: 0.1573, Best: 9.25, Avg: 9.20, Steps: 300
DEBUG:simulator.py:[Training 371/1000 episodes] ε: 0.1565, Best: 9.25, Avg: 9.13, Steps: 300
DEBUG:simulator.py:[Training 372/1000 episodes] ε: 0.1557, Best: 9.25, Avg: 9.15, Steps: 300
DEBUG:simulator.py:[Training 373/1000 episodes] ε: 0.1549, Best: 9.25, Avg: 9.16, Steps: 300
DEBUG:simulator.py:[Training 374/1000 episodes] ε: 0.1542, Best: 9.25, Avg: 9.23, Steps: 300
DEBUG:simulator.py:[Training 375/1000 episodes] ε: 0.1534, Best: 9.27, Avg: 9.27, Steps: 300
DEBUG:simulator.py:[Training 376/1000 episodes] ε: 0.1526, Best: 9.32, Avg: 9.32, Steps: 300
DEBUG:simulator.py:[Training 377/1000 episodes] ε: 0.1519, Best: 9.35, Avg: 9.35, Steps: 300
DEBUG:simulator.py:[Training 378/1000 episodes] ε: 0.1511, Best: 9.41, Avg: 9.41, Steps: 300
DEBUG:simulator.py:[Training 379/1000 episodes] ε: 0.1504, Best: 9.42, Avg: 9.42, Steps: 300
DEBUG:simulator.py:[Training 380/1000 episodes] ε: 0.1496, Best: 9.42, Avg: 9.38, Steps: 300
DEBUG:simulator.py:[Training 381/1000 episodes] ε: 0.1489, Best: 9.42, Avg: 9.41, Steps: 300
DEBUG:simulator.py:[Training 382/1000 episodes] ε: 0.1481, Best: 9.51, Avg: 9.51, Steps: 300
DEBUG:simulator.py:[Training 383/1000 episodes] ε: 0.1474, Best: 9.55, Avg: 9.55, Steps: 300
DEBUG:simulator.py:[Training 384/1000 episodes] ε: 0.1466, Best: 9.61, Avg: 9.61, Steps: 300
DEBUG:simulator.py:[Training 385/1000 episodes] ε: 0.1459, Best: 9.74, Avg: 9.74, Steps: 300
DEBUG:simulator.py:[Training 386/1000 episodes] ε: 0.1452, Best: 9.74, Avg: 9.70, Steps: 300
DEBUG:simulator.py:[Training 387/1000 episodes] ε: 0.1444, Best: 9.80, Avg: 9.80, Steps: 300
DEBUG:simulator.py:[Training 388/1000 episodes] ε: 0.1437, Best: 9.84, Avg: 9.84, Steps: 300
DEBUG:simulator.py:[Training 389/1000 episodes] ε: 0.1430, Best: 9.87, Avg: 9.87, Steps: 300
DEBUG:simulator.py:[Training 390/1000 episodes] ε: 0.1423, Best: 9.92, Avg: 9.92, Steps: 300
DEBUG:simulator.py:[Training 391/1000 episodes] ε: 0.1416, Best: 9.99, Avg: 9.99, Steps: 300
DEBUG:simulator.py:[Training 392/1000 episodes] ε: 0.1409, Best: 10.11, Avg: 10.11, Steps: 300
DEBUG:simulator.py:[Training 393/1000 episodes] ε: 0.1402, Best: 10.16, Avg: 10.16, Steps: 300
DEBUG:simulator.py:[Training 394/1000 episodes] ε: 0.1395, Best: 10.16, Avg: 10.10, Steps: 300
DEBUG:simulator.py:[Training 395/1000 episodes] ε: 0.1388, Best: 10.17, Avg: 10.17, Steps: 300
DEBUG:simulator.py:[Training 396/1000 episodes] ε: 0.1381, Best: 10.19, Avg: 10.19, Steps: 300
DEBUG:simulator.py:[Training 397/1000 episodes] ε: 0.1374, Best: 10.27, Avg: 10.27, Steps: 300
DEBUG:simulator.py:[Training 398/1000 episodes] ε: 0.1367, Best: 10.31, Avg: 10.31, Steps: 300
DEBUG:simulator.py:[Training 399/1000 episodes] ε: 0.1360, Best: 10.36, Avg: 10.36, Steps: 300
DEBUG:simulator.py:[Training 400/1000 episodes] ε: 0.1353, Best: 10.36, Avg: 10.36, Steps: 300
DEBUG:simulator.py:[Training 401/1000 episodes] ε: 0.1347, Best: 10.45, Avg: 10.45, Steps: 300
DEBUG:simulator.py:[Training 402/1000 episodes] ε: 0.1340, Best: 10.45, Avg: 10.42, Steps: 300
DEBUG:simulator.py:[Training 403/1000 episodes] ε: 0.1333, Best: 10.45, Avg: 10.44, Steps: 300
DEBUG:simulator.py:[Training 404/1000 episodes] ε: 0.1326, Best: 10.45, Avg: 10.43, Steps: 300
DEBUG:simulator.py:[Training 405/1000 episodes] ε: 0.1320, Best: 10.45, Avg: 10.43, Steps: 300
DEBUG:simulator.py:[Training 406/1000 episodes] ε: 0.1313, Best: 10.45, Avg: 10.35, Steps: 300
DEBUG:simulator.py:[Training 407/1000 episodes] ε: 0.1307, Best: 10.45, Avg: 10.41, Steps: 300
DEBUG:simulator.py:[Training 408/1000 episodes] ε: 0.1300, Best: 10.46, Avg: 10.46, Steps: 300
DEBUG:simulator.py:[Training 409/1000 episodes] ε: 0.1294, Best: 10.46, Avg: 10.43, Steps: 300
DEBUG:simulator.py:[Training 410/1000 episodes] ε: 0.1287, Best: 10.46, Avg: 10.40, Steps: 300
DEBUG:simulator.py:[Training 411/1000 episodes] ε: 0.1281, Best: 10.46, Avg: 10.42, Steps: 300
DEBUG:simulator.py:[Training 412/1000 episodes] ε: 0.1274, Best: 10.51, Avg: 10.51, Steps: 300
DEBUG:simulator.py:[Training 413/1000 episodes] ε: 0.1268, Best: 10.61, Avg: 10.61, Steps: 300
DEBUG:simulator.py:[Training 414/1000 episodes] ε: 0.1262, Best: 10.67, Avg: 10.67, Steps: 300
DEBUG:simulator.py:[Training 415/1000 episodes] ε: 0.1255, Best: 10.73, Avg: 10.73, Steps: 300
DEBUG:simulator.py:[Training 416/1000 episodes] ε: 0.1249, Best: 10.82, Avg: 10.82, Steps: 300
DEBUG:simulator.py:[Training 417/1000 episodes] ε: 0.1243, Best: 10.82, Avg: 10.81, Steps: 300
DEBUG:simulator.py:[Training 418/1000 episodes] ε: 0.1237, Best: 10.82, Avg: 10.78, Steps: 300
DEBUG:simulator.py:[Training 419/1000 episodes] ε: 0.1230, Best: 10.82, Avg: 10.77, Steps: 300
DEBUG:simulator.py:[Training 420/1000 episodes] ε: 0.1224, Best: 10.82, Avg: 10.67, Steps: 300
DEBUG:simulator.py:[Training 421/1000 episodes] ε: 0.1218, Best: 10.82, Avg: 10.76, Steps: 300
DEBUG:simulator.py:[Training 422/1000 episodes] ε: 0.1212, Best: 10.82, Avg: 10.79, Steps: 300
DEBUG:simulator.py:[Training 423/1000 episodes] ε: 0.1206, Best: 10.82, Avg: 10.80, Steps: 300
DEBUG:simulator.py:[Training 424/1000 episodes] ε: 0.1200, Best: 10.88, Avg: 10.88, Steps: 300
DEBUG:simulator.py:[Training 425/1000 episodes] ε: 0.1194, Best: 10.96, Avg: 10.96, Steps: 300
DEBUG:simulator.py:[Training 426/1000 episodes] ε: 0.1188, Best: 10.96, Avg: 10.86, Steps: 300
DEBUG:simulator.py:[Training 427/1000 episodes] ε: 0.1182, Best: 10.96, Avg: 10.96, Steps: 300
DEBUG:simulator.py:[Training 428/1000 episodes] ε: 0.1176, Best: 10.99, Avg: 10.99, Steps: 300
DEBUG:simulator.py:[Training 429/1000 episodes] ε: 0.1170, Best: 10.99, Avg: 10.98, Steps: 300
DEBUG:simulator.py:[Training 430/1000 episodes] ε: 0.1164, Best: 10.99, Avg: 10.99, Steps: 300
DEBUG:simulator.py:[Training 431/1000 episodes] ε: 0.1159, Best: 11.12, Avg: 11.12, Steps: 300
DEBUG:simulator.py:[Training 432/1000 episodes] ε: 0.1153, Best: 11.20, Avg: 11.20, Steps: 300
DEBUG:simulator.py:[Training 433/1000 episodes] ε: 0.1147, Best: 11.34, Avg: 11.34, Steps: 300
DEBUG:simulator.py:[Training 434/1000 episodes] ε: 0.1141, Best: 11.39, Avg: 11.39, Steps: 300
DEBUG:simulator.py:[Training 435/1000 episodes] ε: 0.1136, Best: 11.39, Avg: 11.36, Steps: 300
DEBUG:simulator.py:[Training 436/1000 episodes] ε: 0.1130, Best: 11.39, Avg: 11.38, Steps: 300
DEBUG:simulator.py:[Training 437/1000 episodes] ε: 0.1124, Best: 11.39, Avg: 11.38, Steps: 300
DEBUG:simulator.py:[Training 438/1000 episodes] ε: 0.1119, Best: 11.40, Avg: 11.40, Steps: 300
DEBUG:simulator.py:[Training 439/1000 episodes] ε: 0.1113, Best: 11.45, Avg: 11.45, Steps: 300
DEBUG:simulator.py:[Training 440/1000 episodes] ε: 0.1107, Best: 11.51, Avg: 11.51, Steps: 300
DEBUG:simulator.py:[Training 441/1000 episodes] ε: 0.1102, Best: 11.51, Avg: 11.45, Steps: 300
DEBUG:simulator.py:[Training 442/1000 episodes] ε: 0.1096, Best: 11.51, Avg: 11.51, Steps: 300
DEBUG:simulator.py:[Training 443/1000 episodes] ε: 0.1091, Best: 11.60, Avg: 11.60, Steps: 300
DEBUG:simulator.py:[Training 444/1000 episodes] ε: 0.1085, Best: 11.72, Avg: 11.72, Steps: 300
DEBUG:simulator.py:[Training 445/1000 episodes] ε: 0.1080, Best: 11.72, Avg: 11.67, Steps: 300
DEBUG:simulator.py:[Training 446/1000 episodes] ε: 0.1075, Best: 11.75, Avg: 11.75, Steps: 300
DEBUG:simulator.py:[Training 447/1000 episodes] ε: 0.1069, Best: 11.86, Avg: 11.86, Steps: 300
DEBUG:simulator.py:[Training 448/1000 episodes] ε: 0.1064, Best: 11.88, Avg: 11.88, Steps: 300
DEBUG:simulator.py:[Training 449/1000 episodes] ε: 0.1059, Best: 11.88, Avg: 11.85, Steps: 300
DEBUG:simulator.py:[Training 450/1000 episodes] ε: 0.1053, Best: 11.88, Avg: 11.85, Steps: 300
DEBUG:simulator.py:[Training 451/1000 episodes] ε: 0.1048, Best: 11.89, Avg: 11.89, Steps: 300
DEBUG:simulator.py:[Training 452/1000 episodes] ε: 0.1043, Best: 12.03, Avg: 12.03, Steps: 300
DEBUG:simulator.py:[Training 453/1000 episodes] ε: 0.1038, Best: 12.03, Avg: 12.01, Steps: 300
DEBUG:simulator.py:[Training 454/1000 episodes] ε: 0.1032, Best: 12.04, Avg: 12.04, Steps: 300
DEBUG:simulator.py:[Training 455/1000 episodes] ε: 0.1027, Best: 12.04, Avg: 11.94, Steps: 300
DEBUG:simulator.py:[Training 456/1000 episodes] ε: 0.1022, Best: 12.06, Avg: 12.06, Steps: 300
DEBUG:simulator.py:[Training 457/1000 episodes] ε: 0.1017, Best: 12.22, Avg: 12.22, Steps: 300
DEBUG:simulator.py:[Training 458/1000 episodes] ε: 0.1012, Best: 12.31, Avg: 12.31, Steps: 300
DEBUG:simulator.py:[Training 459/1000 episodes] ε: 0.1007, Best: 12.37, Avg: 12.37, Steps: 300
DEBUG:simulator.py:[Training 460/1000 episodes] ε: 0.1002, Best: 12.37, Avg: 12.32, Steps: 300
DEBUG:simulator.py:[Training 461/1000 episodes] ε: 0.0997, Best: 12.37, Avg: 12.30, Steps: 300
DEBUG:simulator.py:[Training 462/1000 episodes] ε: 0.0992, Best: 12.37, Avg: 12.34, Steps: 300
DEBUG:simulator.py:[Training 463/1000 episodes] ε: 0.0987, Best: 12.37, Avg: 12.31, Steps: 300
DEBUG:simulator.py:[Training 464/1000 episodes] ε: 0.0982, Best: 12.37, Avg: 12.30, Steps: 300
DEBUG:simulator.py:[Training 465/1000 episodes] ε: 0.0977, Best: 12.38, Avg: 12.38, Steps: 300
DEBUG:simulator.py:[Training 466/1000 episodes] ε: 0.0972, Best: 12.38, Avg: 12.36, Steps: 300
DEBUG:simulator.py:[Training 467/1000 episodes] ε: 0.0967, Best: 12.38, Avg: 12.32, Steps: 300
DEBUG:simulator.py:[Training 468/1000 episodes] ε: 0.0962, Best: 12.38, Avg: 12.38, Steps: 300
DEBUG:simulator.py:[Training 469/1000 episodes] ε: 0.0958, Best: 12.38, Avg: 12.34, Steps: 300
DEBUG:simulator.py:[Training 470/1000 episodes] ε: 0.0953, Best: 12.40, Avg: 12.40, Steps: 300
DEBUG:simulator.py:[Training 471/1000 episodes] ε: 0.0948, Best: 12.55, Avg: 12.55, Steps: 300
DEBUG:simulator.py:[Training 472/1000 episodes] ε: 0.0943, Best: 12.58, Avg: 12.58, Steps: 300
DEBUG:simulator.py:[Training 473/1000 episodes] ε: 0.0939, Best: 12.64, Avg: 12.64, Steps: 300
DEBUG:simulator.py:[Training 474/1000 episodes] ε: 0.0934, Best: 12.72, Avg: 12.72, Steps: 300
DEBUG:simulator.py:[Training 475/1000 episodes] ε: 0.0929, Best: 12.72, Avg: 12.72, Steps: 300
DEBUG:simulator.py:[Training 476/1000 episodes] ε: 0.0925, Best: 12.72, Avg: 12.72, Steps: 300
DEBUG:simulator.py:[Training 477/1000 episodes] ε: 0.0920, Best: 12.78, Avg: 12.78, Steps: 300
DEBUG:simulator.py:[Training 478/1000 episodes] ε: 0.0915, Best: 12.82, Avg: 12.82, Steps: 300
DEBUG:simulator.py:[Training 479/1000 episodes] ε: 0.0911, Best: 12.87, Avg: 12.87, Steps: 300
DEBUG:simulator.py:[Training 480/1000 episodes] ε: 0.0906, Best: 12.90, Avg: 12.90, Steps: 300
DEBUG:simulator.py:[Training 481/1000 episodes] ε: 0.0902, Best: 12.97, Avg: 12.97, Steps: 300
DEBUG:simulator.py:[Training 482/1000 episodes] ε: 0.0897, Best: 12.97, Avg: 12.96, Steps: 300
DEBUG:simulator.py:[Training 483/1000 episodes] ε: 0.0893, Best: 12.97, Avg: 12.92, Steps: 300
DEBUG:simulator.py:[Training 484/1000 episodes] ε: 0.0888, Best: 12.97, Avg: 12.91, Steps: 300
DEBUG:simulator.py:[Training 485/1000 episodes] ε: 0.0884, Best: 12.97, Avg: 12.92, Steps: 300
DEBUG:simulator.py:[Training 486/1000 episodes] ε: 0.0879, Best: 13.04, Avg: 13.04, Steps: 300
DEBUG:simulator.py:[Training 487/1000 episodes] ε: 0.0875, Best: 13.04, Avg: 12.99, Steps: 300
DEBUG:simulator.py:[Training 488/1000 episodes] ε: 0.0871, Best: 13.04, Avg: 13.00, Steps: 300
DEBUG:simulator.py:[Training 489/1000 episodes] ε: 0.0866, Best: 13.09, Avg: 13.09, Steps: 300
DEBUG:simulator.py:[Training 490/1000 episodes] ε: 0.0862, Best: 13.09, Avg: 13.06, Steps: 300
DEBUG:simulator.py:[Training 491/1000 episodes] ε: 0.0858, Best: 13.09, Avg: 13.04, Steps: 300
DEBUG:simulator.py:[Training 492/1000 episodes] ε: 0.0853, Best: 13.09, Avg: 13.08, Steps: 300
DEBUG:simulator.py:[Training 493/1000 episodes] ε: 0.0849, Best: 13.15, Avg: 13.15, Steps: 300
DEBUG:simulator.py:[Training 494/1000 episodes] ε: 0.0845, Best: 13.24, Avg: 13.24, Steps: 300
DEBUG:simulator.py:[Training 495/1000 episodes] ε: 0.0841, Best: 13.24, Avg: 13.22, Steps: 300
DEBUG:simulator.py:[Training 496/1000 episodes] ε: 0.0836, Best: 13.24, Avg: 13.23, Steps: 300
DEBUG:simulator.py:[Training 497/1000 episodes] ε: 0.0832, Best: 13.31, Avg: 13.31, Steps: 300
DEBUG:simulator.py:[Training 498/1000 episodes] ε: 0.0828, Best: 13.32, Avg: 13.32, Steps: 300
DEBUG:simulator.py:[Training 499/1000 episodes] ε: 0.0824, Best: 13.38, Avg: 13.38, Steps: 300
DEBUG:simulator.py:[Training 500/1000 episodes] ε: 0.0820, Best: 13.38, Avg: 13.37, Steps: 300
DEBUG:simulator.py:[Training 501/1000 episodes] ε: 0.0816, Best: 13.38, Avg: 13.34, Steps: 300
DEBUG:simulator.py:[Training 502/1000 episodes] ε: 0.0812, Best: 13.43, Avg: 13.43, Steps: 300
DEBUG:simulator.py:[Training 503/1000 episodes] ε: 0.0808, Best: 13.48, Avg: 13.48, Steps: 300
DEBUG:simulator.py:[Training 504/1000 episodes] ε: 0.0804, Best: 13.51, Avg: 13.51, Steps: 300
DEBUG:simulator.py:[Training 505/1000 episodes] ε: 0.0800, Best: 13.55, Avg: 13.55, Steps: 300
DEBUG:simulator.py:[Training 506/1000 episodes] ε: 0.0796, Best: 13.60, Avg: 13.60, Steps: 300
DEBUG:simulator.py:[Training 507/1000 episodes] ε: 0.0792, Best: 13.61, Avg: 13.61, Steps: 300
DEBUG:simulator.py:[Training 508/1000 episodes] ε: 0.0788, Best: 13.61, Avg: 13.59, Steps: 300
DEBUG:simulator.py:[Training 509/1000 episodes] ε: 0.0784, Best: 13.62, Avg: 13.62, Steps: 300
DEBUG:simulator.py:[Training 510/1000 episodes] ε: 0.0780, Best: 13.64, Avg: 13.64, Steps: 300
DEBUG:simulator.py:[Training 511/1000 episodes] ε: 0.0776, Best: 13.72, Avg: 13.72, Steps: 300
DEBUG:simulator.py:[Training 512/1000 episodes] ε: 0.0772, Best: 13.75, Avg: 13.75, Steps: 300
DEBUG:simulator.py:[Training 513/1000 episodes] ε: 0.0768, Best: 13.75, Avg: 13.74, Steps: 300
DEBUG:simulator.py:[Training 514/1000 episodes] ε: 0.0764, Best: 13.82, Avg: 13.82, Steps: 300
DEBUG:simulator.py:[Training 515/1000 episodes] ε: 0.0760, Best: 13.84, Avg: 13.84, Steps: 300
DEBUG:simulator.py:[Training 516/1000 episodes] ε: 0.0757, Best: 13.84, Avg: 13.84, Steps: 300
DEBUG:simulator.py:[Training 517/1000 episodes] ε: 0.0753, Best: 13.92, Avg: 13.92, Steps: 300
DEBUG:simulator.py:[Training 518/1000 episodes] ε: 0.0749, Best: 13.99, Avg: 13.99, Steps: 300
DEBUG:simulator.py:[Training 519/1000 episodes] ε: 0.0745, Best: 13.99, Avg: 13.95, Steps: 300
DEBUG:simulator.py:[Training 520/1000 episodes] ε: 0.0742, Best: 14.08, Avg: 14.08, Steps: 300
DEBUG:simulator.py:[Training 521/1000 episodes] ε: 0.0738, Best: 14.08, Avg: 14.08, Steps: 300
DEBUG:simulator.py:[Training 522/1000 episodes] ε: 0.0734, Best: 14.08, Avg: 14.08, Steps: 300
DEBUG:simulator.py:[Training 523/1000 episodes] ε: 0.0731, Best: 14.17, Avg: 14.17, Steps: 300
DEBUG:simulator.py:[Training 524/1000 episodes] ε: 0.0727, Best: 14.21, Avg: 14.21, Steps: 300
DEBUG:simulator.py:[Training 525/1000 episodes] ε: 0.0723, Best: 14.21, Avg: 14.14, Steps: 300
DEBUG:simulator.py:[Training 526/1000 episodes] ε: 0.0720, Best: 14.25, Avg: 14.25, Steps: 300
DEBUG:simulator.py:[Training 527/1000 episodes] ε: 0.0716, Best: 14.25, Avg: 14.20, Steps: 300
DEBUG:simulator.py:[Training 528/1000 episodes] ε: 0.0712, Best: 14.25, Avg: 14.17, Steps: 300
DEBUG:simulator.py:[Training 529/1000 episodes] ε: 0.0709, Best: 14.25, Avg: 14.16, Steps: 300
DEBUG:simulator.py:[Training 530/1000 episodes] ε: 0.0705, Best: 14.25, Avg: 14.18, Steps: 300
DEBUG:simulator.py:[Training 531/1000 episodes] ε: 0.0702, Best: 14.25, Avg: 14.22, Steps: 300
DEBUG:simulator.py:[Training 532/1000 episodes] ε: 0.0698, Best: 14.25, Avg: 14.23, Steps: 300
DEBUG:simulator.py:[Training 533/1000 episodes] ε: 0.0695, Best: 14.25, Avg: 14.09, Steps: 300
DEBUG:simulator.py:[Training 534/1000 episodes] ε: 0.0691, Best: 14.25, Avg: 14.08, Steps: 300
DEBUG:simulator.py:[Training 535/1000 episodes] ε: 0.0688, Best: 14.25, Avg: 14.09, Steps: 300
DEBUG:simulator.py:[Training 536/1000 episodes] ε: 0.0684, Best: 14.25, Avg: 14.05, Steps: 300
DEBUG:simulator.py:[Training 537/1000 episodes] ε: 0.0681, Best: 14.25, Avg: 14.13, Steps: 300
DEBUG:simulator.py:[Training 538/1000 episodes] ε: 0.0678, Best: 14.25, Avg: 14.15, Steps: 300
DEBUG:simulator.py:[Training 539/1000 episodes] ε: 0.0674, Best: 14.25, Avg: 14.17, Steps: 300
DEBUG:simulator.py:[Training 540/1000 episodes] ε: 0.0671, Best: 14.25, Avg: 14.20, Steps: 300
DEBUG:simulator.py:[Training 541/1000 episodes] ε: 0.0668, Best: 14.31, Avg: 14.31, Steps: 300
DEBUG:simulator.py:[Training 542/1000 episodes] ε: 0.0664, Best: 14.31, Avg: 14.28, Steps: 300
DEBUG:simulator.py:[Training 543/1000 episodes] ε: 0.0661, Best: 14.31, Avg: 14.29, Steps: 300
DEBUG:simulator.py:[Training 544/1000 episodes] ε: 0.0658, Best: 14.33, Avg: 14.33, Steps: 300
DEBUG:simulator.py:[Training 545/1000 episodes] ε: 0.0654, Best: 14.38, Avg: 14.38, Steps: 300
DEBUG:simulator.py:[Training 546/1000 episodes] ε: 0.0651, Best: 14.38, Avg: 14.29, Steps: 300
DEBUG:simulator.py:[Training 547/1000 episodes] ε: 0.0648, Best: 14.38, Avg: 14.27, Steps: 300
DEBUG:simulator.py:[Training 548/1000 episodes] ε: 0.0645, Best: 14.38, Avg: 14.34, Steps: 300
DEBUG:simulator.py:[Training 549/1000 episodes] ε: 0.0641, Best: 14.45, Avg: 14.45, Steps: 300
DEBUG:simulator.py:[Training 550/1000 episodes] ε: 0.0638, Best: 14.45, Avg: 14.41, Steps: 300
DEBUG:simulator.py:[Training 551/1000 episodes] ε: 0.0635, Best: 14.45, Avg: 14.39, Steps: 300
DEBUG:simulator.py:[Training 552/1000 episodes] ε: 0.0632, Best: 14.45, Avg: 14.42, Steps: 300
DEBUG:simulator.py:[Training 553/1000 episodes] ε: 0.0629, Best: 14.46, Avg: 14.46, Steps: 300
DEBUG:simulator.py:[Training 554/1000 episodes] ε: 0.0625, Best: 14.46, Avg: 14.37, Steps: 300
DEBUG:simulator.py:[Training 555/1000 episodes] ε: 0.0622, Best: 14.51, Avg: 14.51, Steps: 300
DEBUG:simulator.py:[Training 556/1000 episodes] ε: 0.0619, Best: 14.60, Avg: 14.60, Steps: 300
DEBUG:simulator.py:[Training 557/1000 episodes] ε: 0.0616, Best: 14.60, Avg: 14.59, Steps: 300
DEBUG:simulator.py:[Training 558/1000 episodes] ε: 0.0613, Best: 14.62, Avg: 14.62, Steps: 300
DEBUG:simulator.py:[Training 559/1000 episodes] ε: 0.0610, Best: 14.62, Avg: 14.60, Steps: 300
DEBUG:simulator.py:[Training 560/1000 episodes] ε: 0.0607, Best: 14.65, Avg: 14.65, Steps: 300
DEBUG:simulator.py:[Training 561/1000 episodes] ε: 0.0604, Best: 14.65, Avg: 14.60, Steps: 300
DEBUG:simulator.py:[Training 562/1000 episodes] ε: 0.0601, Best: 14.66, Avg: 14.66, Steps: 300
DEBUG:simulator.py:[Training 563/1000 episodes] ε: 0.0598, Best: 14.66, Avg: 14.66, Steps: 300
DEBUG:simulator.py:[Training 564/1000 episodes] ε: 0.0595, Best: 14.71, Avg: 14.71, Steps: 300
DEBUG:simulator.py:[Training 565/1000 episodes] ε: 0.0592, Best: 14.71, Avg: 14.71, Steps: 300
DEBUG:simulator.py:[Training 566/1000 episodes] ε: 0.0589, Best: 14.77, Avg: 14.77, Steps: 300
DEBUG:simulator.py:[Training 567/1000 episodes] ε: 0.0586, Best: 14.86, Avg: 14.86, Steps: 300
DEBUG:simulator.py:[Training 568/1000 episodes] ε: 0.0583, Best: 14.86, Avg: 14.81, Steps: 300
DEBUG:simulator.py:[Training 569/1000 episodes] ε: 0.0580, Best: 14.86, Avg: 14.86, Steps: 300
DEBUG:simulator.py:[Training 570/1000 episodes] ε: 0.0577, Best: 14.91, Avg: 14.91, Steps: 300
DEBUG:simulator.py:[Training 571/1000 episodes] ε: 0.0574, Best: 14.91, Avg: 14.82, Steps: 300
DEBUG:simulator.py:[Training 572/1000 episodes] ε: 0.0571, Best: 14.91, Avg: 14.79, Steps: 300
DEBUG:simulator.py:[Training 573/1000 episodes] ε: 0.0569, Best: 14.91, Avg: 14.85, Steps: 300
DEBUG:simulator.py:[Training 574/1000 episodes] ε: 0.0566, Best: 14.91, Avg: 14.76, Steps: 300
DEBUG:simulator.py:[Training 575/1000 episodes] ε: 0.0563, Best: 14.91, Avg: 14.80, Steps: 300
DEBUG:simulator.py:[Training 576/1000 episodes] ε: 0.0560, Best: 14.91, Avg: 14.89, Steps: 300
DEBUG:simulator.py:[Training 577/1000 episodes] ε: 0.0557, Best: 14.91, Avg: 14.89, Steps: 300
DEBUG:simulator.py:[Training 578/1000 episodes] ε: 0.0555, Best: 14.91, Avg: 14.90, Steps: 300
DEBUG:simulator.py:[Training 579/1000 episodes] ε: 0.0552, Best: 14.91, Avg: 14.87, Steps: 300
DEBUG:simulator.py:[Training 580/1000 episodes] ε: 0.0549, Best: 14.91, Avg: 14.89, Steps: 300
DEBUG:simulator.py:[Training 581/1000 episodes] ε: 0.0546, Best: 14.91, Avg: 14.84, Steps: 300
DEBUG:simulator.py:[Training 582/1000 episodes] ε: 0.0544, Best: 14.91, Avg: 14.83, Steps: 300
DEBUG:simulator.py:[Training 583/1000 episodes] ε: 0.0541, Best: 14.91, Avg: 14.85, Steps: 300
DEBUG:simulator.py:[Training 584/1000 episodes] ε: 0.0538, Best: 14.91, Avg: 14.88, Steps: 300
DEBUG:simulator.py:[Training 585/1000 episodes] ε: 0.0535, Best: 14.91, Avg: 14.87, Steps: 300
DEBUG:simulator.py:[Training 586/1000 episodes] ε: 0.0533, Best: 14.91, Avg: 14.87, Steps: 300
DEBUG:simulator.py:[Training 587/1000 episodes] ε: 0.0530, Best: 14.91, Avg: 14.90, Steps: 300
DEBUG:simulator.py:[Training 588/1000 episodes] ε: 0.0527, Best: 14.94, Avg: 14.94, Steps: 300
DEBUG:simulator.py:[Training 589/1000 episodes] ε: 0.0525, Best: 14.94, Avg: 14.86, Steps: 300
DEBUG:simulator.py:[Training 590/1000 episodes] ε: 0.0522, Best: 14.94, Avg: 14.94, Steps: 300
DEBUG:simulator.py:[Training 591/1000 episodes] ε: 0.0520, Best: 14.95, Avg: 14.95, Steps: 300
DEBUG:simulator.py:[Training 592/1000 episodes] ε: 0.0517, Best: 14.95, Avg: 14.91, Steps: 300
DEBUG:simulator.py:[Training 593/1000 episodes] ε: 0.0514, Best: 14.95, Avg: 14.86, Steps: 300
DEBUG:simulator.py:[Training 594/1000 episodes] ε: 0.0512, Best: 14.95, Avg: 14.85, Steps: 300
DEBUG:simulator.py:[Training 595/1000 episodes] ε: 0.0509, Best: 14.95, Avg: 14.86, Steps: 300
DEBUG:simulator.py:[Training 596/1000 episodes] ε: 0.0507, Best: 14.95, Avg: 14.95, Steps: 300
DEBUG:simulator.py:[Training 597/1000 episodes] ε: 0.0504, Best: 14.95, Avg: 14.84, Steps: 300
DEBUG:simulator.py:[Training 598/1000 episodes] ε: 0.0502, Best: 14.95, Avg: 14.91, Steps: 300
DEBUG:simulator.py:[Training 599/1000 episodes] ε: 0.0499, Best: 14.95, Avg: 14.91, Steps: 300
DEBUG:simulator.py:[Training 600/1000 episodes] ε: 0.0497, Best: 15.00, Avg: 15.00, Steps: 300
DEBUG:simulator.py:[Training 601/1000 episodes] ε: 0.0494, Best: 15.00, Avg: 14.98, Steps: 300
DEBUG:simulator.py:[Training 602/1000 episodes] ε: 0.0492, Best: 15.00, Avg: 14.90, Steps: 300
DEBUG:simulator.py:[Training 603/1000 episodes] ε: 0.0489, Best: 15.00, Avg: 14.95, Steps: 300
DEBUG:simulator.py:[Training 604/1000 episodes] ε: 0.0487, Best: 15.00, Avg: 15.00, Steps: 300
DEBUG:simulator.py:[Training 605/1000 episodes] ε: 0.0484, Best: 15.00, Avg: 14.93, Steps: 300
DEBUG:simulator.py:[Training 606/1000 episodes] ε: 0.0482, Best: 15.00, Avg: 14.93, Steps: 300
DEBUG:simulator.py:[Training 607/1000 episodes] ε: 0.0479, Best: 15.00, Avg: 14.99, Steps: 300
DEBUG:simulator.py:[Training 608/1000 episodes] ε: 0.0477, Best: 15.00, Avg: 14.98, Steps: 300
DEBUG:simulator.py:[Training 609/1000 episodes] ε: 0.0475, Best: 15.00, Avg: 14.96, Steps: 300
DEBUG:simulator.py:[Training 610/1000 episodes] ε: 0.0472, Best: 15.07, Avg: 15.07, Steps: 300
DEBUG:simulator.py:[Training 611/1000 episodes] ε: 0.0470, Best: 15.07, Avg: 15.01, Steps: 300
DEBUG:simulator.py:[Training 612/1000 episodes] ε: 0.0468, Best: 15.07, Avg: 15.01, Steps: 300
DEBUG:simulator.py:[Training 613/1000 episodes] ε: 0.0465, Best: 15.10, Avg: 15.10, Steps: 300
DEBUG:simulator.py:[Training 614/1000 episodes] ε: 0.0463, Best: 15.10, Avg: 15.06, Steps: 300
DEBUG:simulator.py:[Training 615/1000 episodes] ε: 0.0461, Best: 15.10, Avg: 15.06, Steps: 300
DEBUG:simulator.py:[Training 616/1000 episodes] ε: 0.0458, Best: 15.10, Avg: 15.03, Steps: 300
DEBUG:simulator.py:[Training 617/1000 episodes] ε: 0.0456, Best: 15.10, Avg: 15.03, Steps: 300
DEBUG:simulator.py:[Training 618/1000 episodes] ε: 0.0454, Best: 15.10, Avg: 14.95, Steps: 300
DEBUG:simulator.py:[Training 619/1000 episodes] ε: 0.0452, Best: 15.10, Avg: 14.99, Steps: 300
DEBUG:simulator.py:[Training 620/1000 episodes] ε: 0.0449, Best: 15.10, Avg: 14.93, Steps: 300
DEBUG:simulator.py:[Training 621/1000 episodes] ε: 0.0447, Best: 15.10, Avg: 14.83, Steps: 300
DEBUG:simulator.py:[Training 622/1000 episodes] ε: 0.0445, Best: 15.10, Avg: 14.86, Steps: 300
DEBUG:simulator.py:[Training 623/1000 episodes] ε: 0.0443, Best: 15.10, Avg: 14.82, Steps: 300
DEBUG:simulator.py:[Training 624/1000 episodes] ε: 0.0440, Best: 15.10, Avg: 14.85, Steps: 300
DEBUG:simulator.py:[Training 625/1000 episodes] ε: 0.0438, Best: 15.10, Avg: 14.90, Steps: 300
DEBUG:simulator.py:[Training 626/1000 episodes] ε: 0.0436, Best: 15.10, Avg: 14.89, Steps: 300
DEBUG:simulator.py:[Training 627/1000 episodes] ε: 0.0434, Best: 15.10, Avg: 14.91, Steps: 300
DEBUG:simulator.py:[Training 628/1000 episodes] ε: 0.0432, Best: 15.10, Avg: 14.96, Steps: 300
DEBUG:simulator.py:[Training 629/1000 episodes] ε: 0.0429, Best: 15.10, Avg: 15.02, Steps: 300
DEBUG:simulator.py:[Training 630/1000 episodes] ε: 0.0427, Best: 15.10, Avg: 14.99, Steps: 300
DEBUG:simulator.py:[Training 631/1000 episodes] ε: 0.0425, Best: 15.10, Avg: 14.91, Steps: 300
DEBUG:simulator.py:[Training 632/1000 episodes] ε: 0.0423, Best: 15.10, Avg: 14.92, Steps: 300
DEBUG:simulator.py:[Training 633/1000 episodes] ε: 0.0421, Best: 15.10, Avg: 14.99, Steps: 300
DEBUG:simulator.py:[Training 634/1000 episodes] ε: 0.0419, Best: 15.10, Avg: 15.06, Steps: 300
DEBUG:simulator.py:[Training 635/1000 episodes] ε: 0.0417, Best: 15.10, Avg: 15.10, Steps: 300
DEBUG:simulator.py:[Training 636/1000 episodes] ε: 0.0415, Best: 15.10, Avg: 15.07, Steps: 300
DEBUG:simulator.py:[Training 637/1000 episodes] ε: 0.0413, Best: 15.10, Avg: 15.07, Steps: 300
DEBUG:simulator.py:[Training 638/1000 episodes] ε: 0.0410, Best: 15.10, Avg: 15.07, Steps: 300
DEBUG:simulator.py:[Training 639/1000 episodes] ε: 0.0408, Best: 15.10, Avg: 14.97, Steps: 300
DEBUG:simulator.py:[Training 640/1000 episodes] ε: 0.0406, Best: 15.10, Avg: 14.96, Steps: 300
DEBUG:simulator.py:[Training 641/1000 episodes] ε: 0.0404, Best: 15.10, Avg: 14.97, Steps: 300
DEBUG:simulator.py:[Training 642/1000 episodes] ε: 0.0402, Best: 15.10, Avg: 14.95, Steps: 300
DEBUG:simulator.py:[Training 643/1000 episodes] ε: 0.0400, Best: 15.10, Avg: 14.97, Steps: 300
DEBUG:simulator.py:[Training 644/1000 episodes] ε: 0.0398, Best: 15.10, Avg: 14.92, Steps: 300
DEBUG:simulator.py:[Training 645/1000 episodes] ε: 0.0396, Best: 15.10, Avg: 14.96, Steps: 300
DEBUG:simulator.py:[Training 646/1000 episodes] ε: 0.0394, Best: 15.10, Avg: 15.10, Steps: 300
DEBUG:simulator.py:[Training 647/1000 episodes] ε: 0.0392, Best: 15.10, Avg: 15.08, Steps: 300
DEBUG:simulator.py:[Training 648/1000 episodes] ε: 0.0390, Best: 15.10, Avg: 15.10, Steps: 300
DEBUG:simulator.py:[Training 649/1000 episodes] ε: 0.0388, Best: 15.12, Avg: 15.12, Steps: 300
DEBUG:simulator.py:[Training 650/1000 episodes] ε: 0.0387, Best: 15.19, Avg: 15.19, Steps: 300
DEBUG:simulator.py:[Training 651/1000 episodes] ε: 0.0385, Best: 15.19, Avg: 15.18, Steps: 300
DEBUG:simulator.py:[Training 652/1000 episodes] ε: 0.0383, Best: 15.19, Avg: 15.13, Steps: 300
DEBUG:simulator.py:[Training 653/1000 episodes] ε: 0.0381, Best: 15.19, Avg: 15.07, Steps: 300
DEBUG:simulator.py:[Training 654/1000 episodes] ε: 0.0379, Best: 15.19, Avg: 15.13, Steps: 300
DEBUG:simulator.py:[Training 655/1000 episodes] ε: 0.0377, Best: 15.19, Avg: 15.06, Steps: 300
DEBUG:simulator.py:[Training 656/1000 episodes] ε: 0.0375, Best: 15.19, Avg: 14.96, Steps: 300
DEBUG:simulator.py:[Training 657/1000 episodes] ε: 0.0373, Best: 15.19, Avg: 14.97, Steps: 300
DEBUG:simulator.py:[Training 658/1000 episodes] ε: 0.0371, Best: 15.19, Avg: 14.97, Steps: 300
DEBUG:simulator.py:[Training 659/1000 episodes] ε: 0.0369, Best: 15.19, Avg: 15.04, Steps: 300
DEBUG:simulator.py:[Training 660/1000 episodes] ε: 0.0368, Best: 15.19, Avg: 15.08, Steps: 300
DEBUG:simulator.py:[Training 661/1000 episodes] ε: 0.0366, Best: 15.19, Avg: 15.18, Steps: 300
DEBUG:simulator.py:[Training 662/1000 episodes] ε: 0.0364, Best: 15.26, Avg: 15.26, Steps: 300
DEBUG:simulator.py:[Training 663/1000 episodes] ε: 0.0362, Best: 15.35, Avg: 15.35, Steps: 300
DEBUG:simulator.py:[Training 664/1000 episodes] ε: 0.0360, Best: 15.39, Avg: 15.39, Steps: 300
DEBUG:simulator.py:[Training 665/1000 episodes] ε: 0.0359, Best: 15.40, Avg: 15.40, Steps: 300
DEBUG:simulator.py:[Training 666/1000 episodes] ε: 0.0357, Best: 15.40, Avg: 15.37, Steps: 300
DEBUG:simulator.py:[Training 667/1000 episodes] ε: 0.0355, Best: 15.40, Avg: 15.34, Steps: 300
DEBUG:simulator.py:[Training 668/1000 episodes] ε: 0.0353, Best: 15.42, Avg: 15.42, Steps: 300
DEBUG:simulator.py:[Training 669/1000 episodes] ε: 0.0351, Best: 15.42, Avg: 15.40, Steps: 300
DEBUG:simulator.py:[Training 670/1000 episodes] ε: 0.0350, Best: 15.42, Avg: 15.40, Steps: 300
DEBUG:simulator.py:[Training 671/1000 episodes] ε: 0.0348, Best: 15.46, Avg: 15.46, Steps: 300
DEBUG:simulator.py:[Training 672/1000 episodes] ε: 0.0346, Best: 15.51, Avg: 15.51, Steps: 300
DEBUG:simulator.py:[Training 673/1000 episodes] ε: 0.0344, Best: 15.51, Avg: 15.43, Steps: 300
DEBUG:simulator.py:[Training 674/1000 episodes] ε: 0.0343, Best: 15.51, Avg: 15.47, Steps: 300
DEBUG:simulator.py:[Training 675/1000 episodes] ε: 0.0341, Best: 15.51, Avg: 15.51, Steps: 300
DEBUG:simulator.py:[Training 676/1000 episodes] ε: 0.0339, Best: 15.51, Avg: 15.43, Steps: 300
DEBUG:simulator.py:[Training 677/1000 episodes] ε: 0.0338, Best: 15.51, Avg: 15.50, Steps: 300
DEBUG:simulator.py:[Training 678/1000 episodes] ε: 0.0336, Best: 15.51, Avg: 15.49, Steps: 300
DEBUG:simulator.py:[Training 679/1000 episodes] ε: 0.0334, Best: 15.52, Avg: 15.52, Steps: 300
DEBUG:simulator.py:[Training 680/1000 episodes] ε: 0.0333, Best: 15.59, Avg: 15.59, Steps: 300
DEBUG:simulator.py:[Training 681/1000 episodes] ε: 0.0331, Best: 15.59, Avg: 15.55, Steps: 300
DEBUG:simulator.py:[Training 682/1000 episodes] ε: 0.0329, Best: 15.59, Avg: 15.55, Steps: 300
DEBUG:simulator.py:[Training 683/1000 episodes] ε: 0.0328, Best: 15.59, Avg: 15.57, Steps: 300
DEBUG:simulator.py:[Training 684/1000 episodes] ε: 0.0326, Best: 15.64, Avg: 15.64, Steps: 300
DEBUG:simulator.py:[Training 685/1000 episodes] ε: 0.0324, Best: 15.66, Avg: 15.66, Steps: 300
DEBUG:simulator.py:[Training 686/1000 episodes] ε: 0.0323, Best: 15.66, Avg: 15.66, Steps: 300
DEBUG:simulator.py:[Training 687/1000 episodes] ε: 0.0321, Best: 15.71, Avg: 15.71, Steps: 300
DEBUG:simulator.py:[Training 688/1000 episodes] ε: 0.0319, Best: 15.71, Avg: 15.70, Steps: 300
DEBUG:simulator.py:[Training 689/1000 episodes] ε: 0.0318, Best: 15.71, Avg: 15.70, Steps: 300
DEBUG:simulator.py:[Training 690/1000 episodes] ε: 0.0316, Best: 15.71, Avg: 15.70, Steps: 300
DEBUG:simulator.py:[Training 691/1000 episodes] ε: 0.0315, Best: 15.74, Avg: 15.74, Steps: 300
DEBUG:simulator.py:[Training 692/1000 episodes] ε: 0.0313, Best: 15.77, Avg: 15.77, Steps: 300
DEBUG:simulator.py:[Training 693/1000 episodes] ε: 0.0312, Best: 15.85, Avg: 15.85, Steps: 300
DEBUG:simulator.py:[Training 694/1000 episodes] ε: 0.0310, Best: 15.85, Avg: 15.68, Steps: 300
DEBUG:simulator.py:[Training 695/1000 episodes] ε: 0.0308, Best: 15.85, Avg: 15.67, Steps: 300
DEBUG:simulator.py:[Training 696/1000 episodes] ε: 0.0307, Best: 15.85, Avg: 15.68, Steps: 300
DEBUG:simulator.py:[Training 697/1000 episodes] ε: 0.0305, Best: 15.85, Avg: 15.77, Steps: 300
DEBUG:simulator.py:[Training 698/1000 episodes] ε: 0.0304, Best: 15.85, Avg: 15.73, Steps: 300
DEBUG:simulator.py:[Training 699/1000 episodes] ε: 0.0302, Best: 15.85, Avg: 15.72, Steps: 300
DEBUG:simulator.py:[Training 700/1000 episodes] ε: 0.0301, Best: 15.85, Avg: 15.71, Steps: 300
DEBUG:simulator.py:[Training 701/1000 episodes] ε: 0.0299, Best: 15.85, Avg: 15.76, Steps: 300
DEBUG:simulator.py:[Training 702/1000 episodes] ε: 0.0298, Best: 15.85, Avg: 15.74, Steps: 300
DEBUG:simulator.py:[Training 703/1000 episodes] ε: 0.0296, Best: 15.85, Avg: 15.72, Steps: 300
DEBUG:simulator.py:[Training 704/1000 episodes] ε: 0.0295, Best: 15.85, Avg: 15.76, Steps: 300
DEBUG:simulator.py:[Training 705/1000 episodes] ε: 0.0293, Best: 15.89, Avg: 15.89, Steps: 300
DEBUG:simulator.py:[Training 706/1000 episodes] ε: 0.0292, Best: 15.92, Avg: 15.92, Steps: 300
DEBUG:simulator.py:[Training 707/1000 episodes] ε: 0.0290, Best: 15.92, Avg: 15.89, Steps: 300
DEBUG:simulator.py:[Training 708/1000 episodes] ε: 0.0289, Best: 15.94, Avg: 15.94, Steps: 300
DEBUG:simulator.py:[Training 709/1000 episodes] ε: 0.0288, Best: 15.97, Avg: 15.97, Steps: 300
DEBUG:simulator.py:[Training 710/1000 episodes] ε: 0.0286, Best: 15.97, Avg: 15.91, Steps: 300
DEBUG:simulator.py:[Training 711/1000 episodes] ε: 0.0285, Best: 15.99, Avg: 15.99, Steps: 300
DEBUG:simulator.py:[Training 712/1000 episodes] ε: 0.0283, Best: 15.99, Avg: 15.99, Steps: 300
DEBUG:simulator.py:[Training 713/1000 episodes] ε: 0.0282, Best: 15.99, Avg: 15.83, Steps: 300
DEBUG:simulator.py:[Training 714/1000 episodes] ε: 0.0280, Best: 15.99, Avg: 15.92, Steps: 300
DEBUG:simulator.py:[Training 715/1000 episodes] ε: 0.0279, Best: 15.99, Avg: 15.97, Steps: 300
DEBUG:simulator.py:[Training 716/1000 episodes] ε: 0.0278, Best: 15.99, Avg: 15.99, Steps: 300
DEBUG:simulator.py:[Training 717/1000 episodes] ε: 0.0276, Best: 16.03, Avg: 16.03, Steps: 300
DEBUG:simulator.py:[Training 718/1000 episodes] ε: 0.0275, Best: 16.07, Avg: 16.07, Steps: 300
DEBUG:simulator.py:[Training 719/1000 episodes] ε: 0.0274, Best: 16.14, Avg: 16.14, Steps: 300
DEBUG:simulator.py:[Training 720/1000 episodes] ε: 0.0272, Best: 16.20, Avg: 16.20, Steps: 300
DEBUG:simulator.py:[Training 721/1000 episodes] ε: 0.0271, Best: 16.25, Avg: 16.25, Steps: 300
DEBUG:simulator.py:[Training 722/1000 episodes] ε: 0.0269, Best: 16.25, Avg: 16.23, Steps: 300
DEBUG:simulator.py:[Training 723/1000 episodes] ε: 0.0268, Best: 16.28, Avg: 16.28, Steps: 300
DEBUG:simulator.py:[Training 724/1000 episodes] ε: 0.0267, Best: 16.28, Avg: 16.26, Steps: 300
DEBUG:simulator.py:[Training 725/1000 episodes] ε: 0.0265, Best: 16.28, Avg: 16.27, Steps: 300
DEBUG:simulator.py:[Training 726/1000 episodes] ε: 0.0264, Best: 16.28, Avg: 16.27, Steps: 300
DEBUG:simulator.py:[Training 727/1000 episodes] ε: 0.0263, Best: 16.28, Avg: 16.28, Steps: 300
DEBUG:simulator.py:[Training 728/1000 episodes] ε: 0.0261, Best: 16.31, Avg: 16.31, Steps: 300
DEBUG:simulator.py:[Training 729/1000 episodes] ε: 0.0260, Best: 16.31, Avg: 16.29, Steps: 300
DEBUG:simulator.py:[Training 730/1000 episodes] ε: 0.0259, Best: 16.37, Avg: 16.37, Steps: 300
DEBUG:simulator.py:[Training 731/1000 episodes] ε: 0.0258, Best: 16.43, Avg: 16.43, Steps: 300
DEBUG:simulator.py:[Training 732/1000 episodes] ε: 0.0256, Best: 16.43, Avg: 16.41, Steps: 300
DEBUG:simulator.py:[Training 733/1000 episodes] ε: 0.0255, Best: 16.43, Avg: 16.42, Steps: 300
DEBUG:simulator.py:[Training 734/1000 episodes] ε: 0.0254, Best: 16.43, Avg: 16.38, Steps: 300
DEBUG:simulator.py:[Training 735/1000 episodes] ε: 0.0252, Best: 16.43, Avg: 16.35, Steps: 300
DEBUG:simulator.py:[Training 736/1000 episodes] ε: 0.0251, Best: 16.44, Avg: 16.44, Steps: 300
DEBUG:simulator.py:[Training 737/1000 episodes] ε: 0.0250, Best: 16.44, Avg: 16.40, Steps: 300
DEBUG:simulator.py:[Training 738/1000 episodes] ε: 0.0249, Best: 16.45, Avg: 16.45, Steps: 300
DEBUG:simulator.py:[Training 739/1000 episodes] ε: 0.0247, Best: 16.53, Avg: 16.53, Steps: 300
DEBUG:simulator.py:[Training 740/1000 episodes] ε: 0.0246, Best: 16.57, Avg: 16.57, Steps: 300
DEBUG:simulator.py:[Training 741/1000 episodes] ε: 0.0245, Best: 16.62, Avg: 16.62, Steps: 300
DEBUG:simulator.py:[Training 742/1000 episodes] ε: 0.0244, Best: 16.74, Avg: 16.74, Steps: 300
DEBUG:simulator.py:[Training 743/1000 episodes] ε: 0.0243, Best: 16.74, Avg: 16.70, Steps: 300
DEBUG:simulator.py:[Training 744/1000 episodes] ε: 0.0241, Best: 16.74, Avg: 16.65, Steps: 300
DEBUG:simulator.py:[Training 745/1000 episodes] ε: 0.0240, Best: 16.74, Avg: 16.57, Steps: 300
DEBUG:simulator.py:[Training 746/1000 episodes] ε: 0.0239, Best: 16.74, Avg: 16.55, Steps: 300
DEBUG:simulator.py:[Training 747/1000 episodes] ε: 0.0238, Best: 16.74, Avg: 16.57, Steps: 300
DEBUG:simulator.py:[Training 748/1000 episodes] ε: 0.0237, Best: 16.74, Avg: 16.55, Steps: 300
DEBUG:simulator.py:[Training 749/1000 episodes] ε: 0.0235, Best: 16.74, Avg: 16.58, Steps: 300
DEBUG:simulator.py:[Training 750/1000 episodes] ε: 0.0234, Best: 16.74, Avg: 16.55, Steps: 300
DEBUG:simulator.py:[Training 751/1000 episodes] ε: 0.0233, Best: 16.74, Avg: 16.62, Steps: 300
DEBUG:simulator.py:[Training 752/1000 episodes] ε: 0.0232, Best: 16.74, Avg: 16.63, Steps: 300
DEBUG:simulator.py:[Training 753/1000 episodes] ε: 0.0231, Best: 16.74, Avg: 16.73, Steps: 300
DEBUG:simulator.py:[Training 754/1000 episodes] ε: 0.0229, Best: 16.78, Avg: 16.78, Steps: 300
DEBUG:simulator.py:[Training 755/1000 episodes] ε: 0.0228, Best: 16.80, Avg: 16.80, Steps: 300
DEBUG:simulator.py:[Training 756/1000 episodes] ε: 0.0227, Best: 16.89, Avg: 16.89, Steps: 300
DEBUG:simulator.py:[Training 757/1000 episodes] ε: 0.0226, Best: 16.91, Avg: 16.91, Steps: 300
DEBUG:simulator.py:[Training 758/1000 episodes] ε: 0.0225, Best: 16.91, Avg: 16.87, Steps: 300
DEBUG:simulator.py:[Training 759/1000 episodes] ε: 0.0224, Best: 16.91, Avg: 16.85, Steps: 300
DEBUG:simulator.py:[Training 760/1000 episodes] ε: 0.0223, Best: 16.91, Avg: 16.85, Steps: 300
DEBUG:simulator.py:[Training 761/1000 episodes] ε: 0.0222, Best: 16.91, Avg: 16.85, Steps: 300
DEBUG:simulator.py:[Training 762/1000 episodes] ε: 0.0220, Best: 16.91, Avg: 16.76, Steps: 300
DEBUG:simulator.py:[Training 763/1000 episodes] ε: 0.0219, Best: 16.91, Avg: 16.60, Steps: 300
DEBUG:simulator.py:[Training 764/1000 episodes] ε: 0.0218, Best: 16.91, Avg: 16.62, Steps: 300
DEBUG:simulator.py:[Training 765/1000 episodes] ε: 0.0217, Best: 16.91, Avg: 16.59, Steps: 300
DEBUG:simulator.py:[Training 766/1000 episodes] ε: 0.0216, Best: 16.91, Avg: 16.60, Steps: 300
DEBUG:simulator.py:[Training 767/1000 episodes] ε: 0.0215, Best: 16.91, Avg: 16.63, Steps: 300
DEBUG:simulator.py:[Training 768/1000 episodes] ε: 0.0214, Best: 16.91, Avg: 16.57, Steps: 300
DEBUG:simulator.py:[Training 769/1000 episodes] ε: 0.0213, Best: 16.91, Avg: 16.64, Steps: 300
DEBUG:simulator.py:[Training 770/1000 episodes] ε: 0.0212, Best: 16.91, Avg: 16.60, Steps: 300
DEBUG:simulator.py:[Training 771/1000 episodes] ε: 0.0211, Best: 16.91, Avg: 16.60, Steps: 300
DEBUG:simulator.py:[Training 772/1000 episodes] ε: 0.0210, Best: 16.91, Avg: 16.57, Steps: 300
DEBUG:simulator.py:[Training 773/1000 episodes] ε: 0.0209, Best: 16.91, Avg: 16.66, Steps: 300
DEBUG:simulator.py:[Training 774/1000 episodes] ε: 0.0208, Best: 16.91, Avg: 16.66, Steps: 300
DEBUG:simulator.py:[Training 775/1000 episodes] ε: 0.0207, Best: 16.91, Avg: 16.68, Steps: 300
DEBUG:simulator.py:[Training 776/1000 episodes] ε: 0.0206, Best: 16.91, Avg: 16.69, Steps: 300
DEBUG:simulator.py:[Training 777/1000 episodes] ε: 0.0205, Best: 16.91, Avg: 16.73, Steps: 300
DEBUG:simulator.py:[Training 778/1000 episodes] ε: 0.0203, Best: 16.91, Avg: 16.73, Steps: 300
DEBUG:simulator.py:[Training 779/1000 episodes] ε: 0.0202, Best: 16.91, Avg: 16.77, Steps: 300
DEBUG:simulator.py:[Training 780/1000 episodes] ε: 0.0201, Best: 16.91, Avg: 16.76, Steps: 300
DEBUG:simulator.py:[Training 781/1000 episodes] ε: 0.0200, Best: 16.91, Avg: 16.84, Steps: 300
DEBUG:simulator.py:[Training 782/1000 episodes] ε: 0.0199, Best: 16.91, Avg: 16.88, Steps: 300
DEBUG:simulator.py:[Training 783/1000 episodes] ε: 0.0198, Best: 16.91, Avg: 16.89, Steps: 300
DEBUG:simulator.py:[Training 784/1000 episodes] ε: 0.0197, Best: 16.91, Avg: 16.82, Steps: 300
DEBUG:simulator.py:[Training 785/1000 episodes] ε: 0.0196, Best: 16.91, Avg: 16.85, Steps: 300
DEBUG:simulator.py:[Training 786/1000 episodes] ε: 0.0195, Best: 16.91, Avg: 16.84, Steps: 300
DEBUG:simulator.py:[Training 787/1000 episodes] ε: 0.0195, Best: 16.91, Avg: 16.89, Steps: 300
DEBUG:simulator.py:[Training 788/1000 episodes] ε: 0.0194, Best: 16.91, Avg: 16.85, Steps: 300
DEBUG:simulator.py:[Training 789/1000 episodes] ε: 0.0193, Best: 16.97, Avg: 16.97, Steps: 300
DEBUG:simulator.py:[Training 790/1000 episodes] ε: 0.0192, Best: 16.98, Avg: 16.98, Steps: 300
DEBUG:simulator.py:[Training 791/1000 episodes] ε: 0.0191, Best: 16.98, Avg: 16.90, Steps: 300
DEBUG:simulator.py:[Training 792/1000 episodes] ε: 0.0190, Best: 16.98, Avg: 16.87, Steps: 300
DEBUG:simulator.py:[Training 793/1000 episodes] ε: 0.0189, Best: 16.98, Avg: 16.76, Steps: 300
DEBUG:simulator.py:[Training 794/1000 episodes] ε: 0.0188, Best: 16.98, Avg: 16.89, Steps: 300
DEBUG:simulator.py:[Training 795/1000 episodes] ε: 0.0187, Best: 16.98, Avg: 16.91, Steps: 300
DEBUG:simulator.py:[Training 796/1000 episodes] ε: 0.0186, Best: 16.98, Avg: 16.88, Steps: 300
DEBUG:simulator.py:[Training 797/1000 episodes] ε: 0.0185, Best: 16.98, Avg: 16.87, Steps: 300
DEBUG:simulator.py:[Training 798/1000 episodes] ε: 0.0184, Best: 16.98, Avg: 16.85, Steps: 300
DEBUG:simulator.py:[Training 799/1000 episodes] ε: 0.0183, Best: 16.98, Avg: 16.89, Steps: 300
DEBUG:simulator.py:[Training 800/1000 episodes] ε: 0.0182, Best: 16.98, Avg: 16.93, Steps: 300
DEBUG:simulator.py:[Training 801/1000 episodes] ε: 0.0181, Best: 16.98, Avg: 16.91, Steps: 300
DEBUG:simulator.py:[Training 802/1000 episodes] ε: 0.0180, Best: 17.00, Avg: 17.00, Steps: 300
DEBUG:simulator.py:[Training 803/1000 episodes] ε: 0.0180, Best: 17.02, Avg: 17.02, Steps: 300
DEBUG:simulator.py:[Training 804/1000 episodes] ε: 0.0179, Best: 17.05, Avg: 17.05, Steps: 300
DEBUG:simulator.py:[Training 805/1000 episodes] ε: 0.0178, Best: 17.06, Avg: 17.06, Steps: 300
DEBUG:simulator.py:[Training 806/1000 episodes] ε: 0.0177, Best: 17.06, Avg: 17.05, Steps: 300
DEBUG:simulator.py:[Training 807/1000 episodes] ε: 0.0176, Best: 17.07, Avg: 17.07, Steps: 300
DEBUG:simulator.py:[Training 808/1000 episodes] ε: 0.0175, Best: 17.07, Avg: 17.06, Steps: 300
DEBUG:simulator.py:[Training 809/1000 episodes] ε: 0.0174, Best: 17.12, Avg: 17.12, Steps: 300
DEBUG:simulator.py:[Training 810/1000 episodes] ε: 0.0173, Best: 17.12, Avg: 17.07, Steps: 300
DEBUG:simulator.py:[Training 811/1000 episodes] ε: 0.0172, Best: 17.12, Avg: 17.11, Steps: 300
DEBUG:simulator.py:[Training 812/1000 episodes] ε: 0.0172, Best: 17.12, Avg: 17.04, Steps: 300
DEBUG:simulator.py:[Training 813/1000 episodes] ε: 0.0171, Best: 17.12, Avg: 17.10, Steps: 300
DEBUG:simulator.py:[Training 814/1000 episodes] ε: 0.0170, Best: 17.12, Avg: 17.03, Steps: 300
DEBUG:simulator.py:[Training 815/1000 episodes] ε: 0.0169, Best: 17.12, Avg: 17.05, Steps: 300
DEBUG:simulator.py:[Training 816/1000 episodes] ε: 0.0168, Best: 17.12, Avg: 17.05, Steps: 300
DEBUG:simulator.py:[Training 817/1000 episodes] ε: 0.0167, Best: 17.12, Avg: 17.02, Steps: 300
DEBUG:simulator.py:[Training 818/1000 episodes] ε: 0.0167, Best: 17.12, Avg: 16.99, Steps: 300
DEBUG:simulator.py:[Training 819/1000 episodes] ε: 0.0166, Best: 17.12, Avg: 17.00, Steps: 300
DEBUG:simulator.py:[Training 820/1000 episodes] ε: 0.0165, Best: 17.12, Avg: 16.99, Steps: 300
DEBUG:simulator.py:[Training 821/1000 episodes] ε: 0.0164, Best: 17.12, Avg: 17.02, Steps: 300
DEBUG:simulator.py:[Training 822/1000 episodes] ε: 0.0163, Best: 17.12, Avg: 16.97, Steps: 300
DEBUG:simulator.py:[Training 823/1000 episodes] ε: 0.0162, Best: 17.12, Avg: 16.92, Steps: 300
DEBUG:simulator.py:[Training 824/1000 episodes] ε: 0.0162, Best: 17.12, Avg: 16.93, Steps: 300
DEBUG:simulator.py:[Training 825/1000 episodes] ε: 0.0161, Best: 17.12, Avg: 16.94, Steps: 300
DEBUG:simulator.py:[Training 826/1000 episodes] ε: 0.0160, Best: 17.12, Avg: 16.92, Steps: 300
DEBUG:simulator.py:[Training 827/1000 episodes] ε: 0.0159, Best: 17.12, Avg: 16.86, Steps: 300
DEBUG:simulator.py:[Training 828/1000 episodes] ε: 0.0158, Best: 17.12, Avg: 16.84, Steps: 300
DEBUG:simulator.py:[Training 829/1000 episodes] ε: 0.0158, Best: 17.12, Avg: 16.79, Steps: 300
DEBUG:simulator.py:[Training 830/1000 episodes] ε: 0.0157, Best: 17.12, Avg: 16.77, Steps: 300
DEBUG:simulator.py:[Training 831/1000 episodes] ε: 0.0156, Best: 17.12, Avg: 16.71, Steps: 300
DEBUG:simulator.py:[Training 832/1000 episodes] ε: 0.0155, Best: 17.12, Avg: 16.76, Steps: 300
DEBUG:simulator.py:[Training 833/1000 episodes] ε: 0.0154, Best: 17.12, Avg: 16.74, Steps: 300
DEBUG:simulator.py:[Training 834/1000 episodes] ε: 0.0154, Best: 17.12, Avg: 16.80, Steps: 300
DEBUG:simulator.py:[Training 835/1000 episodes] ε: 0.0153, Best: 17.12, Avg: 16.83, Steps: 300
DEBUG:simulator.py:[Training 836/1000 episodes] ε: 0.0152, Best: 17.12, Avg: 16.76, Steps: 300
DEBUG:simulator.py:[Training 837/1000 episodes] ε: 0.0151, Best: 17.12, Avg: 16.81, Steps: 300
DEBUG:simulator.py:[Training 838/1000 episodes] ε: 0.0151, Best: 17.12, Avg: 16.70, Steps: 300
DEBUG:simulator.py:[Training 839/1000 episodes] ε: 0.0150, Best: 17.12, Avg: 16.74, Steps: 300
DEBUG:simulator.py:[Training 840/1000 episodes] ε: 0.0149, Best: 17.12, Avg: 16.73, Steps: 300
DEBUG:simulator.py:[Training 841/1000 episodes] ε: 0.0148, Best: 17.12, Avg: 16.69, Steps: 300
DEBUG:simulator.py:[Training 842/1000 episodes] ε: 0.0148, Best: 17.12, Avg: 16.62, Steps: 300
DEBUG:simulator.py:[Training 843/1000 episodes] ε: 0.0147, Best: 17.12, Avg: 16.64, Steps: 300
DEBUG:simulator.py:[Training 844/1000 episodes] ε: 0.0146, Best: 17.12, Avg: 16.77, Steps: 300
DEBUG:simulator.py:[Training 845/1000 episodes] ε: 0.0145, Best: 17.12, Avg: 16.75, Steps: 300
DEBUG:simulator.py:[Training 846/1000 episodes] ε: 0.0145, Best: 17.12, Avg: 16.71, Steps: 300
DEBUG:simulator.py:[Training 847/1000 episodes] ε: 0.0144, Best: 17.12, Avg: 16.71, Steps: 300
DEBUG:simulator.py:[Training 848/1000 episodes] ε: 0.0143, Best: 17.12, Avg: 16.74, Steps: 300
DEBUG:simulator.py:[Training 849/1000 episodes] ε: 0.0143, Best: 17.12, Avg: 16.74, Steps: 300
DEBUG:simulator.py:[Training 850/1000 episodes] ε: 0.0142, Best: 17.12, Avg: 16.73, Steps: 300
DEBUG:simulator.py:[Training 851/1000 episodes] ε: 0.0141, Best: 17.12, Avg: 16.74, Steps: 300
DEBUG:simulator.py:[Training 852/1000 episodes] ε: 0.0140, Best: 17.12, Avg: 16.73, Steps: 300
DEBUG:simulator.py:[Training 853/1000 episodes] ε: 0.0140, Best: 17.12, Avg: 16.75, Steps: 300
DEBUG:simulator.py:[Training 854/1000 episodes] ε: 0.0139, Best: 17.12, Avg: 16.76, Steps: 300
DEBUG:simulator.py:[Training 855/1000 episodes] ε: 0.0138, Best: 17.12, Avg: 16.81, Steps: 300
DEBUG:simulator.py:[Training 856/1000 episodes] ε: 0.0138, Best: 17.12, Avg: 16.82, Steps: 300
DEBUG:simulator.py:[Training 857/1000 episodes] ε: 0.0137, Best: 17.12, Avg: 16.77, Steps: 300
DEBUG:simulator.py:[Training 858/1000 episodes] ε: 0.0136, Best: 17.12, Avg: 16.75, Steps: 300
DEBUG:simulator.py:[Training 859/1000 episodes] ε: 0.0136, Best: 17.12, Avg: 16.72, Steps: 300
DEBUG:simulator.py:[Training 860/1000 episodes] ε: 0.0135, Best: 17.12, Avg: 16.76, Steps: 300
DEBUG:simulator.py:[Training 861/1000 episodes] ε: 0.0134, Best: 17.12, Avg: 16.75, Steps: 300
DEBUG:simulator.py:[Training 862/1000 episodes] ε: 0.0134, Best: 17.12, Avg: 16.74, Steps: 300
DEBUG:simulator.py:[Training 863/1000 episodes] ε: 0.0133, Best: 17.12, Avg: 16.86, Steps: 300
DEBUG:simulator.py:[Training 864/1000 episodes] ε: 0.0132, Best: 17.12, Avg: 16.80, Steps: 300
DEBUG:simulator.py:[Training 865/1000 episodes] ε: 0.0132, Best: 17.12, Avg: 16.80, Steps: 300
DEBUG:simulator.py:[Training 866/1000 episodes] ε: 0.0131, Best: 17.12, Avg: 16.78, Steps: 300
DEBUG:simulator.py:[Training 867/1000 episodes] ε: 0.0130, Best: 17.12, Avg: 16.73, Steps: 300
DEBUG:simulator.py:[Training 868/1000 episodes] ε: 0.0130, Best: 17.12, Avg: 16.77, Steps: 300
DEBUG:simulator.py:[Training 869/1000 episodes] ε: 0.0129, Best: 17.12, Avg: 16.71, Steps: 300
DEBUG:simulator.py:[Training 870/1000 episodes] ε: 0.0128, Best: 17.12, Avg: 16.75, Steps: 300
DEBUG:simulator.py:[Training 871/1000 episodes] ε: 0.0128, Best: 17.12, Avg: 16.74, Steps: 300
DEBUG:simulator.py:[Training 872/1000 episodes] ε: 0.0127, Best: 17.12, Avg: 16.79, Steps: 300
DEBUG:simulator.py:[Training 873/1000 episodes] ε: 0.0126, Best: 17.12, Avg: 16.75, Steps: 300
DEBUG:simulator.py:[Training 874/1000 episodes] ε: 0.0126, Best: 17.12, Avg: 16.74, Steps: 300
DEBUG:simulator.py:[Training 875/1000 episodes] ε: 0.0125, Best: 17.12, Avg: 16.66, Steps: 300
DEBUG:simulator.py:[Training 876/1000 episodes] ε: 0.0125, Best: 17.12, Avg: 16.63, Steps: 300
DEBUG:simulator.py:[Training 877/1000 episodes] ε: 0.0124, Best: 17.12, Avg: 16.55, Steps: 300
DEBUG:simulator.py:[Training 878/1000 episodes] ε: 0.0123, Best: 17.12, Avg: 16.52, Steps: 300
DEBUG:simulator.py:[Training 879/1000 episodes] ε: 0.0123, Best: 17.12, Avg: 16.49, Steps: 300
DEBUG:simulator.py:[Training 880/1000 episodes] ε: 0.0122, Best: 17.12, Avg: 16.49, Steps: 300
DEBUG:simulator.py:[Training 881/1000 episodes] ε: 0.0121, Best: 17.12, Avg: 16.44, Steps: 300
DEBUG:simulator.py:[Training 882/1000 episodes] ε: 0.0121, Best: 17.12, Avg: 16.40, Steps: 300
DEBUG:simulator.py:[Training 883/1000 episodes] ε: 0.0120, Best: 17.12, Avg: 16.40, Steps: 300
DEBUG:simulator.py:[Training 884/1000 episodes] ε: 0.0120, Best: 17.12, Avg: 16.44, Steps: 300
DEBUG:simulator.py:[Training 885/1000 episodes] ε: 0.0119, Best: 17.12, Avg: 16.41, Steps: 300
DEBUG:simulator.py:[Training 886/1000 episodes] ε: 0.0118, Best: 17.12, Avg: 16.36, Steps: 300
DEBUG:simulator.py:[Training 887/1000 episodes] ε: 0.0118, Best: 17.12, Avg: 16.36, Steps: 300
DEBUG:simulator.py:[Training 888/1000 episodes] ε: 0.0117, Best: 17.12, Avg: 16.42, Steps: 300
DEBUG:simulator.py:[Training 889/1000 episodes] ε: 0.0117, Best: 17.12, Avg: 16.42, Steps: 300
DEBUG:simulator.py:[Training 890/1000 episodes] ε: 0.0116, Best: 17.12, Avg: 16.51, Steps: 300
DEBUG:simulator.py:[Training 891/1000 episodes] ε: 0.0115, Best: 17.12, Avg: 16.58, Steps: 300
DEBUG:simulator.py:[Training 892/1000 episodes] ε: 0.0115, Best: 17.12, Avg: 16.63, Steps: 300
DEBUG:simulator.py:[Training 893/1000 episodes] ε: 0.0114, Best: 17.12, Avg: 16.71, Steps: 300
DEBUG:simulator.py:[Training 894/1000 episodes] ε: 0.0114, Best: 17.12, Avg: 16.73, Steps: 300
DEBUG:simulator.py:[Training 895/1000 episodes] ε: 0.0113, Best: 17.12, Avg: 16.77, Steps: 300
DEBUG:simulator.py:[Training 896/1000 episodes] ε: 0.0113, Best: 17.12, Avg: 16.76, Steps: 300
DEBUG:simulator.py:[Training 897/1000 episodes] ε: 0.0112, Best: 17.12, Avg: 16.80, Steps: 300
DEBUG:simulator.py:[Training 898/1000 episodes] ε: 0.0112, Best: 17.12, Avg: 16.83, Steps: 300
DEBUG:simulator.py:[Training 899/1000 episodes] ε: 0.0111, Best: 17.12, Avg: 16.82, Steps: 300
DEBUG:simulator.py:[Training 900/1000 episodes] ε: 0.0110, Best: 17.12, Avg: 16.82, Steps: 300
DEBUG:simulator.py:[Training 901/1000 episodes] ε: 0.0110, Best: 17.12, Avg: 16.90, Steps: 300
DEBUG:simulator.py:[Training 902/1000 episodes] ε: 0.0109, Best: 17.12, Avg: 16.90, Steps: 300
DEBUG:simulator.py:[Training 903/1000 episodes] ε: 0.0109, Best: 17.12, Avg: 16.84, Steps: 300
DEBUG:simulator.py:[Training 904/1000 episodes] ε: 0.0108, Best: 17.12, Avg: 16.77, Steps: 300
DEBUG:simulator.py:[Training 905/1000 episodes] ε: 0.0108, Best: 17.12, Avg: 16.67, Steps: 300
DEBUG:simulator.py:[Training 906/1000 episodes] ε: 0.0107, Best: 17.12, Avg: 16.73, Steps: 300
DEBUG:simulator.py:[Training 907/1000 episodes] ε: 0.0107, Best: 17.12, Avg: 16.61, Steps: 300
DEBUG:simulator.py:[Training 908/1000 episodes] ε: 0.0106, Best: 17.12, Avg: 16.59, Steps: 300
DEBUG:simulator.py:[Training 909/1000 episodes] ε: 0.0106, Best: 17.12, Avg: 16.55, Steps: 300
DEBUG:simulator.py:[Training 910/1000 episodes] ε: 0.0105, Best: 17.12, Avg: 16.60, Steps: 300
DEBUG:simulator.py:[Training 911/1000 episodes] ε: 0.0104, Best: 17.12, Avg: 16.58, Steps: 300
DEBUG:simulator.py:[Training 912/1000 episodes] ε: 0.0104, Best: 17.12, Avg: 16.62, Steps: 300
DEBUG:simulator.py:[Training 913/1000 episodes] ε: 0.0103, Best: 17.12, Avg: 16.60, Steps: 300
DEBUG:simulator.py:[Training 914/1000 episodes] ε: 0.0103, Best: 17.12, Avg: 16.60, Steps: 300
DEBUG:simulator.py:[Training 915/1000 episodes] ε: 0.0102, Best: 17.12, Avg: 16.60, Steps: 300
DEBUG:simulator.py:[Training 916/1000 episodes] ε: 0.0102, Best: 17.12, Avg: 16.62, Steps: 300
DEBUG:simulator.py:[Training 917/1000 episodes] ε: 0.0101, Best: 17.12, Avg: 16.66, Steps: 300
DEBUG:simulator.py:[Training 918/1000 episodes] ε: 0.0101, Best: 17.12, Avg: 16.67, Steps: 300
DEBUG:simulator.py:[Training 919/1000 episodes] ε: 0.0100, Best: 17.12, Avg: 16.66, Steps: 300
DEBUG:simulator.py:[Training 920/1000 episodes] ε: 0.0100, Best: 17.12, Avg: 16.74, Steps: 300
DEBUG:simulator.py:[Training 921/1000 episodes] ε: 0.0100, Best: 17.12, Avg: 16.73, Steps: 300
DEBUG:simulator.py:[Training 922/1000 episodes] ε: 0.0100, Best: 17.12, Avg: 16.79, Steps: 300
DEBUG:simulator.py:[Training 923/1000 episodes] ε: 0.0100, Best: 17.12, Avg: 16.84, Steps: 300
DEBUG:simulator.py:[Training 924/1000 episodes] ε: 0.0100, Best: 17.12, Avg: 16.85, Steps: 300
DEBUG:simulator.py:[Training 925/1000 episodes] ε: 0.0100, Best: 17.12, Avg: 16.80, Steps: 300
DEBUG:simulator.py:[Training 926/1000 episodes] ε: 0.0100, Best: 17.12, Avg: 16.86, Steps: 300
DEBUG:simulator.py:[Training 927/1000 episodes] ε: 0.0100, Best: 17.12, Avg: 16.94, Steps: 300
DEBUG:simulator.py:[Training 928/1000 episodes] ε: 0.0100, Best: 17.12, Avg: 16.95, Steps: 300
DEBUG:simulator.py:[Training 929/1000 episodes] ε: 0.0100, Best: 17.12, Avg: 16.98, Steps: 300
DEBUG:simulator.py:[Training 930/1000 episodes] ε: 0.0100, Best: 17.12, Avg: 16.94, Steps: 300
DEBUG:simulator.py:[Training 931/1000 episodes] ε: 0.0100, Best: 17.12, Avg: 16.99, Steps: 300
DEBUG:simulator.py:[Training 932/1000 episodes] ε: 0.0100, Best: 17.12, Avg: 16.96, Steps: 300
DEBUG:simulator.py:[Training 933/1000 episodes] ε: 0.0100, Best: 17.12, Avg: 16.98, Steps: 300
DEBUG:simulator.py:[Training 934/1000 episodes] ε: 0.0100, Best: 17.12, Avg: 16.99, Steps: 300
DEBUG:simulator.py:[Training 935/1000 episodes] ε: 0.0100, Best: 17.12, Avg: 17.01, Steps: 300
DEBUG:simulator.py:[Training 936/1000 episodes] ε: 0.0100, Best: 17.12, Avg: 17.02, Steps: 300
DEBUG:simulator.py:[Training 937/1000 episodes] ε: 0.0100, Best: 17.12, Avg: 16.95, Steps: 300
DEBUG:simulator.py:[Training 938/1000 episodes] ε: 0.0100, Best: 17.12, Avg: 17.05, Steps: 300
DEBUG:simulator.py:[Training 939/1000 episodes] ε: 0.0100, Best: 17.12, Avg: 17.01, Steps: 300
DEBUG:simulator.py:[Training 940/1000 episodes] ε: 0.0100, Best: 17.12, Avg: 16.94, Steps: 300
DEBUG:simulator.py:[Training 941/1000 episodes] ε: 0.0100, Best: 17.12, Avg: 16.88, Steps: 300
DEBUG:simulator.py:[Training 942/1000 episodes] ε: 0.0100, Best: 17.12, Avg: 16.85, Steps: 300
DEBUG:simulator.py:[Training 943/1000 episodes] ε: 0.0100, Best: 17.12, Avg: 16.84, Steps: 300
DEBUG:simulator.py:[Training 944/1000 episodes] ε: 0.0100, Best: 17.12, Avg: 16.69, Steps: 300
DEBUG:simulator.py:[Training 945/1000 episodes] ε: 0.0100, Best: 17.12, Avg: 16.76, Steps: 300
DEBUG:simulator.py:[Training 946/1000 episodes] ε: 0.0100, Best: 17.12, Avg: 16.85, Steps: 300
DEBUG:simulator.py:[Training 947/1000 episodes] ε: 0.0100, Best: 17.12, Avg: 16.87, Steps: 300
DEBUG:simulator.py:[Training 948/1000 episodes] ε: 0.0100, Best: 17.12, Avg: 16.87, Steps: 300
DEBUG:simulator.py:[Training 949/1000 episodes] ε: 0.0100, Best: 17.12, Avg: 16.86, Steps: 300
DEBUG:simulator.py:[Training 950/1000 episodes] ε: 0.0100, Best: 17.12, Avg: 16.81, Steps: 300
DEBUG:simulator.py:[Training 951/1000 episodes] ε: 0.0100, Best: 17.12, Avg: 16.83, Steps: 300
DEBUG:simulator.py:[Training 952/1000 episodes] ε: 0.0100, Best: 17.12, Avg: 16.88, Steps: 300
DEBUG:simulator.py:[Training 953/1000 episodes] ε: 0.0100, Best: 17.12, Avg: 16.85, Steps: 300
DEBUG:simulator.py:[Training 954/1000 episodes] ε: 0.0100, Best: 17.12, Avg: 16.83, Steps: 300
DEBUG:simulator.py:[Training 955/1000 episodes] ε: 0.0100, Best: 17.12, Avg: 16.81, Steps: 300
DEBUG:simulator.py:[Training 956/1000 episodes] ε: 0.0100, Best: 17.12, Avg: 16.79, Steps: 300
DEBUG:simulator.py:[Training 957/1000 episodes] ε: 0.0100, Best: 17.12, Avg: 16.84, Steps: 300
DEBUG:simulator.py:[Training 958/1000 episodes] ε: 0.0100, Best: 17.12, Avg: 16.92, Steps: 300
DEBUG:simulator.py:[Training 959/1000 episodes] ε: 0.0100, Best: 17.12, Avg: 16.94, Steps: 300
DEBUG:simulator.py:[Training 960/1000 episodes] ε: 0.0100, Best: 17.12, Avg: 16.96, Steps: 300
DEBUG:simulator.py:[Training 961/1000 episodes] ε: 0.0100, Best: 17.12, Avg: 16.97, Steps: 300
DEBUG:simulator.py:[Training 962/1000 episodes] ε: 0.0100, Best: 17.12, Avg: 17.04, Steps: 300
DEBUG:simulator.py:[Training 963/1000 episodes] ε: 0.0100, Best: 17.12, Avg: 16.98, Steps: 300
DEBUG:simulator.py:[Training 964/1000 episodes] ε: 0.0100, Best: 17.12, Avg: 16.98, Steps: 300
DEBUG:simulator.py:[Training 965/1000 episodes] ε: 0.0100, Best: 17.12, Avg: 17.01, Steps: 300
DEBUG:simulator.py:[Training 966/1000 episodes] ε: 0.0100, Best: 17.12, Avg: 17.00, Steps: 300
DEBUG:simulator.py:[Training 967/1000 episodes] ε: 0.0100, Best: 17.12, Avg: 17.02, Steps: 300
DEBUG:simulator.py:[Training 968/1000 episodes] ε: 0.0100, Best: 17.12, Avg: 17.03, Steps: 300
DEBUG:simulator.py:[Training 969/1000 episodes] ε: 0.0100, Best: 17.12, Avg: 17.10, Steps: 300
DEBUG:simulator.py:[Training 970/1000 episodes] ε: 0.0100, Best: 17.16, Avg: 17.16, Steps: 300
DEBUG:simulator.py:[Training 971/1000 episodes] ε: 0.0100, Best: 17.16, Avg: 17.14, Steps: 300
DEBUG:simulator.py:[Training 972/1000 episodes] ε: 0.0100, Best: 17.16, Avg: 17.12, Steps: 300
DEBUG:simulator.py:[Training 973/1000 episodes] ε: 0.0100, Best: 17.16, Avg: 17.09, Steps: 300
DEBUG:simulator.py:[Training 974/1000 episodes] ε: 0.0100, Best: 17.16, Avg: 17.15, Steps: 300
DEBUG:simulator.py:[Training 975/1000 episodes] ε: 0.0100, Best: 17.16, Avg: 17.13, Steps: 300
DEBUG:simulator.py:[Training 976/1000 episodes] ε: 0.0100, Best: 17.19, Avg: 17.19, Steps: 300
DEBUG:simulator.py:[Training 977/1000 episodes] ε: 0.0100, Best: 17.21, Avg: 17.21, Steps: 300
DEBUG:simulator.py:[Training 978/1000 episodes] ε: 0.0100, Best: 17.23, Avg: 17.23, Steps: 300
DEBUG:simulator.py:[Training 979/1000 episodes] ε: 0.0100, Best: 17.23, Avg: 17.20, Steps: 300
DEBUG:simulator.py:[Training 980/1000 episodes] ε: 0.0100, Best: 17.23, Avg: 17.23, Steps: 300
DEBUG:simulator.py:[Training 981/1000 episodes] ε: 0.0100, Best: 17.23, Avg: 17.18, Steps: 300
DEBUG:simulator.py:[Training 982/1000 episodes] ε: 0.0100, Best: 17.23, Avg: 17.23, Steps: 300
DEBUG:simulator.py:[Training 983/1000 episodes] ε: 0.0100, Best: 17.23, Avg: 17.15, Steps: 300
DEBUG:simulator.py:[Training 984/1000 episodes] ε: 0.0100, Best: 17.23, Avg: 17.13, Steps: 300
DEBUG:simulator.py:[Training 985/1000 episodes] ε: 0.0100, Best: 17.23, Avg: 17.17, Steps: 300
DEBUG:simulator.py:[Training 986/1000 episodes] ε: 0.0100, Best: 17.29, Avg: 17.29, Steps: 300
DEBUG:simulator.py:[Training 987/1000 episodes] ε: 0.0100, Best: 17.31, Avg: 17.31, Steps: 300
DEBUG:simulator.py:[Training 988/1000 episodes] ε: 0.0100, Best: 17.31, Avg: 17.25, Steps: 300
DEBUG:simulator.py:[Training 989/1000 episodes] ε: 0.0100, Best: 17.31, Avg: 17.12, Steps: 300
DEBUG:simulator.py:[Training 990/1000 episodes] ε: 0.0100, Best: 17.31, Avg: 17.01, Steps: 300
DEBUG:simulator.py:[Training 991/1000 episodes] ε: 0.0100, Best: 17.31, Avg: 16.91, Steps: 300
DEBUG:simulator.py:[Training 992/1000 episodes] ε: 0.0100, Best: 17.31, Avg: 16.75, Steps: 300
DEBUG:simulator.py:[Training 993/1000 episodes] ε: 0.0100, Best: 17.31, Avg: 16.77, Steps: 300
DEBUG:simulator.py:[Training 994/1000 episodes] ε: 0.0100, Best: 17.31, Avg: 16.80, Steps: 300
DEBUG:simulator.py:[Training 995/1000 episodes] ε: 0.0100, Best: 17.31, Avg: 16.79, Steps: 300
DEBUG:simulator.py:[Training 996/1000 episodes] ε: 0.0100, Best: 17.31, Avg: 16.74, Steps: 300
DEBUG:simulator.py:[Training 997/1000 episodes] ε: 0.0100, Best: 17.31, Avg: 16.72, Steps: 300
DEBUG:simulator.py:[Training 998/1000 episodes] ε: 0.0100, Best: 17.31, Avg: 16.72, Steps: 300
DEBUG:simulator.py:[Training 999/1000 episodes] ε: 0.0100, Best: 17.31, Avg: 16.74, Steps: 300
DEBUG:simulator.py:[Training 1000/1000 episodes] ε: 0.0100, Best: 17.31, Avg: 16.67, Steps: 300
INFO:root:Checkpoint file : checkpoints/banana/banana
INFO:root:Checkpoint saved to : checkpoints/banana/banana.torch.pth
INFO:train.py:Saving scores tsv to : a.tsv
INFO:train.py:Saving plot to : a.png
DEBUG:matplotlib.font_manager:findfont: Matching :family=sans-serif:style=normal:variant=normal:weight=normal:stretch=normal:size=10.0 to DejaVu Sans ('/Users/ritwik/.venv/lib/python3.6/site-packages/matplotlib/mpl-data/fonts/ttf/DejaVuSans.ttf') with score of 0.050000
DEBUG:matplotlib.font_manager:findfont: Matching :family=sans-serif:style=normal:variant=normal:weight=normal:stretch=normal:size=12.0 to DejaVu Sans ('/Users/ritwik/.venv/lib/python3.6/site-packages/matplotlib/mpl-data/fonts/ttf/DejaVuSans.ttf') with score of 0.050000
